#-----------------------------------------------------------
# Vivado v2018.2 (64-bit)
# SW Build 2258646 on Thu Jun 14 20:03:12 MDT 2018
# IP Build 2256618 on Thu Jun 14 22:10:49 MDT 2018
# Start of session at: Fri Mar 29 18:19:01 2019
# Process ID: 7736
# Current directory: C:/Users/sujay/Desktop/ee2026_project/EE2026-Design-Project
# Command line: vivado.exe -gui_launcher_event rodinguilauncherevent6016 C:\Users\sujay\Desktop\ee2026_project\EE2026-Design-Project\Audio_Viz_Project_Template.xpr
# Log file: C:/Users/sujay/Desktop/ee2026_project/EE2026-Design-Project/vivado.log
# Journal file: C:/Users/sujay/Desktop/ee2026_project/EE2026-Design-Project\vivado.jou
#-----------------------------------------------------------
start_gui
open_project C:/Users/sujay/Desktop/ee2026_project/EE2026-Design-Project/Audio_Viz_Project_Template.xpr
INFO: [Project 1-313] Project file moved from 'C:/Users/Rohan/Desktop/Vivado/master/EE2026-Design-Project' since last save.
Scanning sources...
Finished scanning sources
WARNING: [filemgmt 56-2] IPUserFilesDir: Could not find the directory 'C:/Users/sujay/Desktop/ee2026_project/EE2026-Design-Project/Audio_Viz_Project_Template.ip_user_files', nor could it be found using path 'C:/Users/Rohan/Desktop/Vivado/master/EE2026-Design-Project/Audio_Viz_Project_Template.ip_user_files'.
INFO: [IP_Flow 19-234] Refreshing IP repositories
INFO: [IP_Flow 19-1704] No user IP repositories specified
INFO: [IP_Flow 19-2313] Loaded Vivado IP repository 'D:/Xilinx/Vivado/2018.2/data/ip'.
open_project: Time (s): cpu = 00:00:15 ; elapsed = 00:00:15 . Memory (MB): peak = 765.727 ; gain = 79.957
exit
INFO: [Common 17-206] Exiting Vivado at Fri Mar 29 18:48:38 2019...
