#-----------------------------------------------------------
# Vivado v2018.2 (64-bit)
# SW Build 2258646 on Thu Jun 14 20:03:12 MDT 2018
# IP Build 2256618 on Thu Jun 14 22:10:49 MDT 2018
# Start of session at: Thu Mar 21 13:19:16 2019
# Process ID: 4680
# Current directory: C:/Users/sujay/Desktop/ee2026_project/ee2026 offline copy/Audio_Viz_Project_Template.xpr/Audio_Viz_Project_Template
# Command line: vivado.exe -gui_launcher_event rodinguilauncherevent2340 C:\Users\sujay\Desktop\ee2026_project\ee2026 offline copy\Audio_Viz_Project_Template.xpr\Audio_Viz_Project_Template\Audio_Viz_Project_Template.xpr
# Log file: C:/Users/sujay/Desktop/ee2026_project/ee2026 offline copy/Audio_Viz_Project_Template.xpr/Audio_Viz_Project_Template/vivado.log
# Journal file: C:/Users/sujay/Desktop/ee2026_project/ee2026 offline copy/Audio_Viz_Project_Template.xpr/Audio_Viz_Project_Template\vivado.jou
#-----------------------------------------------------------
ststart_guopopen_project {C:/Users/sujay/Desktop/ee2026_project/ee2026 offline copy/Audio_Viz_Project_Template.xpr/Audio_Viz_Project_Template/Audio_Viz_Project_Template.xprININFO: [ProjectBase 1-489] The host OS only allows 260 characters in a normal path. The project is stored in a path with more than 80 characters. If you experience issues with IP, Block Designs, or files not being found, please consider moving the project to a location with a shorter path. Alternately consider using the OS subst command to map part of the path to a drive letter.
Current project path is 'C:/Users/sujay/Desktop/ee2026_project/ee2026 offline copy/Audio_Viz_Project_Template.xpr/Audio_Viz_Project_TemplateININFO: [Project 1-313] Project file moved from 'C:/Users/sujay/Desktop/ee2026/Audio_Viz_Project_Template.xpr/Audio_Viz_Project_Template' since last saveScanning sources...
Finished scanning sources
WAWARNING: [filemgmt 56-2] IPUserFilesDir: Could not find the directory 'C:/Users/sujay/Desktop/ee2026_project/ee2026 offline copy/Audio_Viz_Project_Template.xpr/Audio_Viz_Project_Template/Audio_Viz_Project_Template.ip_user_files', nor could it be found using path 'C:/Users/sujay/Desktop/ee2026/Audio_Viz_Project_Template.xpr/Audio_Viz_Project_Template/Audio_Viz_Project_Template.ip_user_files'INFO: [IP_Flow 19-234] Refreshing IP repositories
INFO: [IP_Flow 19-1704] No user IP repositories specified
INFO: [IP_Flow 19-2313] Loaded Vivado IP repository 'D:/Xilinx/Vivado/2018.2/data/ip'.
open_project: Time (s): cpu = 00:00:15 ; elapsed = 00:00:17 . Memory (MB): peak = 819.152 ; gain = 132.047
exit
INFO: [Common 17-206] Exiting Vivado at Thu Mar 21 13:25:37 2019...
.
