#-----------------------------------------------------------
# Vivado v2018.2 (64-bit)
# SW Build 2258646 on Thu Jun 14 20:03:12 MDT 2018
# IP Build 2256618 on Thu Jun 14 22:10:49 MDT 2018
# Start of session at: Sat Mar 30 02:31:20 2019
# Process ID: 8332
# Current directory: C:/Users/sujay/Desktop/ee2026_project/ee2026 offline copy/Audio_Viz_Project_Template.xpr/Audio_Viz_Project_Template
# Command line: vivado.exe -gui_launcher_event rodinguilauncherevent16536 C:\Users\sujay\Desktop\ee2026_project\ee2026 offline copy\Audio_Viz_Project_Template.xpr\Audio_Viz_Project_Template\Audio_Viz_Project_Template.xpr
# Log file: C:/Users/sujay/Desktop/ee2026_project/ee2026 offline copy/Audio_Viz_Project_Template.xpr/Audio_Viz_Project_Template/vivado.log
# Journal file: C:/Users/sujay/Desktop/ee2026_project/ee2026 offline copy/Audio_Viz_Project_Template.xpr/Audio_Viz_Project_Template\vivado.jou
#-----------------------------------------------------------
start_gui
open_project {C:/Users/sujay/Desktop/ee2026_project/ee2026 offline copy/Audio_Viz_Project_Template.xpr/Audio_Viz_Project_Template/Audio_Viz_Project_Template.xpr}
INFO: [ProjectBase 1-489] The host OS only allows 260 characters in a normal path. The project is stored in a path with more than 80 characters. If you experience issues with IP, Block Designs, or files not being found, please consider moving the project to a location with a shorter path. Alternately consider using the OS subst command to map part of the path to a drive letter.
Current project path is 'C:/Users/sujay/Desktop/ee2026_project/ee2026 offline copy/Audio_Viz_Project_Template.xpr/Audio_Viz_Project_Template'
CRITICAL WARNING: [Project 1-19] Could not find the file 'C:/Users/sujay/Desktop/VGA-Text-Generator-master/VGA-Text-Generator-master/VGA-Text-Generator.srcs/sources_1/new/Pixel_On_Text.vhd'.
CRITICAL WARNING: [Project 1-19] Could not find the file 'C:/Users/sujay/Desktop/VGA-Text-Generator-master/VGA-Text-Generator-master/VGA-Text-Generator.srcs/sources_1/new/Font_Rom.vhd'.
CRITICAL WARNING: [Project 1-19] Could not find the file 'C:/Users/sujay/Desktop/VGA-Text-Generator-master/VGA-Text-Generator-master/VGA-Text-Generator.srcs/sources_1/new/Pixel_On_Text2.vhd'.
CRITICAL WARNING: [Project 1-19] Could not find the file 'C:/Users/sujay/Desktop/VGA-Text-Generator-master/VGA-Text-Generator-master/VGA-Text-Generator.srcs/sources_1/new/commonPak.vhd'.
CRITICAL WARNING: [Project 1-19] Could not find the file 'C:/Users/sujay/Desktop/VGA-Text-Generator-master/VGA-Text-Generator-master/VGA-Text-Generator.srcs/sources_1/new/wrapper.vhd'.
Scanning sources...
Finished scanning sources
INFO: [IP_Flow 19-234] Refreshing IP repositories
INFO: [IP_Flow 19-1704] No user IP repositories specified
INFO: [IP_Flow 19-2313] Loaded Vivado IP repository 'D:/Xilinx/Vivado/2018.2/data/ip'.
open_project: Time (s): cpu = 00:00:14 ; elapsed = 00:00:07 . Memory (MB): peak = 897.582 ; gain = 158.816
export_ip_user_files -of_objects  [get_files C:/Users/sujay/Desktop/VGA-Text-Generator-master/VGA-Text-Generator-master/VGA-Text-Generator.srcs/sources_1/new/wrapper.vhd] -no_script -reset -force -quiet
remove_files  C:/Users/sujay/Desktop/VGA-Text-Generator-master/VGA-Text-Generator-master/VGA-Text-Generator.srcs/sources_1/new/wrapper.vhd
export_ip_user_files -of_objects  [get_files C:/Users/sujay/Desktop/VGA-Text-Generator-master/VGA-Text-Generator-master/VGA-Text-Generator.srcs/sources_1/new/Font_Rom.vhd] -no_script -reset -force -quiet
export_ip_user_files -of_objects  [get_files C:/Users/sujay/Desktop/VGA-Text-Generator-master/VGA-Text-Generator-master/VGA-Text-Generator.srcs/sources_1/new/Pixel_On_Text.vhd] -no_script -reset -force -quiet
export_ip_user_files -of_objects  [get_files C:/Users/sujay/Desktop/VGA-Text-Generator-master/VGA-Text-Generator-master/VGA-Text-Generator.srcs/sources_1/new/Pixel_On_Text2.vhd] -no_script -reset -force -quiet
export_ip_user_files -of_objects  [get_files C:/Users/sujay/Desktop/VGA-Text-Generator-master/VGA-Text-Generator-master/VGA-Text-Generator.srcs/sources_1/new/commonPak.vhd] -no_script -reset -force -quiet
remove_files  {C:/Users/sujay/Desktop/VGA-Text-Generator-master/VGA-Text-Generator-master/VGA-Text-Generator.srcs/sources_1/new/Font_Rom.vhd C:/Users/sujay/Desktop/VGA-Text-Generator-master/VGA-Text-Generator-master/VGA-Text-Generator.srcs/sources_1/new/Pixel_On_Text.vhd C:/Users/sujay/Desktop/VGA-Text-Generator-master/VGA-Text-Generator-master/VGA-Text-Generator.srcs/sources_1/new/Pixel_On_Text2.vhd C:/Users/sujay/Desktop/VGA-Text-Generator-master/VGA-Text-Generator-master/VGA-Text-Generator.srcs/sources_1/new/commonPak.vhd}
add_files {{C:/Users/sujay/Desktop/ee2026_project/ee2026 offline copy/Audio_Viz_Project_Template.xpr/Audio_Viz_Project_Template/VGA-Text-Generator-master/VGA-Text-Generator-master/VGA-Text-Generator.srcs/sources_1/new/Font_Rom.vhd} {C:/Users/sujay/Desktop/ee2026_project/ee2026 offline copy/Audio_Viz_Project_Template.xpr/Audio_Viz_Project_Template/VGA-Text-Generator-master/VGA-Text-Generator-master/VGA-Text-Generator.srcs/sources_1/new/commonPak.vhd} {C:/Users/sujay/Desktop/ee2026_project/ee2026 offline copy/Audio_Viz_Project_Template.xpr/Audio_Viz_Project_Template/VGA-Text-Generator-master/VGA-Text-Generator-master/VGA-Text-Generator.srcs/sources_1/new/Pixel_On_Text2.vhd} {C:/Users/sujay/Desktop/ee2026_project/ee2026 offline copy/Audio_Viz_Project_Template.xpr/Audio_Viz_Project_Template/VGA-Text-Generator-master/VGA-Text-Generator-master/VGA-Text-Generator.srcs/sources_1/new/wrapper.vhd} {C:/Users/sujay/Desktop/ee2026_project/ee2026 offline copy/Audio_Viz_Project_Template.xpr/Audio_Viz_Project_Template/VGA-Text-Generator-master/VGA-Text-Generator-master/VGA-Text-Generator.srcs/sources_1/new/Pixel_On_Text.vhd}}
export_ip_user_files -of_objects  [get_files {{C:/Users/sujay/Desktop/ee2026_project/ee2026 offline copy/Audio_Viz_Project_Template.xpr/Audio_Viz_Project_Template/VGA-Text-Generator-master/VGA-Text-Generator-master/VGA-Text-Generator.srcs/sources_1/new/wrapper.vhd}}] -no_script -reset -force -quiet
remove_files  {{C:/Users/sujay/Desktop/ee2026_project/ee2026 offline copy/Audio_Viz_Project_Template.xpr/Audio_Viz_Project_Template/VGA-Text-Generator-master/VGA-Text-Generator-master/VGA-Text-Generator.srcs/sources_1/new/wrapper.vhd}}
export_ip_user_files -of_objects  [get_files {{C:/Users/sujay/Desktop/ee2026_project/ee2026 offline copy/Audio_Viz_Project_Template.xpr/Audio_Viz_Project_Template/VGA-Text-Generator-master/VGA-Text-Generator-master/VGA-Text-Generator.srcs/sources_1/new/Pixel_On_Text.vhd}}] -no_script -reset -force -quiet
remove_files  {{C:/Users/sujay/Desktop/ee2026_project/ee2026 offline copy/Audio_Viz_Project_Template.xpr/Audio_Viz_Project_Template/VGA-Text-Generator-master/VGA-Text-Generator-master/VGA-Text-Generator.srcs/sources_1/new/Pixel_On_Text.vhd}}
export_ip_user_files -of_objects  [get_files {{C:/Users/sujay/Desktop/ee2026_project/ee2026 offline copy/Audio_Viz_Project_Template.xpr/Audio_Viz_Project_Template/VGA-Text-Generator-master/VGA-Text-Generator-master/VGA-Text-Generator.srcs/sources_1/new/Pixel_On_Text2.vhd}}] -no_script -reset -force -quiet
remove_files  {{C:/Users/sujay/Desktop/ee2026_project/ee2026 offline copy/Audio_Viz_Project_Template.xpr/Audio_Viz_Project_Template/VGA-Text-Generator-master/VGA-Text-Generator-master/VGA-Text-Generator.srcs/sources_1/new/Pixel_On_Text2.vhd}}
export_ip_user_files -of_objects  [get_files {{C:/Users/sujay/Desktop/ee2026_project/ee2026 offline copy/Audio_Viz_Project_Template.xpr/Audio_Viz_Project_Template/VGA-Text-Generator-master/VGA-Text-Generator-master/VGA-Text-Generator.srcs/sources_1/new/Font_Rom.vhd}}] -no_script -reset -force -quiet
remove_files  {{C:/Users/sujay/Desktop/ee2026_project/ee2026 offline copy/Audio_Viz_Project_Template.xpr/Audio_Viz_Project_Template/VGA-Text-Generator-master/VGA-Text-Generator-master/VGA-Text-Generator.srcs/sources_1/new/Font_Rom.vhd}}
add_files -scan_for_includes {{C:/Users/sujay/Desktop/ee2026_project/ee2026 offline copy/Audio_Viz_Project_Template.xpr/Audio_Viz_Project_Template/VGA-Text-Generator-master/VGA-Text-Generator-master/VGA-Text-Generator.srcs/sources_1/new/Font_Rom.vhd} {C:/Users/sujay/Desktop/ee2026_project/ee2026 offline copy/Audio_Viz_Project_Template.xpr/Audio_Viz_Project_Template/VGA-Text-Generator-master/VGA-Text-Generator-master/VGA-Text-Generator.srcs/sources_1/new/commonPak.vhd} {C:/Users/sujay/Desktop/ee2026_project/ee2026 offline copy/Audio_Viz_Project_Template.xpr/Audio_Viz_Project_Template/VGA-Text-Generator-master/VGA-Text-Generator-master/VGA-Text-Generator.srcs/sources_1/new/Pixel_On_Text2.vhd} {C:/Users/sujay/Desktop/ee2026_project/ee2026 offline copy/Audio_Viz_Project_Template.xpr/Audio_Viz_Project_Template/VGA-Text-Generator-master/VGA-Text-Generator-master/VGA-Text-Generator.srcs/sources_1/new/wrapper.vhd} {C:/Users/sujay/Desktop/ee2026_project/ee2026 offline copy/Audio_Viz_Project_Template.xpr/Audio_Viz_Project_Template/VGA-Text-Generator-master/VGA-Text-Generator-master/VGA-Text-Generator.srcs/sources_1/new/Pixel_On_Text.vhd}}
WARNING: [filemgmt 56-12] File 'C:/Users/sujay/Desktop/ee2026_project/ee2026 offline copy/Audio_Viz_Project_Template.xpr/Audio_Viz_Project_Template/VGA-Text-Generator-master/VGA-Text-Generator-master/VGA-Text-Generator.srcs/sources_1/new/commonPak.vhd' cannot be added to the project because it already exists in the project, skipping this file
import_files {{C:/Users/sujay/Desktop/ee2026_project/ee2026 offline copy/Audio_Viz_Project_Template.xpr/Audio_Viz_Project_Template/VGA-Text-Generator-master/VGA-Text-Generator-master/VGA-Text-Generator.srcs/sources_1/new/Font_Rom.vhd} {C:/Users/sujay/Desktop/ee2026_project/ee2026 offline copy/Audio_Viz_Project_Template.xpr/Audio_Viz_Project_Template/VGA-Text-Generator-master/VGA-Text-Generator-master/VGA-Text-Generator.srcs/sources_1/new/commonPak.vhd} {C:/Users/sujay/Desktop/ee2026_project/ee2026 offline copy/Audio_Viz_Project_Template.xpr/Audio_Viz_Project_Template/VGA-Text-Generator-master/VGA-Text-Generator-master/VGA-Text-Generator.srcs/sources_1/new/Pixel_On_Text2.vhd} {C:/Users/sujay/Desktop/ee2026_project/ee2026 offline copy/Audio_Viz_Project_Template.xpr/Audio_Viz_Project_Template/VGA-Text-Generator-master/VGA-Text-Generator-master/VGA-Text-Generator.srcs/sources_1/new/wrapper.vhd} {C:/Users/sujay/Desktop/ee2026_project/ee2026 offline copy/Audio_Viz_Project_Template.xpr/Audio_Viz_Project_Template/VGA-Text-Generator-master/VGA-Text-Generator-master/VGA-Text-Generator.srcs/sources_1/new/Pixel_On_Text.vhd}}
exit
INFO: [Common 17-206] Exiting Vivado at Sat Mar 30 02:36:20 2019...
