#-----------------------------------------------------------
# Vivado v2016.2 (64-bit)
# SW Build 1577090 on Thu Jun  2 16:32:40 MDT 2016
# IP Build 1577682 on Fri Jun  3 12:00:54 MDT 2016
# Start of session at: Mon Mar 11 20:34:48 2019
# Process ID: 13776
# Current directory: C:/Users/elechuad/Desktop/EE2026 AY18-19 SEM2/Project/Voice_Scope_Project_Template.xpr/Voice_Scope_Project_Template
# Command line: vivado.exe -gui_launcher_event rodinguilauncherevent5416 C:\Users\elechuad\Desktop\EE2026 AY18-19 SEM2\Project\Voice_Scope_Project_Template.xpr\Voice_Scope_Project_Template\Voice_Scope_Project_Template.xpr
# Log file: C:/Users/elechuad/Desktop/EE2026 AY18-19 SEM2/Project/Voice_Scope_Project_Template.xpr/Voice_Scope_Project_Template/vivado.log
# Journal file: C:/Users/elechuad/Desktop/EE2026 AY18-19 SEM2/Project/Voice_Scope_Project_Template.xpr/Voice_Scope_Project_Template\vivado.jou
#-----------------------------------------------------------
start_gui
open_project {C:/Users/elechuad/Desktop/EE2026 AY18-19 SEM2/Project/Voice_Scope_Project_Template.xpr/Voice_Scope_Project_Template/Voice_Scope_Project_Template.xpr}
INFO: [ProjectBase 1-489] The host OS only allows 260 characters in a normal path. The project is stored in a path with more than 80 characters. If you experience issues with IP, Block Designs, or files not being found, please consider moving the project to a location with a shorter path. Alternately consider using the OS subst command to map part of the path to a drive letter.
Current project path is 'C:/Users/elechuad/Desktop/EE2026 AY18-19 SEM2/Project/Voice_Scope_Project_Template.xpr/Voice_Scope_Project_Template'
INFO: [Project 1-313] Project file moved from 'C:/Users/elechuad/Desktop/PrjAr/_X_' since last save.
Scanning sources...
Finished scanning sources
WARNING: [filemgmt 56-2] IPUserFilesDir: Could not find the directory 'C:/Users/elechuad/Desktop/EE2026 AY18-19 SEM2/Project/Voice_Scope_Project_Template.xpr/Voice_Scope_Project_Template/Voice_Scope_Project_Template.ip_user_files', nor could it be found using path 'C:/Users/elechuad/Desktop/PrjAr/_X_/Voice_Scope_Project_Template.ip_user_files'.
INFO: [IP_Flow 19-234] Refreshing IP repositories
INFO: [IP_Flow 19-1704] No user IP repositories specified
INFO: [IP_Flow 19-2313] Loaded Vivado IP repository 'C:/Xilinx/Vivado/2016.2/data/ip'.
open_project: Time (s): cpu = 00:00:09 ; elapsed = 00:00:07 . Memory (MB): peak = 733.023 ; gain = 131.438
update_compile_order -fileset sources_1
launch_runs impl_1 -to_step write_bitstream -jobs 2
[Mon Mar 11 20:36:02 2019] Launched synth_1...
Run output will be captured here: C:/Users/elechuad/Desktop/EE2026 AY18-19 SEM2/Project/Voice_Scope_Project_Template.xpr/Voice_Scope_Project_Template/Voice_Scope_Project_Template.runs/synth_1/runme.log
[Mon Mar 11 20:36:02 2019] Launched impl_1...
Run output will be captured here: C:/Users/elechuad/Desktop/EE2026 AY18-19 SEM2/Project/Voice_Scope_Project_Template.xpr/Voice_Scope_Project_Template/Voice_Scope_Project_Template.runs/impl_1/runme.log
save_project_as template_dj {C:/Users/elechuad/Desktop/EE2026 AY18-19 SEM2/Project/Voice_Scope_Project_Template.xpr/template_dj} -force
INFO: [ProjectBase 1-489] The host OS only allows 260 characters in a normal path. The project is stored in a path with more than 80 characters. If you experience issues with IP, Block Designs, or files not being found, please consider moving the project to a location with a shorter path. Alternately consider using the OS subst command to map part of the path to a drive letter.
Current project path is 'C:/Users/elechuad/Desktop/EE2026 AY18-19 SEM2/Project/Voice_Scope_Project_Template.xpr/template_dj'
import_files
INFO: [filemgmt 20-334] All file(s) are already imported in fileset: 'constrs_1'
INFO: [filemgmt 20-348] Importing the appropriate files for fileset: 'constrs_1'
INFO: [filemgmt 20-348] Importing the appropriate files for fileset: 'sources_1'
reset_run synth_1
launch_runs impl_1 -to_step write_bitstream -jobs 2
[Mon Mar 11 20:41:46 2019] Launched synth_1...
Run output will be captured here: C:/Users/elechuad/Desktop/EE2026 AY18-19 SEM2/Project/Voice_Scope_Project_Template.xpr/template_dj/template_dj.runs/synth_1/runme.log
[Mon Mar 11 20:41:46 2019] Launched impl_1...
Run output will be captured here: C:/Users/elechuad/Desktop/EE2026 AY18-19 SEM2/Project/Voice_Scope_Project_Template.xpr/template_dj/template_dj.runs/impl_1/runme.log
update_compile_order -fileset sources_1
set_property source_mgmt_mode DisplayOnly [current_project]
reset_run synth_1
launch_runs impl_1 -to_step write_bitstream -jobs 2
[Mon Mar 11 20:44:14 2019] Launched synth_1...
Run output will be captured here: C:/Users/elechuad/Desktop/EE2026 AY18-19 SEM2/Project/Voice_Scope_Project_Template.xpr/template_dj/template_dj.runs/synth_1/runme.log
[Mon Mar 11 20:44:14 2019] Launched impl_1...
Run output will be captured here: C:/Users/elechuad/Desktop/EE2026 AY18-19 SEM2/Project/Voice_Scope_Project_Template.xpr/template_dj/template_dj.runs/impl_1/runme.log
reset_run synth_1
launch_runs impl_1 -to_step write_bitstream -jobs 2
[Mon Mar 11 20:47:08 2019] Launched synth_1...
Run output will be captured here: C:/Users/elechuad/Desktop/EE2026 AY18-19 SEM2/Project/Voice_Scope_Project_Template.xpr/template_dj/template_dj.runs/synth_1/runme.log
[Mon Mar 11 20:47:08 2019] Launched impl_1...
Run output will be captured here: C:/Users/elechuad/Desktop/EE2026 AY18-19 SEM2/Project/Voice_Scope_Project_Template.xpr/template_dj/template_dj.runs/impl_1/runme.log
open_hw
connect_hw_server
INFO: [Labtools 27-2285] Connecting to hw_server url TCP:localhost:3121
open_hw_target
INFO: [Labtoolstcl 44-466] Opening hw_target localhost:3121/xilinx_tcf/Digilent/210183712171A
set_property PROGRAM.FILE {C:/Users/elechuad/Desktop/EE2026 AY18-19 SEM2/Project/Voice_Scope_Project_Template.xpr/template_dj/template_dj.runs/impl_1/Voice_Scope_TOP.bit} [lindex [get_hw_devices] 0]
current_hw_device [lindex [get_hw_devices] 0]
refresh_hw_device -update_hw_probes false [lindex [get_hw_devices] 0]
INFO: [Labtools 27-1434] Device xc7a35t (JTAG device index = 0) is programmed with a design that has no supported debug core(s) in it.
WARNING: [Labtools 27-3123] The debug hub core was not detected at User Scan Chain 1 or 3.
Resolution: 
1. Make sure the clock connected to the debug hub (dbg_hub) core is a free running clock and is active OR
2. Manually launch hw_server with -e "set xsdb-user-bscan <C_USER_SCAN_CHAIN scan_chain_number>" to detect the debug hub at User Scan Chain of 2 or 4. To determine the user scan chain setting, open the implemented design and use: get_property C_USER_SCAN_CHAIN [get_debug_cores dbg_hub].
set_property PROBES.FILE {} [lindex [get_hw_devices] 0]
set_property PROGRAM.FILE {C:/Users/elechuad/Desktop/EE2026 AY18-19 SEM2/Project/Voice_Scope_Project_Template.xpr/template_dj/template_dj.runs/impl_1/Voice_Scope_TOP.bit} [lindex [get_hw_devices] 0]
program_hw_devices [lindex [get_hw_devices] 0]
INFO: [Labtools 27-3164] End of startup status: HIGH
refresh_hw_device [lindex [get_hw_devices] 0]
INFO: [Labtools 27-1434] Device xc7a35t (JTAG device index = 0) is programmed with a design that has no supported debug core(s) in it.
WARNING: [Labtools 27-3123] The debug hub core was not detected at User Scan Chain 1 or 3.
Resolution: 
1. Make sure the clock connected to the debug hub (dbg_hub) core is a free running clock and is active OR
2. Manually launch hw_server with -e "set xsdb-user-bscan <C_USER_SCAN_CHAIN scan_chain_number>" to detect the debug hub at User Scan Chain of 2 or 4. To determine the user scan chain setting, open the implemented design and use: get_property C_USER_SCAN_CHAIN [get_debug_cores dbg_hub].
reset_run synth_1
launch_runs impl_1 -to_step write_bitstream -jobs 2
[Mon Mar 11 20:51:48 2019] Launched synth_1...
Run output will be captured here: C:/Users/elechuad/Desktop/EE2026 AY18-19 SEM2/Project/Voice_Scope_Project_Template.xpr/template_dj/template_dj.runs/synth_1/runme.log
[Mon Mar 11 20:51:48 2019] Launched impl_1...
Run output will be captured here: C:/Users/elechuad/Desktop/EE2026 AY18-19 SEM2/Project/Voice_Scope_Project_Template.xpr/template_dj/template_dj.runs/impl_1/runme.log
reset_run synth_1
launch_runs impl_1 -to_step write_bitstream -jobs 2
[Mon Mar 11 20:54:57 2019] Launched synth_1...
Run output will be captured here: C:/Users/elechuad/Desktop/EE2026 AY18-19 SEM2/Project/Voice_Scope_Project_Template.xpr/template_dj/template_dj.runs/synth_1/runme.log
[Mon Mar 11 20:54:57 2019] Launched impl_1...
Run output will be captured here: C:/Users/elechuad/Desktop/EE2026 AY18-19 SEM2/Project/Voice_Scope_Project_Template.xpr/template_dj/template_dj.runs/impl_1/runme.log
set_property PROBES.FILE {} [lindex [get_hw_devices] 0]
set_property PROGRAM.FILE {C:/Users/elechuad/Desktop/EE2026 AY18-19 SEM2/Project/Voice_Scope_Project_Template.xpr/template_dj/template_dj.runs/impl_1/Voice_Scope_TOP.bit} [lindex [get_hw_devices] 0]
program_hw_devices [lindex [get_hw_devices] 0]
INFO: [Labtools 27-3164] End of startup status: HIGH
refresh_hw_device [lindex [get_hw_devices] 0]
INFO: [Labtools 27-1434] Device xc7a35t (JTAG device index = 0) is programmed with a design that has no supported debug core(s) in it.
WARNING: [Labtools 27-3123] The debug hub core was not detected at User Scan Chain 1 or 3.
Resolution: 
1. Make sure the clock connected to the debug hub (dbg_hub) core is a free running clock and is active OR
2. Manually launch hw_server with -e "set xsdb-user-bscan <C_USER_SCAN_CHAIN scan_chain_number>" to detect the debug hub at User Scan Chain of 2 or 4. To determine the user scan chain setting, open the implemented design and use: get_property C_USER_SCAN_CHAIN [get_debug_cores dbg_hub].
set_property PROBES.FILE {} [lindex [get_hw_devices] 0]
set_property PROGRAM.FILE {C:/Users/elechuad/Desktop/EE2026 AY18-19 SEM2/Project/Voice_Scope_Project_Template.xpr/template_dj/template_dj.runs/impl_1/Voice_Scope_TOP.bit} [lindex [get_hw_devices] 0]
program_hw_devices [lindex [get_hw_devices] 0]
INFO: [Labtools 27-3164] End of startup status: HIGH
refresh_hw_device [lindex [get_hw_devices] 0]
INFO: [Labtools 27-1434] Device xc7a35t (JTAG device index = 0) is programmed with a design that has no supported debug core(s) in it.
WARNING: [Labtools 27-3123] The debug hub core was not detected at User Scan Chain 1 or 3.
Resolution: 
1. Make sure the clock connected to the debug hub (dbg_hub) core is a free running clock and is active OR
2. Manually launch hw_server with -e "set xsdb-user-bscan <C_USER_SCAN_CHAIN scan_chain_number>" to detect the debug hub at User Scan Chain of 2 or 4. To determine the user scan chain setting, open the implemented design and use: get_property C_USER_SCAN_CHAIN [get_debug_cores dbg_hub].
set_property PROBES.FILE {} [lindex [get_hw_devices] 0]
set_property PROGRAM.FILE {C:/Users/elechuad/Desktop/EE2026 AY18-19 SEM2/Project/Voice_Scope_Project_Template.xpr/template_dj/template_dj.runs/impl_1/Voice_Scope_TOP.bit} [lindex [get_hw_devices] 0]
program_hw_devices [lindex [get_hw_devices] 0]
INFO: [Labtools 27-3164] End of startup status: HIGH
refresh_hw_device [lindex [get_hw_devices] 0]
INFO: [Labtools 27-1434] Device xc7a35t (JTAG device index = 0) is programmed with a design that has no supported debug core(s) in it.
WARNING: [Labtools 27-3123] The debug hub core was not detected at User Scan Chain 1 or 3.
Resolution: 
1. Make sure the clock connected to the debug hub (dbg_hub) core is a free running clock and is active OR
2. Manually launch hw_server with -e "set xsdb-user-bscan <C_USER_SCAN_CHAIN scan_chain_number>" to detect the debug hub at User Scan Chain of 2 or 4. To determine the user scan chain setting, open the implemented design and use: get_property C_USER_SCAN_CHAIN [get_debug_cores dbg_hub].
set_property PROBES.FILE {} [lindex [get_hw_devices] 0]
set_property PROGRAM.FILE {C:/Users/elechuad/Desktop/EE2026 AY18-19 SEM2/Project/Voice_Scope_Project_Template.xpr/template_dj/template_dj.runs/impl_1/Voice_Scope_TOP.bit} [lindex [get_hw_devices] 0]
program_hw_devices [lindex [get_hw_devices] 0]
INFO: [Labtools 27-3164] End of startup status: HIGH
refresh_hw_device [lindex [get_hw_devices] 0]
INFO: [Labtools 27-1434] Device xc7a35t (JTAG device index = 0) is programmed with a design that has no supported debug core(s) in it.
WARNING: [Labtools 27-3123] The debug hub core was not detected at User Scan Chain 1 or 3.
Resolution: 
1. Make sure the clock connected to the debug hub (dbg_hub) core is a free running clock and is active OR
2. Manually launch hw_server with -e "set xsdb-user-bscan <C_USER_SCAN_CHAIN scan_chain_number>" to detect the debug hub at User Scan Chain of 2 or 4. To determine the user scan chain setting, open the implemented design and use: get_property C_USER_SCAN_CHAIN [get_debug_cores dbg_hub].
reset_run synth_1
launch_runs impl_1 -to_step write_bitstream -jobs 2
[Mon Mar 11 21:03:34 2019] Launched synth_1...
Run output will be captured here: C:/Users/elechuad/Desktop/EE2026 AY18-19 SEM2/Project/Voice_Scope_Project_Template.xpr/template_dj/template_dj.runs/synth_1/runme.log
[Mon Mar 11 21:03:34 2019] Launched impl_1...
Run output will be captured here: C:/Users/elechuad/Desktop/EE2026 AY18-19 SEM2/Project/Voice_Scope_Project_Template.xpr/template_dj/template_dj.runs/impl_1/runme.log
set_property PROBES.FILE {} [lindex [get_hw_devices] 0]
set_property PROGRAM.FILE {C:/Users/elechuad/Desktop/EE2026 AY18-19 SEM2/Project/Voice_Scope_Project_Template.xpr/template_dj/template_dj.runs/impl_1/Voice_Scope_TOP.bit} [lindex [get_hw_devices] 0]
program_hw_devices [lindex [get_hw_devices] 0]
INFO: [Labtools 27-3164] End of startup status: HIGH
refresh_hw_device [lindex [get_hw_devices] 0]
INFO: [Labtools 27-1434] Device xc7a35t (JTAG device index = 0) is programmed with a design that has no supported debug core(s) in it.
WARNING: [Labtools 27-3123] The debug hub core was not detected at User Scan Chain 1 or 3.
Resolution: 
1. Make sure the clock connected to the debug hub (dbg_hub) core is a free running clock and is active OR
2. Manually launch hw_server with -e "set xsdb-user-bscan <C_USER_SCAN_CHAIN scan_chain_number>" to detect the debug hub at User Scan Chain of 2 or 4. To determine the user scan chain setting, open the implemented design and use: get_property C_USER_SCAN_CHAIN [get_debug_cores dbg_hub].
reset_run synth_1
launch_runs impl_1 -to_step write_bitstream -jobs 2
[Mon Mar 11 21:06:45 2019] Launched synth_1...
Run output will be captured here: C:/Users/elechuad/Desktop/EE2026 AY18-19 SEM2/Project/Voice_Scope_Project_Template.xpr/template_dj/template_dj.runs/synth_1/runme.log
[Mon Mar 11 21:06:45 2019] Launched impl_1...
Run output will be captured here: C:/Users/elechuad/Desktop/EE2026 AY18-19 SEM2/Project/Voice_Scope_Project_Template.xpr/template_dj/template_dj.runs/impl_1/runme.log
set_property PROBES.FILE {} [lindex [get_hw_devices] 0]
set_property PROGRAM.FILE {C:/Users/elechuad/Desktop/EE2026 AY18-19 SEM2/Project/Voice_Scope_Project_Template.xpr/template_dj/template_dj.runs/impl_1/Voice_Scope_TOP.bit} [lindex [get_hw_devices] 0]
program_hw_devices [lindex [get_hw_devices] 0]
INFO: [Labtools 27-3164] End of startup status: HIGH
refresh_hw_device [lindex [get_hw_devices] 0]
INFO: [Labtools 27-1434] Device xc7a35t (JTAG device index = 0) is programmed with a design that has no supported debug core(s) in it.
WARNING: [Labtools 27-3123] The debug hub core was not detected at User Scan Chain 1 or 3.
Resolution: 
1. Make sure the clock connected to the debug hub (dbg_hub) core is a free running clock and is active OR
2. Manually launch hw_server with -e "set xsdb-user-bscan <C_USER_SCAN_CHAIN scan_chain_number>" to detect the debug hub at User Scan Chain of 2 or 4. To determine the user scan chain setting, open the implemented design and use: get_property C_USER_SCAN_CHAIN [get_debug_cores dbg_hub].
reset_run synth_1
launch_runs impl_1 -to_step write_bitstream -jobs 2
[Mon Mar 11 21:12:31 2019] Launched synth_1...
Run output will be captured here: C:/Users/elechuad/Desktop/EE2026 AY18-19 SEM2/Project/Voice_Scope_Project_Template.xpr/template_dj/template_dj.runs/synth_1/runme.log
[Mon Mar 11 21:12:31 2019] Launched impl_1...
Run output will be captured here: C:/Users/elechuad/Desktop/EE2026 AY18-19 SEM2/Project/Voice_Scope_Project_Template.xpr/template_dj/template_dj.runs/impl_1/runme.log
set_property PROBES.FILE {} [lindex [get_hw_devices] 0]
set_property PROGRAM.FILE {C:/Users/elechuad/Desktop/EE2026 AY18-19 SEM2/Project/Voice_Scope_Project_Template.xpr/template_dj/template_dj.runs/impl_1/Voice_Scope_TOP.bit} [lindex [get_hw_devices] 0]
program_hw_devices [lindex [get_hw_devices] 0]
INFO: [Labtools 27-3164] End of startup status: HIGH
refresh_hw_device [lindex [get_hw_devices] 0]
INFO: [Labtools 27-1434] Device xc7a35t (JTAG device index = 0) is programmed with a design that has no supported debug core(s) in it.
WARNING: [Labtools 27-3123] The debug hub core was not detected at User Scan Chain 1 or 3.
Resolution: 
1. Make sure the clock connected to the debug hub (dbg_hub) core is a free running clock and is active OR
2. Manually launch hw_server with -e "set xsdb-user-bscan <C_USER_SCAN_CHAIN scan_chain_number>" to detect the debug hub at User Scan Chain of 2 or 4. To determine the user scan chain setting, open the implemented design and use: get_property C_USER_SCAN_CHAIN [get_debug_cores dbg_hub].
reset_run impl_1 -prev_step 
launch_runs impl_1 -to_step write_bitstream -jobs 2
[Mon Mar 11 21:15:50 2019] Launched impl_1...
Run output will be captured here: C:/Users/elechuad/Desktop/EE2026 AY18-19 SEM2/Project/Voice_Scope_Project_Template.xpr/template_dj/template_dj.runs/impl_1/runme.log
set_property PROBES.FILE {} [lindex [get_hw_devices] 0]
set_property PROGRAM.FILE {C:/Users/elechuad/Desktop/EE2026 AY18-19 SEM2/Project/Voice_Scope_Project_Template.xpr/template_dj/template_dj.runs/impl_1/Voice_Scope_TOP.bit} [lindex [get_hw_devices] 0]
program_hw_devices [lindex [get_hw_devices] 0]
INFO: [Labtools 27-3164] End of startup status: HIGH
refresh_hw_device [lindex [get_hw_devices] 0]
INFO: [Labtools 27-1434] Device xc7a35t (JTAG device index = 0) is programmed with a design that has no supported debug core(s) in it.
WARNING: [Labtools 27-3123] The debug hub core was not detected at User Scan Chain 1 or 3.
Resolution: 
1. Make sure the clock connected to the debug hub (dbg_hub) core is a free running clock and is active OR
2. Manually launch hw_server with -e "set xsdb-user-bscan <C_USER_SCAN_CHAIN scan_chain_number>" to detect the debug hub at User Scan Chain of 2 or 4. To determine the user scan chain setting, open the implemented design and use: get_property C_USER_SCAN_CHAIN [get_debug_cores dbg_hub].
reset_run synth_1
launch_runs impl_1 -to_step write_bitstream -jobs 2
[Mon Mar 11 21:18:19 2019] Launched synth_1...
Run output will be captured here: C:/Users/elechuad/Desktop/EE2026 AY18-19 SEM2/Project/Voice_Scope_Project_Template.xpr/template_dj/template_dj.runs/synth_1/runme.log
[Mon Mar 11 21:18:19 2019] Launched impl_1...
Run output will be captured here: C:/Users/elechuad/Desktop/EE2026 AY18-19 SEM2/Project/Voice_Scope_Project_Template.xpr/template_dj/template_dj.runs/impl_1/runme.log
set_property PROBES.FILE {} [lindex [get_hw_devices] 0]
set_property PROGRAM.FILE {C:/Users/elechuad/Desktop/EE2026 AY18-19 SEM2/Project/Voice_Scope_Project_Template.xpr/template_dj/template_dj.runs/impl_1/Voice_Scope_TOP.bit} [lindex [get_hw_devices] 0]
program_hw_devices [lindex [get_hw_devices] 0]
INFO: [Labtools 27-3164] End of startup status: HIGH
refresh_hw_device [lindex [get_hw_devices] 0]
INFO: [Labtools 27-1434] Device xc7a35t (JTAG device index = 0) is programmed with a design that has no supported debug core(s) in it.
WARNING: [Labtools 27-3123] The debug hub core was not detected at User Scan Chain 1 or 3.
Resolution: 
1. Make sure the clock connected to the debug hub (dbg_hub) core is a free running clock and is active OR
2. Manually launch hw_server with -e "set xsdb-user-bscan <C_USER_SCAN_CHAIN scan_chain_number>" to detect the debug hub at User Scan Chain of 2 or 4. To determine the user scan chain setting, open the implemented design and use: get_property C_USER_SCAN_CHAIN [get_debug_cores dbg_hub].
reset_run synth_1
launch_runs impl_1 -to_step write_bitstream -jobs 2
[Mon Mar 11 21:24:21 2019] Launched synth_1...
Run output will be captured here: C:/Users/elechuad/Desktop/EE2026 AY18-19 SEM2/Project/Voice_Scope_Project_Template.xpr/template_dj/template_dj.runs/synth_1/runme.log
[Mon Mar 11 21:24:22 2019] Launched impl_1...
Run output will be captured here: C:/Users/elechuad/Desktop/EE2026 AY18-19 SEM2/Project/Voice_Scope_Project_Template.xpr/template_dj/template_dj.runs/impl_1/runme.log
reset_run synth_1
launch_runs impl_1 -to_step write_bitstream -jobs 2
[Mon Mar 11 21:26:21 2019] Launched synth_1...
Run output will be captured here: C:/Users/elechuad/Desktop/EE2026 AY18-19 SEM2/Project/Voice_Scope_Project_Template.xpr/template_dj/template_dj.runs/synth_1/runme.log
[Mon Mar 11 21:26:21 2019] Launched impl_1...
Run output will be captured here: C:/Users/elechuad/Desktop/EE2026 AY18-19 SEM2/Project/Voice_Scope_Project_Template.xpr/template_dj/template_dj.runs/impl_1/runme.log
set_property PROBES.FILE {} [lindex [get_hw_devices] 0]
set_property PROGRAM.FILE {C:/Users/elechuad/Desktop/EE2026 AY18-19 SEM2/Project/Voice_Scope_Project_Template.xpr/template_dj/template_dj.runs/impl_1/Voice_Scope_TOP.bit} [lindex [get_hw_devices] 0]
program_hw_devices [lindex [get_hw_devices] 0]
INFO: [Labtools 27-3164] End of startup status: HIGH
refresh_hw_device [lindex [get_hw_devices] 0]
INFO: [Labtools 27-1434] Device xc7a35t (JTAG device index = 0) is programmed with a design that has no supported debug core(s) in it.
WARNING: [Labtools 27-3123] The debug hub core was not detected at User Scan Chain 1 or 3.
Resolution: 
1. Make sure the clock connected to the debug hub (dbg_hub) core is a free running clock and is active OR
2. Manually launch hw_server with -e "set xsdb-user-bscan <C_USER_SCAN_CHAIN scan_chain_number>" to detect the debug hub at User Scan Chain of 2 or 4. To determine the user scan chain setting, open the implemented design and use: get_property C_USER_SCAN_CHAIN [get_debug_cores dbg_hub].
reset_run synth_1
launch_runs impl_1 -to_step write_bitstream -jobs 2
[Mon Mar 11 21:29:24 2019] Launched synth_1...
Run output will be captured here: C:/Users/elechuad/Desktop/EE2026 AY18-19 SEM2/Project/Voice_Scope_Project_Template.xpr/template_dj/template_dj.runs/synth_1/runme.log
[Mon Mar 11 21:29:24 2019] Launched impl_1...
Run output will be captured here: C:/Users/elechuad/Desktop/EE2026 AY18-19 SEM2/Project/Voice_Scope_Project_Template.xpr/template_dj/template_dj.runs/impl_1/runme.log
set_property PROBES.FILE {} [lindex [get_hw_devices] 0]
set_property PROGRAM.FILE {C:/Users/elechuad/Desktop/EE2026 AY18-19 SEM2/Project/Voice_Scope_Project_Template.xpr/template_dj/template_dj.runs/impl_1/Voice_Scope_TOP.bit} [lindex [get_hw_devices] 0]
program_hw_devices [lindex [get_hw_devices] 0]
INFO: [Labtools 27-3164] End of startup status: HIGH
refresh_hw_device [lindex [get_hw_devices] 0]
INFO: [Labtools 27-1434] Device xc7a35t (JTAG device index = 0) is programmed with a design that has no supported debug core(s) in it.
WARNING: [Labtools 27-3123] The debug hub core was not detected at User Scan Chain 1 or 3.
Resolution: 
1. Make sure the clock connected to the debug hub (dbg_hub) core is a free running clock and is active OR
2. Manually launch hw_server with -e "set xsdb-user-bscan <C_USER_SCAN_CHAIN scan_chain_number>" to detect the debug hub at User Scan Chain of 2 or 4. To determine the user scan chain setting, open the implemented design and use: get_property C_USER_SCAN_CHAIN [get_debug_cores dbg_hub].
reset_run synth_1
launch_runs impl_1 -to_step write_bitstream -jobs 2
[Mon Mar 11 21:34:48 2019] Launched synth_1...
Run output will be captured here: C:/Users/elechuad/Desktop/EE2026 AY18-19 SEM2/Project/Voice_Scope_Project_Template.xpr/template_dj/template_dj.runs/synth_1/runme.log
[Mon Mar 11 21:34:48 2019] Launched impl_1...
Run output will be captured here: C:/Users/elechuad/Desktop/EE2026 AY18-19 SEM2/Project/Voice_Scope_Project_Template.xpr/template_dj/template_dj.runs/impl_1/runme.log
reset_run synth_1
launch_runs impl_1 -to_step write_bitstream -jobs 2
[Mon Mar 11 21:37:36 2019] Launched synth_1...
Run output will be captured here: C:/Users/elechuad/Desktop/EE2026 AY18-19 SEM2/Project/Voice_Scope_Project_Template.xpr/template_dj/template_dj.runs/synth_1/runme.log
[Mon Mar 11 21:37:36 2019] Launched impl_1...
Run output will be captured here: C:/Users/elechuad/Desktop/EE2026 AY18-19 SEM2/Project/Voice_Scope_Project_Template.xpr/template_dj/template_dj.runs/impl_1/runme.log
set_property PROBES.FILE {} [lindex [get_hw_devices] 0]
set_property PROGRAM.FILE {C:/Users/elechuad/Desktop/EE2026 AY18-19 SEM2/Project/Voice_Scope_Project_Template.xpr/template_dj/template_dj.runs/impl_1/Voice_Scope_TOP.bit} [lindex [get_hw_devices] 0]
program_hw_devices [lindex [get_hw_devices] 0]
INFO: [Labtools 27-3164] End of startup status: HIGH
refresh_hw_device [lindex [get_hw_devices] 0]
INFO: [Labtools 27-1434] Device xc7a35t (JTAG device index = 0) is programmed with a design that has no supported debug core(s) in it.
WARNING: [Labtools 27-3123] The debug hub core was not detected at User Scan Chain 1 or 3.
Resolution: 
1. Make sure the clock connected to the debug hub (dbg_hub) core is a free running clock and is active OR
2. Manually launch hw_server with -e "set xsdb-user-bscan <C_USER_SCAN_CHAIN scan_chain_number>" to detect the debug hub at User Scan Chain of 2 or 4. To determine the user scan chain setting, open the implemented design and use: get_property C_USER_SCAN_CHAIN [get_debug_cores dbg_hub].
reset_run synth_1
launch_runs impl_1 -to_step write_bitstream -jobs 2
[Mon Mar 11 21:42:13 2019] Launched synth_1...
Run output will be captured here: C:/Users/elechuad/Desktop/EE2026 AY18-19 SEM2/Project/Voice_Scope_Project_Template.xpr/template_dj/template_dj.runs/synth_1/runme.log
[Mon Mar 11 21:42:13 2019] Launched impl_1...
Run output will be captured here: C:/Users/elechuad/Desktop/EE2026 AY18-19 SEM2/Project/Voice_Scope_Project_Template.xpr/template_dj/template_dj.runs/impl_1/runme.log
set_property PROBES.FILE {} [lindex [get_hw_devices] 0]
set_property PROGRAM.FILE {C:/Users/elechuad/Desktop/EE2026 AY18-19 SEM2/Project/Voice_Scope_Project_Template.xpr/template_dj/template_dj.runs/impl_1/Voice_Scope_TOP.bit} [lindex [get_hw_devices] 0]
program_hw_devices [lindex [get_hw_devices] 0]
INFO: [Labtools 27-3164] End of startup status: HIGH
refresh_hw_device [lindex [get_hw_devices] 0]
INFO: [Labtools 27-1434] Device xc7a35t (JTAG device index = 0) is programmed with a design that has no supported debug core(s) in it.
WARNING: [Labtools 27-3123] The debug hub core was not detected at User Scan Chain 1 or 3.
Resolution: 
1. Make sure the clock connected to the debug hub (dbg_hub) core is a free running clock and is active OR
2. Manually launch hw_server with -e "set xsdb-user-bscan <C_USER_SCAN_CHAIN scan_chain_number>" to detect the debug hub at User Scan Chain of 2 or 4. To determine the user scan chain setting, open the implemented design and use: get_property C_USER_SCAN_CHAIN [get_debug_cores dbg_hub].
reset_run synth_1
launch_runs impl_1 -to_step write_bitstream -jobs 2
[Mon Mar 11 21:45:10 2019] Launched synth_1...
Run output will be captured here: C:/Users/elechuad/Desktop/EE2026 AY18-19 SEM2/Project/Voice_Scope_Project_Template.xpr/template_dj/template_dj.runs/synth_1/runme.log
[Mon Mar 11 21:45:10 2019] Launched impl_1...
Run output will be captured here: C:/Users/elechuad/Desktop/EE2026 AY18-19 SEM2/Project/Voice_Scope_Project_Template.xpr/template_dj/template_dj.runs/impl_1/runme.log
set_property PROBES.FILE {} [lindex [get_hw_devices] 0]
set_property PROGRAM.FILE {C:/Users/elechuad/Desktop/EE2026 AY18-19 SEM2/Project/Voice_Scope_Project_Template.xpr/template_dj/template_dj.runs/impl_1/Voice_Scope_TOP.bit} [lindex [get_hw_devices] 0]
program_hw_devices [lindex [get_hw_devices] 0]
INFO: [Labtools 27-3164] End of startup status: HIGH
refresh_hw_device [lindex [get_hw_devices] 0]
INFO: [Labtools 27-1434] Device xc7a35t (JTAG device index = 0) is programmed with a design that has no supported debug core(s) in it.
WARNING: [Labtools 27-3123] The debug hub core was not detected at User Scan Chain 1 or 3.
Resolution: 
1. Make sure the clock connected to the debug hub (dbg_hub) core is a free running clock and is active OR
2. Manually launch hw_server with -e "set xsdb-user-bscan <C_USER_SCAN_CHAIN scan_chain_number>" to detect the debug hub at User Scan Chain of 2 or 4. To determine the user scan chain setting, open the implemented design and use: get_property C_USER_SCAN_CHAIN [get_debug_cores dbg_hub].
reset_run synth_1
launch_runs impl_1 -to_step write_bitstream -jobs 2
[Mon Mar 11 21:48:26 2019] Launched synth_1...
Run output will be captured here: C:/Users/elechuad/Desktop/EE2026 AY18-19 SEM2/Project/Voice_Scope_Project_Template.xpr/template_dj/template_dj.runs/synth_1/runme.log
[Mon Mar 11 21:48:26 2019] Launched impl_1...
Run output will be captured here: C:/Users/elechuad/Desktop/EE2026 AY18-19 SEM2/Project/Voice_Scope_Project_Template.xpr/template_dj/template_dj.runs/impl_1/runme.log
reset_run impl_1 -noclean_dir 
reset_run synth_1
launch_runs impl_1 -to_step write_bitstream -jobs 2
[Mon Mar 11 21:49:38 2019] Launched synth_1...
Run output will be captured here: C:/Users/elechuad/Desktop/EE2026 AY18-19 SEM2/Project/Voice_Scope_Project_Template.xpr/template_dj/template_dj.runs/synth_1/runme.log
[Mon Mar 11 21:49:38 2019] Launched impl_1...
Run output will be captured here: C:/Users/elechuad/Desktop/EE2026 AY18-19 SEM2/Project/Voice_Scope_Project_Template.xpr/template_dj/template_dj.runs/impl_1/runme.log
set_property PROBES.FILE {} [lindex [get_hw_devices] 0]
set_property PROGRAM.FILE {C:/Users/elechuad/Desktop/EE2026 AY18-19 SEM2/Project/Voice_Scope_Project_Template.xpr/template_dj/template_dj.runs/impl_1/Voice_Scope_TOP.bit} [lindex [get_hw_devices] 0]
program_hw_devices [lindex [get_hw_devices] 0]
INFO: [Labtools 27-3164] End of startup status: HIGH
refresh_hw_device [lindex [get_hw_devices] 0]
INFO: [Labtools 27-1434] Device xc7a35t (JTAG device index = 0) is programmed with a design that has no supported debug core(s) in it.
WARNING: [Labtools 27-3123] The debug hub core was not detected at User Scan Chain 1 or 3.
Resolution: 
1. Make sure the clock connected to the debug hub (dbg_hub) core is a free running clock and is active OR
2. Manually launch hw_server with -e "set xsdb-user-bscan <C_USER_SCAN_CHAIN scan_chain_number>" to detect the debug hub at User Scan Chain of 2 or 4. To determine the user scan chain setting, open the implemented design and use: get_property C_USER_SCAN_CHAIN [get_debug_cores dbg_hub].
archive_project C:/Users/elechuad/Desktop/template_dj.xpr.zip -temp_dir C:/Users/elechuad/Desktop -force -exclude_run_results
INFO: [Coretcl 2-137] starting archive...
INFO: [Coretcl 2-1499] Saving project copy to temporary location 'C:/Users/elechuad/Desktop' for archiving project
INFO: [ProjectBase 1-489] The host OS only allows 260 characters in a normal path. The project is stored in a path with more than 80 characters. If you experience issues with IP, Block Designs, or files not being found, please consider moving the project to a location with a shorter path. Alternately consider using the OS subst command to map part of the path to a drive letter.
Current project path is 'C:/Users/elechuad/Desktop/EE2026 AY18-19 SEM2/Project/Voice_Scope_Project_Template.xpr/template_dj'
Scanning sources...
Finished scanning sources
WARNING: [filemgmt 56-3] IPUserFilesDir: Could not find the directory 'C:/Users/elechuad/Desktop/EE2026 AY18-19 SEM2/Project/Voice_Scope_Project_Template.xpr/template_dj/template_dj.ip_user_files'.
INFO: [Coretcl 2-1211] Creating project copy for archival...
INFO: [Coretcl 2-135] resetting runs for excluding generated files from archive...
WARNING: [Coretcl 2-105] Run 'synth_1' is currently active
INFO: [Coretcl 2-133] re-setting run 'synth_1'...
INFO: [Coretcl 2-133] re-setting run 'impl_1'...
INFO: [Coretcl 2-1209] Adding archive summary file to the project...
****** Webtalk v2016.2 (64-bit)
  **** SW Build 1577090 on Thu Jun  2 16:32:40 MDT 2016
  **** IP Build 1577682 on Fri Jun  3 12:00:54 MDT 2016
    ** Copyright 1986-2016 Xilinx, Inc. All Rights Reserved.

source C:/Users/elechuad/Desktop/PrjAr/_X_/template_dj.hw/webtalk/labtool_webtalk.tcl -notrace
INFO: [Common 17-206] Exiting Webtalk at Mon Mar 11 21:55:02 2019...
INFO: [Coretcl 2-1214] Preparing project files for archive...
INFO: [Coretcl 2-1210] Compressing project files and data...
INFO: [Coretcl 2-1215] Project archived (C:/Users/elechuad/Desktop/template_dj.xpr.zip)
INFO: [Coretcl 2-1216] To view the archive summary log in GUI, double click on 'Design Sources->Text->archive_project_summary.txt', or open this file from the archived project directory.
save_project_as Audio_Viz_Project_Template {C:/Users/elechuad/Desktop/EE2026 AY18-19 SEM2/Project/Voice_Scope_Project_Template.xpr/Audio_Viz_Project_Template} -force
INFO: [ProjectBase 1-489] The host OS only allows 260 characters in a normal path. The project is stored in a path with more than 80 characters. If you experience issues with IP, Block Designs, or files not being found, please consider moving the project to a location with a shorter path. Alternately consider using the OS subst command to map part of the path to a drive letter.
Current project path is 'C:/Users/elechuad/Desktop/EE2026 AY18-19 SEM2/Project/Voice_Scope_Project_Template.xpr/Audio_Viz_Project_Template'
import_files
INFO: [filemgmt 20-334] All file(s) are already imported in fileset: 'constrs_1'
INFO: [filemgmt 20-348] Importing the appropriate files for fileset: 'constrs_1'
INFO: [filemgmt 20-334] All file(s) are already imported in fileset: 'sources_1'
INFO: [filemgmt 20-348] Importing the appropriate files for fileset: 'sources_1'
archive_project {C:/Users/elechuad/Desktop/EE2026 AY18-19 SEM2/Project/Audio_Viz_Project_Template.xpr.zip} -temp_dir C:/Users/elechuad/Desktop -force -exclude_run_results
INFO: [Coretcl 2-137] starting archive...
INFO: [Coretcl 2-1499] Saving project copy to temporary location 'C:/Users/elechuad/Desktop' for archiving project
INFO: [ProjectBase 1-489] The host OS only allows 260 characters in a normal path. The project is stored in a path with more than 80 characters. If you experience issues with IP, Block Designs, or files not being found, please consider moving the project to a location with a shorter path. Alternately consider using the OS subst command to map part of the path to a drive letter.
Current project path is 'C:/Users/elechuad/Desktop/EE2026 AY18-19 SEM2/Project/Voice_Scope_Project_Template.xpr/Audio_Viz_Project_Template'
Scanning sources...
Finished scanning sources
WARNING: [filemgmt 56-3] IPUserFilesDir: Could not find the directory 'C:/Users/elechuad/Desktop/EE2026 AY18-19 SEM2/Project/Voice_Scope_Project_Template.xpr/Audio_Viz_Project_Template/Audio_Viz_Project_Template.ip_user_files'.
INFO: [Coretcl 2-1211] Creating project copy for archival...
INFO: [Coretcl 2-135] resetting runs for excluding generated files from archive...
WARNING: [Coretcl 2-105] Run 'synth_1' is currently active
INFO: [Coretcl 2-133] re-setting run 'synth_1'...
INFO: [Coretcl 2-133] re-setting run 'impl_1'...
