#-----------------------------------------------------------
# Vivado v2018.2 (64-bit)
# SW Build 2258646 on Thu Jun 14 20:03:12 MDT 2018
# IP Build 2256618 on Thu Jun 14 22:10:49 MDT 2018
# Start of session at: Fri Apr  5 00:22:01 2019
# Process ID: 1564
# Current directory: C:/Users/sujay/Desktop/ee2026_project/ee2026 offline copy/Audio_Viz_Project_Template.xpr/Audio_Viz_Project_Template
# Command line: vivado.exe -gui_launcher_event rodinguilauncherevent8676 C:\Users\sujay\Desktop\ee2026_project\ee2026 offline copy\Audio_Viz_Project_Template.xpr\Audio_Viz_Project_Template\Audio_Viz_Project_Template.xpr
# Log file: C:/Users/sujay/Desktop/ee2026_project/ee2026 offline copy/Audio_Viz_Project_Template.xpr/Audio_Viz_Project_Template/vivado.log
# Journal file: C:/Users/sujay/Desktop/ee2026_project/ee2026 offline copy/Audio_Viz_Project_Template.xpr/Audio_Viz_Project_Template\vivado.jou
#-----------------------------------------------------------
start_gui
open_project {C:/Users/sujay/Desktop/ee2026_project/ee2026 offline copy/Audio_Viz_Project_Template.xpr/Audio_Viz_Project_Template/Audio_Viz_Project_Template.xpr}
INFO: [ProjectBase 1-489] The host OS only allows 260 characters in a normal path. The project is stored in a path with more than 80 characters. If you experience issues with IP, Block Designs, or files not being found, please consider moving the project to a location with a shorter path. Alternately consider using the OS subst command to map part of the path to a drive letter.
Current project path is 'C:/Users/sujay/Desktop/ee2026_project/ee2026 offline copy/Audio_Viz_Project_Template.xpr/Audio_Viz_Project_Template'
Scanning sources...
Finished scanning sources
INFO: [IP_Flow 19-234] Refreshing IP repositories
INFO: [IP_Flow 19-1704] No user IP repositories specified
INFO: [IP_Flow 19-2313] Loaded Vivado IP repository 'D:/Xilinx/Vivado/2018.2/data/ip'.
open_project: Time (s): cpu = 00:00:12 ; elapsed = 00:00:07 . Memory (MB): peak = 813.156 ; gain = 133.516
exit
INFO: [Common 17-206] Exiting Vivado at Fri Apr  5 00:54:04 2019...
