#-----------------------------------------------------------
# Vivado v2018.2 (64-bit)
# SW Build 2258646 on Thu Jun 14 20:03:12 MDT 2018
# IP Build 2256618 on Thu Jun 14 22:10:49 MDT 2018
# Start of session at: Wed Mar 20 22:04:39 2019
# Process ID: 15648
# Current directory: C:/Users/sujay/Desktop/ee2026/Audio_Viz_Project_Template.xpr/Audio_Viz_Project_Template
# Command line: vivado.exe -gui_launcher_event rodinguilauncherevent10304 C:\Users\sujay\Desktop\ee2026\Audio_Viz_Project_Template.xpr\Audio_Viz_Project_Template\Audio_Viz_Project_Template.xpr
# Log file: C:/Users/sujay/Desktop/ee2026/Audio_Viz_Project_Template.xpr/Audio_Viz_Project_Template/vivado.log
# Journal file: C:/Users/sujay/Desktop/ee2026/Audio_Viz_Project_Template.xpr/Audio_Viz_Project_Template\vivado.jou
#-----------------------------------------------------------
start_gui
open_project C:/Users/sujay/Desktop/ee2026/Audio_Viz_Project_Template.xpr/Audio_Viz_Project_Template/Audio_Viz_Project_Template.xpr
INFO: [ProjectBase 1-489] The host OS only allows 260 characters in a normal path. The project is stored in a path with more than 80 characters. If you experience issues with IP, Block Designs, or files not being found, please consider moving the project to a location with a shorter path. Alternately consider using the OS subst command to map part of the path to a drive letter.
Current project path is 'C:/Users/sujay/Desktop/ee2026/Audio_Viz_Project_Template.xpr/Audio_Viz_Project_Template'
INFO: [Project 1-313] Project file moved from 'C:/Users/elechuad/Desktop/PrjAr/_X_' since last save.
Scanning sources...
Finished scanning sources
WARNING: [filemgmt 56-2] IPUserFilesDir: Could not find the directory 'C:/Users/sujay/Desktop/ee2026/Audio_Viz_Project_Template.xpr/Audio_Viz_Project_Template/Audio_Viz_Project_Template.ip_user_files', nor could it be found using path 'C:/Users/elechuad/Desktop/PrjAr/_X_/Audio_Viz_Project_Template.ip_user_files'.
INFO: [Project 1-230] Project 'Audio_Viz_Project_Template.xpr' upgraded for this version of Vivado.
INFO: [IP_Flow 19-234] Refreshing IP repositories
INFO: [IP_Flow 19-1704] No user IP repositories specified
INFO: [IP_Flow 19-2313] Loaded Vivado IP repository 'D:/Xilinx/Vivado/2018.2/data/ip'.
close_project
open_project {D:/Users/sujay/Dropbox/Dropbox/IVLE/EE2026/Project Materials and Submissions/Audio_Viz_Project_Template.xpr/Audio_Viz_Project_Template/Audio_Viz_Project_Template.xpr}
INFO: [ProjectBase 1-489] The host OS only allows 260 characters in a normal path. The project is stored in a path with more than 80 characters. If you experience issues with IP, Block Designs, or files not being found, please consider moving the project to a location with a shorter path. Alternately consider using the OS subst command to map part of the path to a drive letter.
Current project path is 'D:/Users/sujay/Dropbox/Dropbox/IVLE/EE2026/Project Materials and Submissions/Audio_Viz_Project_Template.xpr/Audio_Viz_Project_Template'
Scanning sources...
Finished scanning sources
INFO: [IP_Flow 19-234] Refreshing IP repositories
INFO: [IP_Flow 19-1704] No user IP repositories specified
INFO: [IP_Flow 19-2313] Loaded Vivado IP repository 'D:/Xilinx/Vivado/2018.2/data/ip'.
open_project C:/Users/sujay/Desktop/ee2026/Audio_Viz_Project_Template.xpr/Audio_Viz_Project_Template/Audio_Viz_Project_Template.xpr
INFO: [ProjectBase 1-489] The host OS only allows 260 characters in a normal path. The project is stored in a path with more than 80 characters. If you experience issues with IP, Block Designs, or files not being found, please consider moving the project to a location with a shorter path. Alternately consider using the OS subst command to map part of the path to a drive letter.
Current project path is 'C:/Users/sujay/Desktop/ee2026/Audio_Viz_Project_Template.xpr/Audio_Viz_Project_Template'
Scanning sources...
Finished scanning sources
WARNING: [filemgmt 56-3] IPUserFilesDir: Could not find the directory 'C:/Users/sujay/Desktop/ee2026/Audio_Viz_Project_Template.xpr/Audio_Viz_Project_Template/Audio_Viz_Project_Template.ip_user_files'.
INFO: [IP_Flow 19-234] Refreshing IP repositories
INFO: [IP_Flow 19-1704] No user IP repositories specified
INFO: [IP_Flow 19-2313] Loaded Vivado IP repository 'D:/Xilinx/Vivado/2018.2/data/ip'.
current_project Audio_Viz_Project_Template
file mkdir C:/Users/sujay/Desktop/ee2026/Audio_Viz_Project_Template.xpr/Audio_Viz_Project_Template/Audio_Viz_Project_Template.srcs/sources_1/new
current_project Audio_Viz_Project_Template(2)
close [ open C:/Users/sujay/Desktop/ee2026/Audio_Viz_Project_Template.xpr/Audio_Viz_Project_Template/Audio_Viz_Project_Template.srcs/sources_1/new/clk_div.v w ]
add_files C:/Users/sujay/Desktop/ee2026/Audio_Viz_Project_Template.xpr/Audio_Viz_Project_Template/Audio_Viz_Project_Template.srcs/sources_1/new/clk_div.v
current_project Audio_Viz_Project_Template
current_project Audio_Viz_Project_Template(2)
current_project Audio_Viz_Project_Template
reset_run synth_1
launch_runs impl_1 -jobs 4
[Wed Mar 20 22:16:37 2019] Launched synth_1...
Run output will be captured here: D:/Users/sujay/Dropbox/Dropbox/IVLE/EE2026/Project Materials and Submissions/Audio_Viz_Project_Template.xpr/Audio_Viz_Project_Template/Audio_Viz_Project_Template.runs/synth_1/runme.log
[Wed Mar 20 22:16:37 2019] Launched impl_1...
Run output will be captured here: D:/Users/sujay/Dropbox/Dropbox/IVLE/EE2026/Project Materials and Submissions/Audio_Viz_Project_Template.xpr/Audio_Viz_Project_Template/Audio_Viz_Project_Template.runs/impl_1/runme.log
current_project Audio_Viz_Project_Template(2)
close [ open C:/Users/sujay/Desktop/ee2026/Audio_Viz_Project_Template.xpr/Audio_Viz_Project_Template/Audio_Viz_Project_Template.srcs/sources_1/new/TestWave_Gen.v w ]
add_files C:/Users/sujay/Desktop/ee2026/Audio_Viz_Project_Template.xpr/Audio_Viz_Project_Template/Audio_Viz_Project_Template.srcs/sources_1/new/TestWave_Gen.v
current_project Audio_Viz_Project_Template
current_project Audio_Viz_Project_Template(2)
current_project Audio_Viz_Project_Template
current_project Audio_Viz_Project_Template(2)
WARNING: [filemgmt 56-199] Attempt to get parsing info during refresh. "On-the-fly" syntax checking information may be incorrect. [C:/Users/sujay/Desktop/ee2026/Audio_Viz_Project_Template.xpr/Audio_Viz_Project_Template/Audio_Viz_Project_Template.srcs/sources_1/new/TestWave_Gen.v:]
WARNING: [filemgmt 56-199] Attempt to get parsing info during refresh. "On-the-fly" syntax checking information may be incorrect. [C:/Users/sujay/Desktop/ee2026/Audio_Viz_Project_Template.xpr/Audio_Viz_Project_Template/Audio_Viz_Project_Template.srcs/sources_1/imports/new/Voice_Scope_TOP.v:]
WARNING: [filemgmt 56-199] Attempt to get parsing info during refresh. "On-the-fly" syntax checking information may be incorrect. [C:/Users/sujay/Desktop/ee2026/Audio_Viz_Project_Template.xpr/Audio_Viz_Project_Template/Audio_Viz_Project_Template.srcs/sources_1/imports/new/Draw_Waveform.v:]
WARNING: [filemgmt 56-199] Attempt to get parsing info during refresh. "On-the-fly" syntax checking information may be incorrect. [C:/Users/sujay/Desktop/ee2026/Audio_Viz_Project_Template.xpr/Audio_Viz_Project_Template/Audio_Viz_Project_Template.srcs/sources_1/imports/new/VOICE_CAPTURER.v:]
WARNING: [filemgmt 56-199] Attempt to get parsing info during refresh. "On-the-fly" syntax checking information may be incorrect. [C:/Users/sujay/Desktop/ee2026/Audio_Viz_Project_Template.xpr/Audio_Viz_Project_Template/Audio_Viz_Project_Template.srcs/sources_1/new/clk_div.v:]
WARNING: [filemgmt 56-199] Attempt to get parsing info during refresh. "On-the-fly" syntax checking information may be incorrect. [C:/Users/sujay/Desktop/ee2026/Audio_Viz_Project_Template.xpr/Audio_Viz_Project_Template/Audio_Viz_Project_Template.srcs/sources_1/new/TestWave_Gen.v:]
WARNING: [filemgmt 56-199] Attempt to get parsing info during refresh. "On-the-fly" syntax checking information may be incorrect. [C:/Users/sujay/Desktop/ee2026/Audio_Viz_Project_Template.xpr/Audio_Viz_Project_Template/Audio_Viz_Project_Template.srcs/sources_1/imports/new/Voice_Scope_TOP.v:]
WARNING: [filemgmt 56-199] Attempt to get parsing info during refresh. "On-the-fly" syntax checking information may be incorrect. [C:/Users/sujay/Desktop/ee2026/Audio_Viz_Project_Template.xpr/Audio_Viz_Project_Template/Audio_Viz_Project_Template.srcs/sources_1/imports/new/Draw_Waveform.v:]
WARNING: [filemgmt 56-199] Attempt to get parsing info during refresh. "On-the-fly" syntax checking information may be incorrect. [C:/Users/sujay/Desktop/ee2026/Audio_Viz_Project_Template.xpr/Audio_Viz_Project_Template/Audio_Viz_Project_Template.srcs/sources_1/imports/new/VOICE_CAPTURER.v:]
WARNING: [filemgmt 56-199] Attempt to get parsing info during refresh. "On-the-fly" syntax checking information may be incorrect. [C:/Users/sujay/Desktop/ee2026/Audio_Viz_Project_Template.xpr/Audio_Viz_Project_Template/Audio_Viz_Project_Template.srcs/sources_1/new/clk_div.v:]
WARNING: [filemgmt 56-199] Attempt to get parsing info during refresh. "On-the-fly" syntax checking information may be incorrect. [C:/Users/sujay/Desktop/ee2026/Audio_Viz_Project_Template.xpr/Audio_Viz_Project_Template/Audio_Viz_Project_Template.srcs/sources_1/new/TestWave_Gen.v:]
WARNING: [filemgmt 56-199] Attempt to get parsing info during refresh. "On-the-fly" syntax checking information may be incorrect. [C:/Users/sujay/Desktop/ee2026/Audio_Viz_Project_Template.xpr/Audio_Viz_Project_Template/Audio_Viz_Project_Template.srcs/sources_1/imports/new/Voice_Scope_TOP.v:]
WARNING: [filemgmt 56-199] Attempt to get parsing info during refresh. "On-the-fly" syntax checking information may be incorrect. [C:/Users/sujay/Desktop/ee2026/Audio_Viz_Project_Template.xpr/Audio_Viz_Project_Template/Audio_Viz_Project_Template.srcs/sources_1/imports/new/Draw_Waveform.v:]
WARNING: [filemgmt 56-199] Attempt to get parsing info during refresh. "On-the-fly" syntax checking information may be incorrect. [C:/Users/sujay/Desktop/ee2026/Audio_Viz_Project_Template.xpr/Audio_Viz_Project_Template/Audio_Viz_Project_Template.srcs/sources_1/imports/new/VOICE_CAPTURER.v:]
WARNING: [filemgmt 56-199] Attempt to get parsing info during refresh. "On-the-fly" syntax checking information may be incorrect. [C:/Users/sujay/Desktop/ee2026/Audio_Viz_Project_Template.xpr/Audio_Viz_Project_Template/Audio_Viz_Project_Template.srcs/sources_1/new/clk_div.v:]
WARNING: [filemgmt 56-199] Attempt to get parsing info during refresh. "On-the-fly" syntax checking information may be incorrect. [C:/Users/sujay/Desktop/ee2026/Audio_Viz_Project_Template.xpr/Audio_Viz_Project_Template/Audio_Viz_Project_Template.srcs/sources_1/new/TestWave_Gen.v:]
WARNING: [filemgmt 56-199] Attempt to get parsing info during refresh. "On-the-fly" syntax checking information may be incorrect. [C:/Users/sujay/Desktop/ee2026/Audio_Viz_Project_Template.xpr/Audio_Viz_Project_Template/Audio_Viz_Project_Template.srcs/sources_1/imports/new/Voice_Scope_TOP.v:]
WARNING: [filemgmt 56-199] Attempt to get parsing info during refresh. "On-the-fly" syntax checking information may be incorrect. [C:/Users/sujay/Desktop/ee2026/Audio_Viz_Project_Template.xpr/Audio_Viz_Project_Template/Audio_Viz_Project_Template.srcs/sources_1/imports/new/Draw_Waveform.v:]
WARNING: [filemgmt 56-199] Attempt to get parsing info during refresh. "On-the-fly" syntax checking information may be incorrect. [C:/Users/sujay/Desktop/ee2026/Audio_Viz_Project_Template.xpr/Audio_Viz_Project_Template/Audio_Viz_Project_Template.srcs/sources_1/imports/new/VOICE_CAPTURER.v:]
WARNING: [filemgmt 56-199] Attempt to get parsing info during refresh. "On-the-fly" syntax checking information may be incorrect. [C:/Users/sujay/Desktop/ee2026/Audio_Viz_Project_Template.xpr/Audio_Viz_Project_Template/Audio_Viz_Project_Template.srcs/sources_1/new/clk_div.v:]
WARNING: [filemgmt 56-199] Attempt to get parsing info during refresh. "On-the-fly" syntax checking information may be incorrect. [C:/Users/sujay/Desktop/ee2026/Audio_Viz_Project_Template.xpr/Audio_Viz_Project_Template/Audio_Viz_Project_Template.srcs/sources_1/new/TestWave_Gen.v:]
WARNING: [filemgmt 56-199] Attempt to get parsing info during refresh. "On-the-fly" syntax checking information may be incorrect. [C:/Users/sujay/Desktop/ee2026/Audio_Viz_Project_Template.xpr/Audio_Viz_Project_Template/Audio_Viz_Project_Template.srcs/sources_1/imports/new/Voice_Scope_TOP.v:]
WARNING: [filemgmt 56-199] Attempt to get parsing info during refresh. "On-the-fly" syntax checking information may be incorrect. [C:/Users/sujay/Desktop/ee2026/Audio_Viz_Project_Template.xpr/Audio_Viz_Project_Template/Audio_Viz_Project_Template.srcs/sources_1/imports/new/Draw_Waveform.v:]
WARNING: [filemgmt 56-199] Attempt to get parsing info during refresh. "On-the-fly" syntax checking information may be incorrect. [C:/Users/sujay/Desktop/ee2026/Audio_Viz_Project_Template.xpr/Audio_Viz_Project_Template/Audio_Viz_Project_Template.srcs/sources_1/imports/new/VOICE_CAPTURER.v:]
WARNING: [filemgmt 56-199] Attempt to get parsing info during refresh. "On-the-fly" syntax checking information may be incorrect. [C:/Users/sujay/Desktop/ee2026/Audio_Viz_Project_Template.xpr/Audio_Viz_Project_Template/Audio_Viz_Project_Template.srcs/sources_1/new/clk_div.v:]
WARNING: [filemgmt 56-199] Attempt to get parsing info during refresh. "On-the-fly" syntax checking information may be incorrect. [C:/Users/sujay/Desktop/ee2026/Audio_Viz_Project_Template.xpr/Audio_Viz_Project_Template/Audio_Viz_Project_Template.srcs/sources_1/new/TestWave_Gen.v:]
WARNING: [filemgmt 56-199] Attempt to get parsing info during refresh. "On-the-fly" syntax checking information may be incorrect. [C:/Users/sujay/Desktop/ee2026/Audio_Viz_Project_Template.xpr/Audio_Viz_Project_Template/Audio_Viz_Project_Template.srcs/sources_1/imports/new/Voice_Scope_TOP.v:]
WARNING: [filemgmt 56-199] Attempt to get parsing info during refresh. "On-the-fly" syntax checking information may be incorrect. [C:/Users/sujay/Desktop/ee2026/Audio_Viz_Project_Template.xpr/Audio_Viz_Project_Template/Audio_Viz_Project_Template.srcs/sources_1/imports/new/Draw_Waveform.v:]
WARNING: [filemgmt 56-199] Attempt to get parsing info during refresh. "On-the-fly" syntax checking information may be incorrect. [C:/Users/sujay/Desktop/ee2026/Audio_Viz_Project_Template.xpr/Audio_Viz_Project_Template/Audio_Viz_Project_Template.srcs/sources_1/imports/new/VOICE_CAPTURER.v:]
WARNING: [filemgmt 56-199] Attempt to get parsing info during refresh. "On-the-fly" syntax checking information may be incorrect. [C:/Users/sujay/Desktop/ee2026/Audio_Viz_Project_Template.xpr/Audio_Viz_Project_Template/Audio_Viz_Project_Template.srcs/sources_1/new/clk_div.v:]
ERROR: [Common 17-180] Spawn failed: No error
WARNING: [filemgmt 56-199] Attempt to get parsing info during refresh. "On-the-fly" syntax checking information may be incorrect. [C:/Users/sujay/Desktop/ee2026/Audio_Viz_Project_Template.xpr/Audio_Viz_Project_Template/Audio_Viz_Project_Template.srcs/sources_1/new/TestWave_Gen.v:]
WARNING: [filemgmt 56-199] Attempt to get parsing info during refresh. "On-the-fly" syntax checking information may be incorrect. [C:/Users/sujay/Desktop/ee2026/Audio_Viz_Project_Template.xpr/Audio_Viz_Project_Template/Audio_Viz_Project_Template.srcs/sources_1/imports/new/Voice_Scope_TOP.v:]
WARNING: [filemgmt 56-199] Attempt to get parsing info during refresh. "On-the-fly" syntax checking information may be incorrect. [C:/Users/sujay/Desktop/ee2026/Audio_Viz_Project_Template.xpr/Audio_Viz_Project_Template/Audio_Viz_Project_Template.srcs/sources_1/imports/new/Draw_Waveform.v:]
WARNING: [filemgmt 56-199] Attempt to get parsing info during refresh. "On-the-fly" syntax checking information may be incorrect. [C:/Users/sujay/Desktop/ee2026/Audio_Viz_Project_Template.xpr/Audio_Viz_Project_Template/Audio_Viz_Project_Template.srcs/sources_1/imports/new/VOICE_CAPTURER.v:]
WARNING: [filemgmt 56-199] Attempt to get parsing info during refresh. "On-the-fly" syntax checking information may be incorrect. [C:/Users/sujay/Desktop/ee2026/Audio_Viz_Project_Template.xpr/Audio_Viz_Project_Template/Audio_Viz_Project_Template.srcs/sources_1/new/clk_div.v:]
WARNING: [filemgmt 56-199] Attempt to get parsing info during refresh. "On-the-fly" syntax checking information may be incorrect. [C:/Users/sujay/Desktop/ee2026/Audio_Viz_Project_Template.xpr/Audio_Viz_Project_Template/Audio_Viz_Project_Template.srcs/sources_1/new/TestWave_Gen.v:]
WARNING: [filemgmt 56-199] Attempt to get parsing info during refresh. "On-the-fly" syntax checking information may be incorrect. [C:/Users/sujay/Desktop/ee2026/Audio_Viz_Project_Template.xpr/Audio_Viz_Project_Template/Audio_Viz_Project_Template.srcs/sources_1/imports/new/Voice_Scope_TOP.v:]
WARNING: [filemgmt 56-199] Attempt to get parsing info during refresh. "On-the-fly" syntax checking information may be incorrect. [C:/Users/sujay/Desktop/ee2026/Audio_Viz_Project_Template.xpr/Audio_Viz_Project_Template/Audio_Viz_Project_Template.srcs/sources_1/imports/new/Draw_Waveform.v:]
WARNING: [filemgmt 56-199] Attempt to get parsing info during refresh. "On-the-fly" syntax checking information may be incorrect. [C:/Users/sujay/Desktop/ee2026/Audio_Viz_Project_Template.xpr/Audio_Viz_Project_Template/Audio_Viz_Project_Template.srcs/sources_1/imports/new/VOICE_CAPTURER.v:]
WARNING: [filemgmt 56-199] Attempt to get parsing info during refresh. "On-the-fly" syntax checking information may be incorrect. [C:/Users/sujay/Desktop/ee2026/Audio_Viz_Project_Template.xpr/Audio_Viz_Project_Template/Audio_Viz_Project_Template.srcs/sources_1/new/clk_div.v:]
WARNING: [filemgmt 56-199] Attempt to get parsing info during refresh. "On-the-fly" syntax checking information may be incorrect. [C:/Users/sujay/Desktop/ee2026/Audio_Viz_Project_Template.xpr/Audio_Viz_Project_Template/Audio_Viz_Project_Template.srcs/sources_1/new/TestWave_Gen.v:]
WARNING: [filemgmt 56-199] Attempt to get parsing info during refresh. "On-the-fly" syntax checking information may be incorrect. [C:/Users/sujay/Desktop/ee2026/Audio_Viz_Project_Template.xpr/Audio_Viz_Project_Template/Audio_Viz_Project_Template.srcs/sources_1/imports/new/Voice_Scope_TOP.v:]
WARNING: [filemgmt 56-199] Attempt to get parsing info during refresh. "On-the-fly" syntax checking information may be incorrect. [C:/Users/sujay/Desktop/ee2026/Audio_Viz_Project_Template.xpr/Audio_Viz_Project_Template/Audio_Viz_Project_Template.srcs/sources_1/imports/new/Draw_Waveform.v:]
WARNING: [filemgmt 56-199] Attempt to get parsing info during refresh. "On-the-fly" syntax checking information may be incorrect. [C:/Users/sujay/Desktop/ee2026/Audio_Viz_Project_Template.xpr/Audio_Viz_Project_Template/Audio_Viz_Project_Template.srcs/sources_1/imports/new/VOICE_CAPTURER.v:]
WARNING: [filemgmt 56-199] Attempt to get parsing info during refresh. "On-the-fly" syntax checking information may be incorrect. [C:/Users/sujay/Desktop/ee2026/Audio_Viz_Project_Template.xpr/Audio_Viz_Project_Template/Audio_Viz_Project_Template.srcs/sources_1/new/clk_div.v:]
ERROR: [Common 17-180] Spawn failed: No error
WARNING: [filemgmt 56-199] Attempt to get parsing info during refresh. "On-the-fly" syntax checking information may be incorrect. [C:/Users/sujay/Desktop/ee2026/Audio_Viz_Project_Template.xpr/Audio_Viz_Project_Template/Audio_Viz_Project_Template.srcs/sources_1/new/TestWave_Gen.v:]
WARNING: [filemgmt 56-199] Attempt to get parsing info during refresh. "On-the-fly" syntax checking information may be incorrect. [C:/Users/sujay/Desktop/ee2026/Audio_Viz_Project_Template.xpr/Audio_Viz_Project_Template/Audio_Viz_Project_Template.srcs/sources_1/imports/new/Voice_Scope_TOP.v:]
WARNING: [filemgmt 56-199] Attempt to get parsing info during refresh. "On-the-fly" syntax checking information may be incorrect. [C:/Users/sujay/Desktop/ee2026/Audio_Viz_Project_Template.xpr/Audio_Viz_Project_Template/Audio_Viz_Project_Template.srcs/sources_1/imports/new/Draw_Waveform.v:]
WARNING: [filemgmt 56-199] Attempt to get parsing info during refresh. "On-the-fly" syntax checking information may be incorrect. [C:/Users/sujay/Desktop/ee2026/Audio_Viz_Project_Template.xpr/Audio_Viz_Project_Template/Audio_Viz_Project_Template.srcs/sources_1/imports/new/VOICE_CAPTURER.v:]
WARNING: [filemgmt 56-199] Attempt to get parsing info during refresh. "On-the-fly" syntax checking information may be incorrect. [C:/Users/sujay/Desktop/ee2026/Audio_Viz_Project_Template.xpr/Audio_Viz_Project_Template/Audio_Viz_Project_Template.srcs/sources_1/new/clk_div.v:]
ERROR: [Common 17-180] Spawn failed: No error
WARNING: [filemgmt 56-199] Attempt to get parsing info during refresh. "On-the-fly" syntax checking information may be incorrect. [C:/Users/sujay/Desktop/ee2026/Audio_Viz_Project_Template.xpr/Audio_Viz_Project_Template/Audio_Viz_Project_Template.srcs/sources_1/new/TestWave_Gen.v:]
WARNING: [filemgmt 56-199] Attempt to get parsing info during refresh. "On-the-fly" syntax checking information may be incorrect. [C:/Users/sujay/Desktop/ee2026/Audio_Viz_Project_Template.xpr/Audio_Viz_Project_Template/Audio_Viz_Project_Template.srcs/sources_1/imports/new/Voice_Scope_TOP.v:]
WARNING: [filemgmt 56-199] Attempt to get parsing info during refresh. "On-the-fly" syntax checking information may be incorrect. [C:/Users/sujay/Desktop/ee2026/Audio_Viz_Project_Template.xpr/Audio_Viz_Project_Template/Audio_Viz_Project_Template.srcs/sources_1/imports/new/Draw_Waveform.v:]
WARNING: [filemgmt 56-199] Attempt to get parsing info during refresh. "On-the-fly" syntax checking information may be incorrect. [C:/Users/sujay/Desktop/ee2026/Audio_Viz_Project_Template.xpr/Audio_Viz_Project_Template/Audio_Viz_Project_Template.srcs/sources_1/imports/new/VOICE_CAPTURER.v:]
WARNING: [filemgmt 56-199] Attempt to get parsing info during refresh. "On-the-fly" syntax checking information may be incorrect. [C:/Users/sujay/Desktop/ee2026/Audio_Viz_Project_Template.xpr/Audio_Viz_Project_Template/Audio_Viz_Project_Template.srcs/sources_1/new/clk_div.v:]
WARNING: [filemgmt 56-199] Attempt to get parsing info during refresh. "On-the-fly" syntax checking information may be incorrect. [C:/Users/sujay/Desktop/ee2026/Audio_Viz_Project_Template.xpr/Audio_Viz_Project_Template/Audio_Viz_Project_Template.srcs/sources_1/new/TestWave_Gen.v:]
WARNING: [filemgmt 56-199] Attempt to get parsing info during refresh. "On-the-fly" syntax checking information may be incorrect. [C:/Users/sujay/Desktop/ee2026/Audio_Viz_Project_Template.xpr/Audio_Viz_Project_Template/Audio_Viz_Project_Template.srcs/sources_1/imports/new/Voice_Scope_TOP.v:]
WARNING: [filemgmt 56-199] Attempt to get parsing info during refresh. "On-the-fly" syntax checking information may be incorrect. [C:/Users/sujay/Desktop/ee2026/Audio_Viz_Project_Template.xpr/Audio_Viz_Project_Template/Audio_Viz_Project_Template.srcs/sources_1/imports/new/Draw_Waveform.v:]
WARNING: [filemgmt 56-199] Attempt to get parsing info during refresh. "On-the-fly" syntax checking information may be incorrect. [C:/Users/sujay/Desktop/ee2026/Audio_Viz_Project_Template.xpr/Audio_Viz_Project_Template/Audio_Viz_Project_Template.srcs/sources_1/imports/new/VOICE_CAPTURER.v:]
WARNING: [filemgmt 56-199] Attempt to get parsing info during refresh. "On-the-fly" syntax checking information may be incorrect. [C:/Users/sujay/Desktop/ee2026/Audio_Viz_Project_Template.xpr/Audio_Viz_Project_Template/Audio_Viz_Project_Template.srcs/sources_1/new/clk_div.v:]
ERROR: [Common 17-180] Spawn failed: No error
WARNING: [filemgmt 56-199] Attempt to get parsing info during refresh. "On-the-fly" syntax checking information may be incorrect. [C:/Users/sujay/Desktop/ee2026/Audio_Viz_Project_Template.xpr/Audio_Viz_Project_Template/Audio_Viz_Project_Template.srcs/sources_1/new/TestWave_Gen.v:]
WARNING: [filemgmt 56-199] Attempt to get parsing info during refresh. "On-the-fly" syntax checking information may be incorrect. [C:/Users/sujay/Desktop/ee2026/Audio_Viz_Project_Template.xpr/Audio_Viz_Project_Template/Audio_Viz_Project_Template.srcs/sources_1/imports/new/Voice_Scope_TOP.v:]
WARNING: [filemgmt 56-199] Attempt to get parsing info during refresh. "On-the-fly" syntax checking information may be incorrect. [C:/Users/sujay/Desktop/ee2026/Audio_Viz_Project_Template.xpr/Audio_Viz_Project_Template/Audio_Viz_Project_Template.srcs/sources_1/imports/new/Draw_Waveform.v:]
WARNING: [filemgmt 56-199] Attempt to get parsing info during refresh. "On-the-fly" syntax checking information may be incorrect. [C:/Users/sujay/Desktop/ee2026/Audio_Viz_Project_Template.xpr/Audio_Viz_Project_Template/Audio_Viz_Project_Template.srcs/sources_1/imports/new/VOICE_CAPTURER.v:]
WARNING: [filemgmt 56-199] Attempt to get parsing info during refresh. "On-the-fly" syntax checking information may be incorrect. [C:/Users/sujay/Desktop/ee2026/Audio_Viz_Project_Template.xpr/Audio_Viz_Project_Template/Audio_Viz_Project_Template.srcs/sources_1/new/clk_div.v:]
ERROR: [Common 17-180] Spawn failed: No error
WARNING: [filemgmt 56-199] Attempt to get parsing info during refresh. "On-the-fly" syntax checking information may be incorrect. [C:/Users/sujay/Desktop/ee2026/Audio_Viz_Project_Template.xpr/Audio_Viz_Project_Template/Audio_Viz_Project_Template.srcs/sources_1/new/TestWave_Gen.v:]
WARNING: [filemgmt 56-199] Attempt to get parsing info during refresh. "On-the-fly" syntax checking information may be incorrect. [C:/Users/sujay/Desktop/ee2026/Audio_Viz_Project_Template.xpr/Audio_Viz_Project_Template/Audio_Viz_Project_Template.srcs/sources_1/imports/new/Voice_Scope_TOP.v:]
WARNING: [filemgmt 56-199] Attempt to get parsing info during refresh. "On-the-fly" syntax checking information may be incorrect. [C:/Users/sujay/Desktop/ee2026/Audio_Viz_Project_Template.xpr/Audio_Viz_Project_Template/Audio_Viz_Project_Template.srcs/sources_1/imports/new/Draw_Waveform.v:]
WARNING: [filemgmt 56-199] Attempt to get parsing info during refresh. "On-the-fly" syntax checking information may be incorrect. [C:/Users/sujay/Desktop/ee2026/Audio_Viz_Project_Template.xpr/Audio_Viz_Project_Template/Audio_Viz_Project_Template.srcs/sources_1/imports/new/VOICE_CAPTURER.v:]
WARNING: [filemgmt 56-199] Attempt to get parsing info during refresh. "On-the-fly" syntax checking information may be incorrect. [C:/Users/sujay/Desktop/ee2026/Audio_Viz_Project_Template.xpr/Audio_Viz_Project_Template/Audio_Viz_Project_Template.srcs/sources_1/new/clk_div.v:]
WARNING: [filemgmt 56-199] Attempt to get parsing info during refresh. "On-the-fly" syntax checking information may be incorrect. [C:/Users/sujay/Desktop/ee2026/Audio_Viz_Project_Template.xpr/Audio_Viz_Project_Template/Audio_Viz_Project_Template.srcs/sources_1/new/TestWave_Gen.v:]
WARNING: [filemgmt 56-199] Attempt to get parsing info during refresh. "On-the-fly" syntax checking information may be incorrect. [C:/Users/sujay/Desktop/ee2026/Audio_Viz_Project_Template.xpr/Audio_Viz_Project_Template/Audio_Viz_Project_Template.srcs/sources_1/imports/new/Voice_Scope_TOP.v:]
WARNING: [filemgmt 56-199] Attempt to get parsing info during refresh. "On-the-fly" syntax checking information may be incorrect. [C:/Users/sujay/Desktop/ee2026/Audio_Viz_Project_Template.xpr/Audio_Viz_Project_Template/Audio_Viz_Project_Template.srcs/sources_1/imports/new/Draw_Waveform.v:]
WARNING: [filemgmt 56-199] Attempt to get parsing info during refresh. "On-the-fly" syntax checking information may be incorrect. [C:/Users/sujay/Desktop/ee2026/Audio_Viz_Project_Template.xpr/Audio_Viz_Project_Template/Audio_Viz_Project_Template.srcs/sources_1/imports/new/VOICE_CAPTURER.v:]
WARNING: [filemgmt 56-199] Attempt to get parsing info during refresh. "On-the-fly" syntax checking information may be incorrect. [C:/Users/sujay/Desktop/ee2026/Audio_Viz_Project_Template.xpr/Audio_Viz_Project_Template/Audio_Viz_Project_Template.srcs/sources_1/new/clk_div.v:]
WARNING: [filemgmt 56-199] Attempt to get parsing info during refresh. "On-the-fly" syntax checking information may be incorrect. [C:/Users/sujay/Desktop/ee2026/Audio_Viz_Project_Template.xpr/Audio_Viz_Project_Template/Audio_Viz_Project_Template.srcs/sources_1/new/TestWave_Gen.v:]
WARNING: [filemgmt 56-199] Attempt to get parsing info during refresh. "On-the-fly" syntax checking information may be incorrect. [C:/Users/sujay/Desktop/ee2026/Audio_Viz_Project_Template.xpr/Audio_Viz_Project_Template/Audio_Viz_Project_Template.srcs/sources_1/imports/new/Voice_Scope_TOP.v:]
WARNING: [filemgmt 56-199] Attempt to get parsing info during refresh. "On-the-fly" syntax checking information may be incorrect. [C:/Users/sujay/Desktop/ee2026/Audio_Viz_Project_Template.xpr/Audio_Viz_Project_Template/Audio_Viz_Project_Template.srcs/sources_1/imports/new/Draw_Waveform.v:]
WARNING: [filemgmt 56-199] Attempt to get parsing info during refresh. "On-the-fly" syntax checking information may be incorrect. [C:/Users/sujay/Desktop/ee2026/Audio_Viz_Project_Template.xpr/Audio_Viz_Project_Template/Audio_Viz_Project_Template.srcs/sources_1/imports/new/VOICE_CAPTURER.v:]
WARNING: [filemgmt 56-199] Attempt to get parsing info during refresh. "On-the-fly" syntax checking information may be incorrect. [C:/Users/sujay/Desktop/ee2026/Audio_Viz_Project_Template.xpr/Audio_Viz_Project_Template/Audio_Viz_Project_Template.srcs/sources_1/new/clk_div.v:]
ERROR: [Common 17-180] Spawn failed: No error
WARNING: [filemgmt 56-199] Attempt to get parsing info during refresh. "On-the-fly" syntax checking information may be incorrect. [C:/Users/sujay/Desktop/ee2026/Audio_Viz_Project_Template.xpr/Audio_Viz_Project_Template/Audio_Viz_Project_Template.srcs/sources_1/new/TestWave_Gen.v:]
WARNING: [filemgmt 56-199] Attempt to get parsing info during refresh. "On-the-fly" syntax checking information may be incorrect. [C:/Users/sujay/Desktop/ee2026/Audio_Viz_Project_Template.xpr/Audio_Viz_Project_Template/Audio_Viz_Project_Template.srcs/sources_1/imports/new/Voice_Scope_TOP.v:]
WARNING: [filemgmt 56-199] Attempt to get parsing info during refresh. "On-the-fly" syntax checking information may be incorrect. [C:/Users/sujay/Desktop/ee2026/Audio_Viz_Project_Template.xpr/Audio_Viz_Project_Template/Audio_Viz_Project_Template.srcs/sources_1/imports/new/Draw_Waveform.v:]
WARNING: [filemgmt 56-199] Attempt to get parsing info during refresh. "On-the-fly" syntax checking information may be incorrect. [C:/Users/sujay/Desktop/ee2026/Audio_Viz_Project_Template.xpr/Audio_Viz_Project_Template/Audio_Viz_Project_Template.srcs/sources_1/imports/new/VOICE_CAPTURER.v:]
WARNING: [filemgmt 56-199] Attempt to get parsing info during refresh. "On-the-fly" syntax checking information may be incorrect. [C:/Users/sujay/Desktop/ee2026/Audio_Viz_Project_Template.xpr/Audio_Viz_Project_Template/Audio_Viz_Project_Template.srcs/sources_1/new/clk_div.v:]
WARNING: [filemgmt 56-199] Attempt to get parsing info during refresh. "On-the-fly" syntax checking information may be incorrect. [C:/Users/sujay/Desktop/ee2026/Audio_Viz_Project_Template.xpr/Audio_Viz_Project_Template/Audio_Viz_Project_Template.srcs/sources_1/new/TestWave_Gen.v:]
WARNING: [filemgmt 56-199] Attempt to get parsing info during refresh. "On-the-fly" syntax checking information may be incorrect. [C:/Users/sujay/Desktop/ee2026/Audio_Viz_Project_Template.xpr/Audio_Viz_Project_Template/Audio_Viz_Project_Template.srcs/sources_1/imports/new/Voice_Scope_TOP.v:]
WARNING: [filemgmt 56-199] Attempt to get parsing info during refresh. "On-the-fly" syntax checking information may be incorrect. [C:/Users/sujay/Desktop/ee2026/Audio_Viz_Project_Template.xpr/Audio_Viz_Project_Template/Audio_Viz_Project_Template.srcs/sources_1/imports/new/Draw_Waveform.v:]
WARNING: [filemgmt 56-199] Attempt to get parsing info during refresh. "On-the-fly" syntax checking information may be incorrect. [C:/Users/sujay/Desktop/ee2026/Audio_Viz_Project_Template.xpr/Audio_Viz_Project_Template/Audio_Viz_Project_Template.srcs/sources_1/imports/new/VOICE_CAPTURER.v:]
WARNING: [filemgmt 56-199] Attempt to get parsing info during refresh. "On-the-fly" syntax checking information may be incorrect. [C:/Users/sujay/Desktop/ee2026/Audio_Viz_Project_Template.xpr/Audio_Viz_Project_Template/Audio_Viz_Project_Template.srcs/sources_1/new/clk_div.v:]
ERROR: [Common 17-180] Spawn failed: No error
WARNING: [filemgmt 56-199] Attempt to get parsing info during refresh. "On-the-fly" syntax checking information may be incorrect. [C:/Users/sujay/Desktop/ee2026/Audio_Viz_Project_Template.xpr/Audio_Viz_Project_Template/Audio_Viz_Project_Template.srcs/sources_1/new/TestWave_Gen.v:]
WARNING: [filemgmt 56-199] Attempt to get parsing info during refresh. "On-the-fly" syntax checking information may be incorrect. [C:/Users/sujay/Desktop/ee2026/Audio_Viz_Project_Template.xpr/Audio_Viz_Project_Template/Audio_Viz_Project_Template.srcs/sources_1/imports/new/Voice_Scope_TOP.v:]
WARNING: [filemgmt 56-199] Attempt to get parsing info during refresh. "On-the-fly" syntax checking information may be incorrect. [C:/Users/sujay/Desktop/ee2026/Audio_Viz_Project_Template.xpr/Audio_Viz_Project_Template/Audio_Viz_Project_Template.srcs/sources_1/imports/new/Draw_Waveform.v:]
WARNING: [filemgmt 56-199] Attempt to get parsing info during refresh. "On-the-fly" syntax checking information may be incorrect. [C:/Users/sujay/Desktop/ee2026/Audio_Viz_Project_Template.xpr/Audio_Viz_Project_Template/Audio_Viz_Project_Template.srcs/sources_1/imports/new/VOICE_CAPTURER.v:]
WARNING: [filemgmt 56-199] Attempt to get parsing info during refresh. "On-the-fly" syntax checking information may be incorrect. [C:/Users/sujay/Desktop/ee2026/Audio_Viz_Project_Template.xpr/Audio_Viz_Project_Template/Audio_Viz_Project_Template.srcs/sources_1/new/clk_div.v:]
WARNING: [filemgmt 56-199] Attempt to get parsing info during refresh. "On-the-fly" syntax checking information may be incorrect. [C:/Users/sujay/Desktop/ee2026/Audio_Viz_Project_Template.xpr/Audio_Viz_Project_Template/Audio_Viz_Project_Template.srcs/sources_1/new/TestWave_Gen.v:]
WARNING: [filemgmt 56-199] Attempt to get parsing info during refresh. "On-the-fly" syntax checking information may be incorrect. [C:/Users/sujay/Desktop/ee2026/Audio_Viz_Project_Template.xpr/Audio_Viz_Project_Template/Audio_Viz_Project_Template.srcs/sources_1/imports/new/Voice_Scope_TOP.v:]
WARNING: [filemgmt 56-199] Attempt to get parsing info during refresh. "On-the-fly" syntax checking information may be incorrect. [C:/Users/sujay/Desktop/ee2026/Audio_Viz_Project_Template.xpr/Audio_Viz_Project_Template/Audio_Viz_Project_Template.srcs/sources_1/imports/new/Draw_Waveform.v:]
WARNING: [filemgmt 56-199] Attempt to get parsing info during refresh. "On-the-fly" syntax checking information may be incorrect. [C:/Users/sujay/Desktop/ee2026/Audio_Viz_Project_Template.xpr/Audio_Viz_Project_Template/Audio_Viz_Project_Template.srcs/sources_1/imports/new/VOICE_CAPTURER.v:]
WARNING: [filemgmt 56-199] Attempt to get parsing info during refresh. "On-the-fly" syntax checking information may be incorrect. [C:/Users/sujay/Desktop/ee2026/Audio_Viz_Project_Template.xpr/Audio_Viz_Project_Template/Audio_Viz_Project_Template.srcs/sources_1/new/clk_div.v:]
INFO: [Common 17-14] Message 'filemgmt 56-199' appears 100 times and further instances of the messages will be disabled. Use the Tcl command set_msg_config to change the current settings.
ERROR: [Common 17-180] Spawn failed: No error
ERROR: [Common 17-180] Spawn failed: No error
ERROR: [Common 17-180] Spawn failed: No error
ERROR: [Common 17-180] Spawn failed: No error
ERROR: [Common 17-180] Spawn failed: No error
ERROR: [Common 17-180] Spawn failed: No error
ERROR: [Common 17-180] Spawn failed: No error
ERROR: [Common 17-180] Spawn failed: No error
ERROR: [Common 17-180] Spawn failed: No error
ERROR: [Common 17-180] Spawn failed: No error
ERROR: [Common 17-180] Spawn failed: No error
ERROR: [Common 17-180] Spawn failed: No error
ERROR: [Common 17-180] Spawn failed: No error
ERROR: [Common 17-180] Spawn failed: No error
ERROR: [Common 17-180] Spawn failed: No error
ERROR: [Common 17-180] Spawn failed: No error
ERROR: [Common 17-180] Spawn failed: No error
ERROR: [Common 17-180] Spawn failed: No error
ERROR: [Common 17-180] Spawn failed: No error
ERROR: [Common 17-180] Spawn failed: No error
ERROR: [Common 17-180] Spawn failed: No error
ERROR: [Common 17-180] Spawn failed: No error
ERROR: [Common 17-180] Spawn failed: No error
ERROR: [Common 17-180] Spawn failed: No error
ERROR: [Common 17-180] Spawn failed: No error
ERROR: [Common 17-180] Spawn failed: No error
ERROR: [Common 17-180] Spawn failed: No error
ERROR: [Common 17-180] Spawn failed: No error
ERROR: [Common 17-180] Spawn failed: No error
ERROR: [Common 17-180] Spawn failed: No error
ERROR: [Common 17-180] Spawn failed: No error
ERROR: [Common 17-180] Spawn failed: No error
ERROR: [Common 17-180] Spawn failed: No error
ERROR: [Common 17-180] Spawn failed: No error
ERROR: [Common 17-180] Spawn failed: No error
ERROR: [Common 17-180] Spawn failed: No error
WARNING: [filemgmt 56-199] Attempt to get parsing info during refresh. "On-the-fly" syntax checking information may be incorrect. [C:/Users/sujay/Desktop/ee2026/Audio_Viz_Project_Template.xpr/Audio_Viz_Project_Template/Audio_Viz_Project_Template.srcs/sources_1/new/TestWave_Gen.v:]
WARNING: [filemgmt 56-199] Attempt to get parsing info during refresh. "On-the-fly" syntax checking information may be incorrect. [C:/Users/sujay/Desktop/ee2026/Audio_Viz_Project_Template.xpr/Audio_Viz_Project_Template/Audio_Viz_Project_Template.srcs/sources_1/imports/new/Voice_Scope_TOP.v:]
WARNING: [filemgmt 56-199] Attempt to get parsing info during refresh. "On-the-fly" syntax checking information may be incorrect. [C:/Users/sujay/Desktop/ee2026/Audio_Viz_Project_Template.xpr/Audio_Viz_Project_Template/Audio_Viz_Project_Template.srcs/sources_1/imports/new/Draw_Waveform.v:]
WARNING: [filemgmt 56-199] Attempt to get parsing info during refresh. "On-the-fly" syntax checking information may be incorrect. [C:/Users/sujay/Desktop/ee2026/Audio_Viz_Project_Template.xpr/Audio_Viz_Project_Template/Audio_Viz_Project_Template.srcs/sources_1/imports/new/VOICE_CAPTURER.v:]
WARNING: [filemgmt 56-199] Attempt to get parsing info during refresh. "On-the-fly" syntax checking information may be incorrect. [C:/Users/sujay/Desktop/ee2026/Audio_Viz_Project_Template.xpr/Audio_Viz_Project_Template/Audio_Viz_Project_Template.srcs/sources_1/new/clk_div.v:]
ERROR: [Common 17-180] Spawn failed: No error
WARNING: [filemgmt 56-199] Attempt to get parsing info during refresh. "On-the-fly" syntax checking information may be incorrect. [C:/Users/sujay/Desktop/ee2026/Audio_Viz_Project_Template.xpr/Audio_Viz_Project_Template/Audio_Viz_Project_Template.srcs/sources_1/new/TestWave_Gen.v:]
WARNING: [filemgmt 56-199] Attempt to get parsing info during refresh. "On-the-fly" syntax checking information may be incorrect. [C:/Users/sujay/Desktop/ee2026/Audio_Viz_Project_Template.xpr/Audio_Viz_Project_Template/Audio_Viz_Project_Template.srcs/sources_1/imports/new/Voice_Scope_TOP.v:]
WARNING: [filemgmt 56-199] Attempt to get parsing info during refresh. "On-the-fly" syntax checking information may be incorrect. [C:/Users/sujay/Desktop/ee2026/Audio_Viz_Project_Template.xpr/Audio_Viz_Project_Template/Audio_Viz_Project_Template.srcs/sources_1/imports/new/Draw_Waveform.v:]
WARNING: [filemgmt 56-199] Attempt to get parsing info during refresh. "On-the-fly" syntax checking information may be incorrect. [C:/Users/sujay/Desktop/ee2026/Audio_Viz_Project_Template.xpr/Audio_Viz_Project_Template/Audio_Viz_Project_Template.srcs/sources_1/imports/new/VOICE_CAPTURER.v:]
WARNING: [filemgmt 56-199] Attempt to get parsing info during refresh. "On-the-fly" syntax checking information may be incorrect. [C:/Users/sujay/Desktop/ee2026/Audio_Viz_Project_Template.xpr/Audio_Viz_Project_Template/Audio_Viz_Project_Template.srcs/sources_1/new/clk_div.v:]
ERROR: [Common 17-180] Spawn failed: No error
WARNING: [filemgmt 56-199] Attempt to get parsing info during refresh. "On-the-fly" syntax checking information may be incorrect. [C:/Users/sujay/Desktop/ee2026/Audio_Viz_Project_Template.xpr/Audio_Viz_Project_Template/Audio_Viz_Project_Template.srcs/sources_1/new/TestWave_Gen.v:]
WARNING: [filemgmt 56-199] Attempt to get parsing info during refresh. "On-the-fly" syntax checking information may be incorrect. [C:/Users/sujay/Desktop/ee2026/Audio_Viz_Project_Template.xpr/Audio_Viz_Project_Template/Audio_Viz_Project_Template.srcs/sources_1/imports/new/Voice_Scope_TOP.v:]
WARNING: [filemgmt 56-199] Attempt to get parsing info during refresh. "On-the-fly" syntax checking information may be incorrect. [C:/Users/sujay/Desktop/ee2026/Audio_Viz_Project_Template.xpr/Audio_Viz_Project_Template/Audio_Viz_Project_Template.srcs/sources_1/imports/new/Draw_Waveform.v:]
WARNING: [filemgmt 56-199] Attempt to get parsing info during refresh. "On-the-fly" syntax checking information may be incorrect. [C:/Users/sujay/Desktop/ee2026/Audio_Viz_Project_Template.xpr/Audio_Viz_Project_Template/Audio_Viz_Project_Template.srcs/sources_1/imports/new/VOICE_CAPTURER.v:]
WARNING: [filemgmt 56-199] Attempt to get parsing info during refresh. "On-the-fly" syntax checking information may be incorrect. [C:/Users/sujay/Desktop/ee2026/Audio_Viz_Project_Template.xpr/Audio_Viz_Project_Template/Audio_Viz_Project_Template.srcs/sources_1/new/clk_div.v:]
WARNING: [filemgmt 56-199] Attempt to get parsing info during refresh. "On-the-fly" syntax checking information may be incorrect. [C:/Users/sujay/Desktop/ee2026/Audio_Viz_Project_Template.xpr/Audio_Viz_Project_Template/Audio_Viz_Project_Template.srcs/sources_1/new/TestWave_Gen.v:]
WARNING: [filemgmt 56-199] Attempt to get parsing info during refresh. "On-the-fly" syntax checking information may be incorrect. [C:/Users/sujay/Desktop/ee2026/Audio_Viz_Project_Template.xpr/Audio_Viz_Project_Template/Audio_Viz_Project_Template.srcs/sources_1/imports/new/Voice_Scope_TOP.v:]
WARNING: [filemgmt 56-199] Attempt to get parsing info during refresh. "On-the-fly" syntax checking information may be incorrect. [C:/Users/sujay/Desktop/ee2026/Audio_Viz_Project_Template.xpr/Audio_Viz_Project_Template/Audio_Viz_Project_Template.srcs/sources_1/imports/new/Draw_Waveform.v:]
WARNING: [filemgmt 56-199] Attempt to get parsing info during refresh. "On-the-fly" syntax checking information may be incorrect. [C:/Users/sujay/Desktop/ee2026/Audio_Viz_Project_Template.xpr/Audio_Viz_Project_Template/Audio_Viz_Project_Template.srcs/sources_1/imports/new/VOICE_CAPTURER.v:]
WARNING: [filemgmt 56-199] Attempt to get parsing info during refresh. "On-the-fly" syntax checking information may be incorrect. [C:/Users/sujay/Desktop/ee2026/Audio_Viz_Project_Template.xpr/Audio_Viz_Project_Template/Audio_Viz_Project_Template.srcs/sources_1/new/clk_div.v:]
ERROR: [Common 17-180] Spawn failed: No error
WARNING: [filemgmt 56-199] Attempt to get parsing info during refresh. "On-the-fly" syntax checking information may be incorrect. [C:/Users/sujay/Desktop/ee2026/Audio_Viz_Project_Template.xpr/Audio_Viz_Project_Template/Audio_Viz_Project_Template.srcs/sources_1/new/TestWave_Gen.v:]
WARNING: [filemgmt 56-199] Attempt to get parsing info during refresh. "On-the-fly" syntax checking information may be incorrect. [C:/Users/sujay/Desktop/ee2026/Audio_Viz_Project_Template.xpr/Audio_Viz_Project_Template/Audio_Viz_Project_Template.srcs/sources_1/imports/new/Voice_Scope_TOP.v:]
WARNING: [filemgmt 56-199] Attempt to get parsing info during refresh. "On-the-fly" syntax checking information may be incorrect. [C:/Users/sujay/Desktop/ee2026/Audio_Viz_Project_Template.xpr/Audio_Viz_Project_Template/Audio_Viz_Project_Template.srcs/sources_1/imports/new/Draw_Waveform.v:]
WARNING: [filemgmt 56-199] Attempt to get parsing info during refresh. "On-the-fly" syntax checking information may be incorrect. [C:/Users/sujay/Desktop/ee2026/Audio_Viz_Project_Template.xpr/Audio_Viz_Project_Template/Audio_Viz_Project_Template.srcs/sources_1/imports/new/VOICE_CAPTURER.v:]
WARNING: [filemgmt 56-199] Attempt to get parsing info during refresh. "On-the-fly" syntax checking information may be incorrect. [C:/Users/sujay/Desktop/ee2026/Audio_Viz_Project_Template.xpr/Audio_Viz_Project_Template/Audio_Viz_Project_Template.srcs/sources_1/new/clk_div.v:]
WARNING: [filemgmt 56-199] Attempt to get parsing info during refresh. "On-the-fly" syntax checking information may be incorrect. [C:/Users/sujay/Desktop/ee2026/Audio_Viz_Project_Template.xpr/Audio_Viz_Project_Template/Audio_Viz_Project_Template.srcs/sources_1/new/TestWave_Gen.v:]
WARNING: [filemgmt 56-199] Attempt to get parsing info during refresh. "On-the-fly" syntax checking information may be incorrect. [C:/Users/sujay/Desktop/ee2026/Audio_Viz_Project_Template.xpr/Audio_Viz_Project_Template/Audio_Viz_Project_Template.srcs/sources_1/imports/new/Voice_Scope_TOP.v:]
WARNING: [filemgmt 56-199] Attempt to get parsing info during refresh. "On-the-fly" syntax checking information may be incorrect. [C:/Users/sujay/Desktop/ee2026/Audio_Viz_Project_Template.xpr/Audio_Viz_Project_Template/Audio_Viz_Project_Template.srcs/sources_1/imports/new/Draw_Waveform.v:]
WARNING: [filemgmt 56-199] Attempt to get parsing info during refresh. "On-the-fly" syntax checking information may be incorrect. [C:/Users/sujay/Desktop/ee2026/Audio_Viz_Project_Template.xpr/Audio_Viz_Project_Template/Audio_Viz_Project_Template.srcs/sources_1/imports/new/VOICE_CAPTURER.v:]
WARNING: [filemgmt 56-199] Attempt to get parsing info during refresh. "On-the-fly" syntax checking information may be incorrect. [C:/Users/sujay/Desktop/ee2026/Audio_Viz_Project_Template.xpr/Audio_Viz_Project_Template/Audio_Viz_Project_Template.srcs/sources_1/new/clk_div.v:]
ERROR: [Common 17-180] Spawn failed: No error
WARNING: [filemgmt 56-199] Attempt to get parsing info during refresh. "On-the-fly" syntax checking information may be incorrect. [C:/Users/sujay/Desktop/ee2026/Audio_Viz_Project_Template.xpr/Audio_Viz_Project_Template/Audio_Viz_Project_Template.srcs/sources_1/new/TestWave_Gen.v:]
WARNING: [filemgmt 56-199] Attempt to get parsing info during refresh. "On-the-fly" syntax checking information may be incorrect. [C:/Users/sujay/Desktop/ee2026/Audio_Viz_Project_Template.xpr/Audio_Viz_Project_Template/Audio_Viz_Project_Template.srcs/sources_1/imports/new/Voice_Scope_TOP.v:]
WARNING: [filemgmt 56-199] Attempt to get parsing info during refresh. "On-the-fly" syntax checking information may be incorrect. [C:/Users/sujay/Desktop/ee2026/Audio_Viz_Project_Template.xpr/Audio_Viz_Project_Template/Audio_Viz_Project_Template.srcs/sources_1/imports/new/Draw_Waveform.v:]
WARNING: [filemgmt 56-199] Attempt to get parsing info during refresh. "On-the-fly" syntax checking information may be incorrect. [C:/Users/sujay/Desktop/ee2026/Audio_Viz_Project_Template.xpr/Audio_Viz_Project_Template/Audio_Viz_Project_Template.srcs/sources_1/imports/new/VOICE_CAPTURER.v:]
WARNING: [filemgmt 56-199] Attempt to get parsing info during refresh. "On-the-fly" syntax checking information may be incorrect. [C:/Users/sujay/Desktop/ee2026/Audio_Viz_Project_Template.xpr/Audio_Viz_Project_Template/Audio_Viz_Project_Template.srcs/sources_1/new/clk_div.v:]
ERROR: [Common 17-180] Spawn failed: No error
WARNING: [filemgmt 56-199] Attempt to get parsing info during refresh. "On-the-fly" syntax checking information may be incorrect. [C:/Users/sujay/Desktop/ee2026/Audio_Viz_Project_Template.xpr/Audio_Viz_Project_Template/Audio_Viz_Project_Template.srcs/sources_1/new/TestWave_Gen.v:]
WARNING: [filemgmt 56-199] Attempt to get parsing info during refresh. "On-the-fly" syntax checking information may be incorrect. [C:/Users/sujay/Desktop/ee2026/Audio_Viz_Project_Template.xpr/Audio_Viz_Project_Template/Audio_Viz_Project_Template.srcs/sources_1/imports/new/Voice_Scope_TOP.v:]
WARNING: [filemgmt 56-199] Attempt to get parsing info during refresh. "On-the-fly" syntax checking information may be incorrect. [C:/Users/sujay/Desktop/ee2026/Audio_Viz_Project_Template.xpr/Audio_Viz_Project_Template/Audio_Viz_Project_Template.srcs/sources_1/imports/new/Draw_Waveform.v:]
WARNING: [filemgmt 56-199] Attempt to get parsing info during refresh. "On-the-fly" syntax checking information may be incorrect. [C:/Users/sujay/Desktop/ee2026/Audio_Viz_Project_Template.xpr/Audio_Viz_Project_Template/Audio_Viz_Project_Template.srcs/sources_1/imports/new/VOICE_CAPTURER.v:]
WARNING: [filemgmt 56-199] Attempt to get parsing info during refresh. "On-the-fly" syntax checking information may be incorrect. [C:/Users/sujay/Desktop/ee2026/Audio_Viz_Project_Template.xpr/Audio_Viz_Project_Template/Audio_Viz_Project_Template.srcs/sources_1/new/clk_div.v:]
ERROR: [Common 17-180] Spawn failed: No error
WARNING: [filemgmt 56-199] Attempt to get parsing info during refresh. "On-the-fly" syntax checking information may be incorrect. [C:/Users/sujay/Desktop/ee2026/Audio_Viz_Project_Template.xpr/Audio_Viz_Project_Template/Audio_Viz_Project_Template.srcs/sources_1/new/TestWave_Gen.v:]
WARNING: [filemgmt 56-199] Attempt to get parsing info during refresh. "On-the-fly" syntax checking information may be incorrect. [C:/Users/sujay/Desktop/ee2026/Audio_Viz_Project_Template.xpr/Audio_Viz_Project_Template/Audio_Viz_Project_Template.srcs/sources_1/imports/new/Voice_Scope_TOP.v:]
WARNING: [filemgmt 56-199] Attempt to get parsing info during refresh. "On-the-fly" syntax checking information may be incorrect. [C:/Users/sujay/Desktop/ee2026/Audio_Viz_Project_Template.xpr/Audio_Viz_Project_Template/Audio_Viz_Project_Template.srcs/sources_1/imports/new/Draw_Waveform.v:]
WARNING: [filemgmt 56-199] Attempt to get parsing info during refresh. "On-the-fly" syntax checking information may be incorrect. [C:/Users/sujay/Desktop/ee2026/Audio_Viz_Project_Template.xpr/Audio_Viz_Project_Template/Audio_Viz_Project_Template.srcs/sources_1/imports/new/VOICE_CAPTURER.v:]
WARNING: [filemgmt 56-199] Attempt to get parsing info during refresh. "On-the-fly" syntax checking information may be incorrect. [C:/Users/sujay/Desktop/ee2026/Audio_Viz_Project_Template.xpr/Audio_Viz_Project_Template/Audio_Viz_Project_Template.srcs/sources_1/new/clk_div.v:]
WARNING: [filemgmt 56-199] Attempt to get parsing info during refresh. "On-the-fly" syntax checking information may be incorrect. [C:/Users/sujay/Desktop/ee2026/Audio_Viz_Project_Template.xpr/Audio_Viz_Project_Template/Audio_Viz_Project_Template.srcs/sources_1/new/TestWave_Gen.v:]
WARNING: [filemgmt 56-199] Attempt to get parsing info during refresh. "On-the-fly" syntax checking information may be incorrect. [C:/Users/sujay/Desktop/ee2026/Audio_Viz_Project_Template.xpr/Audio_Viz_Project_Template/Audio_Viz_Project_Template.srcs/sources_1/imports/new/Voice_Scope_TOP.v:]
WARNING: [filemgmt 56-199] Attempt to get parsing info during refresh. "On-the-fly" syntax checking information may be incorrect. [C:/Users/sujay/Desktop/ee2026/Audio_Viz_Project_Template.xpr/Audio_Viz_Project_Template/Audio_Viz_Project_Template.srcs/sources_1/imports/new/Draw_Waveform.v:]
WARNING: [filemgmt 56-199] Attempt to get parsing info during refresh. "On-the-fly" syntax checking information may be incorrect. [C:/Users/sujay/Desktop/ee2026/Audio_Viz_Project_Template.xpr/Audio_Viz_Project_Template/Audio_Viz_Project_Template.srcs/sources_1/imports/new/VOICE_CAPTURER.v:]
WARNING: [filemgmt 56-199] Attempt to get parsing info during refresh. "On-the-fly" syntax checking information may be incorrect. [C:/Users/sujay/Desktop/ee2026/Audio_Viz_Project_Template.xpr/Audio_Viz_Project_Template/Audio_Viz_Project_Template.srcs/sources_1/new/clk_div.v:]
ERROR: [Common 17-180] Spawn failed: No error
WARNING: [filemgmt 56-199] Attempt to get parsing info during refresh. "On-the-fly" syntax checking information may be incorrect. [C:/Users/sujay/Desktop/ee2026/Audio_Viz_Project_Template.xpr/Audio_Viz_Project_Template/Audio_Viz_Project_Template.srcs/sources_1/new/TestWave_Gen.v:]
WARNING: [filemgmt 56-199] Attempt to get parsing info during refresh. "On-the-fly" syntax checking information may be incorrect. [C:/Users/sujay/Desktop/ee2026/Audio_Viz_Project_Template.xpr/Audio_Viz_Project_Template/Audio_Viz_Project_Template.srcs/sources_1/imports/new/Voice_Scope_TOP.v:]
WARNING: [filemgmt 56-199] Attempt to get parsing info during refresh. "On-the-fly" syntax checking information may be incorrect. [C:/Users/sujay/Desktop/ee2026/Audio_Viz_Project_Template.xpr/Audio_Viz_Project_Template/Audio_Viz_Project_Template.srcs/sources_1/imports/new/Draw_Waveform.v:]
WARNING: [filemgmt 56-199] Attempt to get parsing info during refresh. "On-the-fly" syntax checking information may be incorrect. [C:/Users/sujay/Desktop/ee2026/Audio_Viz_Project_Template.xpr/Audio_Viz_Project_Template/Audio_Viz_Project_Template.srcs/sources_1/imports/new/VOICE_CAPTURER.v:]
WARNING: [filemgmt 56-199] Attempt to get parsing info during refresh. "On-the-fly" syntax checking information may be incorrect. [C:/Users/sujay/Desktop/ee2026/Audio_Viz_Project_Template.xpr/Audio_Viz_Project_Template/Audio_Viz_Project_Template.srcs/sources_1/new/clk_div.v:]
ERROR: [Common 17-180] Spawn failed: No error
WARNING: [filemgmt 56-199] Attempt to get parsing info during refresh. "On-the-fly" syntax checking information may be incorrect. [C:/Users/sujay/Desktop/ee2026/Audio_Viz_Project_Template.xpr/Audio_Viz_Project_Template/Audio_Viz_Project_Template.srcs/sources_1/new/TestWave_Gen.v:]
WARNING: [filemgmt 56-199] Attempt to get parsing info during refresh. "On-the-fly" syntax checking information may be incorrect. [C:/Users/sujay/Desktop/ee2026/Audio_Viz_Project_Template.xpr/Audio_Viz_Project_Template/Audio_Viz_Project_Template.srcs/sources_1/imports/new/Voice_Scope_TOP.v:]
WARNING: [filemgmt 56-199] Attempt to get parsing info during refresh. "On-the-fly" syntax checking information may be incorrect. [C:/Users/sujay/Desktop/ee2026/Audio_Viz_Project_Template.xpr/Audio_Viz_Project_Template/Audio_Viz_Project_Template.srcs/sources_1/imports/new/Draw_Waveform.v:]
WARNING: [filemgmt 56-199] Attempt to get parsing info during refresh. "On-the-fly" syntax checking information may be incorrect. [C:/Users/sujay/Desktop/ee2026/Audio_Viz_Project_Template.xpr/Audio_Viz_Project_Template/Audio_Viz_Project_Template.srcs/sources_1/imports/new/VOICE_CAPTURER.v:]
WARNING: [filemgmt 56-199] Attempt to get parsing info during refresh. "On-the-fly" syntax checking information may be incorrect. [C:/Users/sujay/Desktop/ee2026/Audio_Viz_Project_Template.xpr/Audio_Viz_Project_Template/Audio_Viz_Project_Template.srcs/sources_1/new/clk_div.v:]
ERROR: [Common 17-180] Spawn failed: No error
WARNING: [filemgmt 56-199] Attempt to get parsing info during refresh. "On-the-fly" syntax checking information may be incorrect. [C:/Users/sujay/Desktop/ee2026/Audio_Viz_Project_Template.xpr/Audio_Viz_Project_Template/Audio_Viz_Project_Template.srcs/sources_1/new/TestWave_Gen.v:]
WARNING: [filemgmt 56-199] Attempt to get parsing info during refresh. "On-the-fly" syntax checking information may be incorrect. [C:/Users/sujay/Desktop/ee2026/Audio_Viz_Project_Template.xpr/Audio_Viz_Project_Template/Audio_Viz_Project_Template.srcs/sources_1/imports/new/Voice_Scope_TOP.v:]
WARNING: [filemgmt 56-199] Attempt to get parsing info during refresh. "On-the-fly" syntax checking information may be incorrect. [C:/Users/sujay/Desktop/ee2026/Audio_Viz_Project_Template.xpr/Audio_Viz_Project_Template/Audio_Viz_Project_Template.srcs/sources_1/imports/new/Draw_Waveform.v:]
WARNING: [filemgmt 56-199] Attempt to get parsing info during refresh. "On-the-fly" syntax checking information may be incorrect. [C:/Users/sujay/Desktop/ee2026/Audio_Viz_Project_Template.xpr/Audio_Viz_Project_Template/Audio_Viz_Project_Template.srcs/sources_1/imports/new/VOICE_CAPTURER.v:]
WARNING: [filemgmt 56-199] Attempt to get parsing info during refresh. "On-the-fly" syntax checking information may be incorrect. [C:/Users/sujay/Desktop/ee2026/Audio_Viz_Project_Template.xpr/Audio_Viz_Project_Template/Audio_Viz_Project_Template.srcs/sources_1/new/clk_div.v:]
ERROR: [Common 17-180] Spawn failed: No error
WARNING: [filemgmt 56-199] Attempt to get parsing info during refresh. "On-the-fly" syntax checking information may be incorrect. [C:/Users/sujay/Desktop/ee2026/Audio_Viz_Project_Template.xpr/Audio_Viz_Project_Template/Audio_Viz_Project_Template.srcs/sources_1/new/TestWave_Gen.v:]
WARNING: [filemgmt 56-199] Attempt to get parsing info during refresh. "On-the-fly" syntax checking information may be incorrect. [C:/Users/sujay/Desktop/ee2026/Audio_Viz_Project_Template.xpr/Audio_Viz_Project_Template/Audio_Viz_Project_Template.srcs/sources_1/imports/new/Voice_Scope_TOP.v:]
WARNING: [filemgmt 56-199] Attempt to get parsing info during refresh. "On-the-fly" syntax checking information may be incorrect. [C:/Users/sujay/Desktop/ee2026/Audio_Viz_Project_Template.xpr/Audio_Viz_Project_Template/Audio_Viz_Project_Template.srcs/sources_1/imports/new/Draw_Waveform.v:]
WARNING: [filemgmt 56-199] Attempt to get parsing info during refresh. "On-the-fly" syntax checking information may be incorrect. [C:/Users/sujay/Desktop/ee2026/Audio_Viz_Project_Template.xpr/Audio_Viz_Project_Template/Audio_Viz_Project_Template.srcs/sources_1/imports/new/VOICE_CAPTURER.v:]
WARNING: [filemgmt 56-199] Attempt to get parsing info during refresh. "On-the-fly" syntax checking information may be incorrect. [C:/Users/sujay/Desktop/ee2026/Audio_Viz_Project_Template.xpr/Audio_Viz_Project_Template/Audio_Viz_Project_Template.srcs/sources_1/new/clk_div.v:]
ERROR: [Common 17-180] Spawn failed: No error
WARNING: [filemgmt 56-199] Attempt to get parsing info during refresh. "On-the-fly" syntax checking information may be incorrect. [C:/Users/sujay/Desktop/ee2026/Audio_Viz_Project_Template.xpr/Audio_Viz_Project_Template/Audio_Viz_Project_Template.srcs/sources_1/new/TestWave_Gen.v:]
WARNING: [filemgmt 56-199] Attempt to get parsing info during refresh. "On-the-fly" syntax checking information may be incorrect. [C:/Users/sujay/Desktop/ee2026/Audio_Viz_Project_Template.xpr/Audio_Viz_Project_Template/Audio_Viz_Project_Template.srcs/sources_1/imports/new/Voice_Scope_TOP.v:]
WARNING: [filemgmt 56-199] Attempt to get parsing info during refresh. "On-the-fly" syntax checking information may be incorrect. [C:/Users/sujay/Desktop/ee2026/Audio_Viz_Project_Template.xpr/Audio_Viz_Project_Template/Audio_Viz_Project_Template.srcs/sources_1/imports/new/Draw_Waveform.v:]
WARNING: [filemgmt 56-199] Attempt to get parsing info during refresh. "On-the-fly" syntax checking information may be incorrect. [C:/Users/sujay/Desktop/ee2026/Audio_Viz_Project_Template.xpr/Audio_Viz_Project_Template/Audio_Viz_Project_Template.srcs/sources_1/imports/new/VOICE_CAPTURER.v:]
WARNING: [filemgmt 56-199] Attempt to get parsing info during refresh. "On-the-fly" syntax checking information may be incorrect. [C:/Users/sujay/Desktop/ee2026/Audio_Viz_Project_Template.xpr/Audio_Viz_Project_Template/Audio_Viz_Project_Template.srcs/sources_1/new/clk_div.v:]
ERROR: [Common 17-180] Spawn failed: No error
WARNING: [filemgmt 56-199] Attempt to get parsing info during refresh. "On-the-fly" syntax checking information may be incorrect. [C:/Users/sujay/Desktop/ee2026/Audio_Viz_Project_Template.xpr/Audio_Viz_Project_Template/Audio_Viz_Project_Template.srcs/sources_1/new/TestWave_Gen.v:]
WARNING: [filemgmt 56-199] Attempt to get parsing info during refresh. "On-the-fly" syntax checking information may be incorrect. [C:/Users/sujay/Desktop/ee2026/Audio_Viz_Project_Template.xpr/Audio_Viz_Project_Template/Audio_Viz_Project_Template.srcs/sources_1/imports/new/Voice_Scope_TOP.v:]
WARNING: [filemgmt 56-199] Attempt to get parsing info during refresh. "On-the-fly" syntax checking information may be incorrect. [C:/Users/sujay/Desktop/ee2026/Audio_Viz_Project_Template.xpr/Audio_Viz_Project_Template/Audio_Viz_Project_Template.srcs/sources_1/imports/new/Draw_Waveform.v:]
WARNING: [filemgmt 56-199] Attempt to get parsing info during refresh. "On-the-fly" syntax checking information may be incorrect. [C:/Users/sujay/Desktop/ee2026/Audio_Viz_Project_Template.xpr/Audio_Viz_Project_Template/Audio_Viz_Project_Template.srcs/sources_1/imports/new/VOICE_CAPTURER.v:]
WARNING: [filemgmt 56-199] Attempt to get parsing info during refresh. "On-the-fly" syntax checking information may be incorrect. [C:/Users/sujay/Desktop/ee2026/Audio_Viz_Project_Template.xpr/Audio_Viz_Project_Template/Audio_Viz_Project_Template.srcs/sources_1/new/clk_div.v:]
ERROR: [Common 17-180] Spawn failed: No error
WARNING: [filemgmt 56-199] Attempt to get parsing info during refresh. "On-the-fly" syntax checking information may be incorrect. [C:/Users/sujay/Desktop/ee2026/Audio_Viz_Project_Template.xpr/Audio_Viz_Project_Template/Audio_Viz_Project_Template.srcs/sources_1/new/TestWave_Gen.v:]
WARNING: [filemgmt 56-199] Attempt to get parsing info during refresh. "On-the-fly" syntax checking information may be incorrect. [C:/Users/sujay/Desktop/ee2026/Audio_Viz_Project_Template.xpr/Audio_Viz_Project_Template/Audio_Viz_Project_Template.srcs/sources_1/imports/new/Voice_Scope_TOP.v:]
WARNING: [filemgmt 56-199] Attempt to get parsing info during refresh. "On-the-fly" syntax checking information may be incorrect. [C:/Users/sujay/Desktop/ee2026/Audio_Viz_Project_Template.xpr/Audio_Viz_Project_Template/Audio_Viz_Project_Template.srcs/sources_1/imports/new/Draw_Waveform.v:]
WARNING: [filemgmt 56-199] Attempt to get parsing info during refresh. "On-the-fly" syntax checking information may be incorrect. [C:/Users/sujay/Desktop/ee2026/Audio_Viz_Project_Template.xpr/Audio_Viz_Project_Template/Audio_Viz_Project_Template.srcs/sources_1/imports/new/VOICE_CAPTURER.v:]
WARNING: [filemgmt 56-199] Attempt to get parsing info during refresh. "On-the-fly" syntax checking information may be incorrect. [C:/Users/sujay/Desktop/ee2026/Audio_Viz_Project_Template.xpr/Audio_Viz_Project_Template/Audio_Viz_Project_Template.srcs/sources_1/new/clk_div.v:]
ERROR: [Common 17-180] Spawn failed: No error
WARNING: [filemgmt 56-199] Attempt to get parsing info during refresh. "On-the-fly" syntax checking information may be incorrect. [C:/Users/sujay/Desktop/ee2026/Audio_Viz_Project_Template.xpr/Audio_Viz_Project_Template/Audio_Viz_Project_Template.srcs/sources_1/new/TestWave_Gen.v:]
WARNING: [filemgmt 56-199] Attempt to get parsing info during refresh. "On-the-fly" syntax checking information may be incorrect. [C:/Users/sujay/Desktop/ee2026/Audio_Viz_Project_Template.xpr/Audio_Viz_Project_Template/Audio_Viz_Project_Template.srcs/sources_1/imports/new/Voice_Scope_TOP.v:]
WARNING: [filemgmt 56-199] Attempt to get parsing info during refresh. "On-the-fly" syntax checking information may be incorrect. [C:/Users/sujay/Desktop/ee2026/Audio_Viz_Project_Template.xpr/Audio_Viz_Project_Template/Audio_Viz_Project_Template.srcs/sources_1/imports/new/Draw_Waveform.v:]
WARNING: [filemgmt 56-199] Attempt to get parsing info during refresh. "On-the-fly" syntax checking information may be incorrect. [C:/Users/sujay/Desktop/ee2026/Audio_Viz_Project_Template.xpr/Audio_Viz_Project_Template/Audio_Viz_Project_Template.srcs/sources_1/imports/new/VOICE_CAPTURER.v:]
WARNING: [filemgmt 56-199] Attempt to get parsing info during refresh. "On-the-fly" syntax checking information may be incorrect. [C:/Users/sujay/Desktop/ee2026/Audio_Viz_Project_Template.xpr/Audio_Viz_Project_Template/Audio_Viz_Project_Template.srcs/sources_1/new/clk_div.v:]
ERROR: [Common 17-180] Spawn failed: No error
WARNING: [filemgmt 56-199] Attempt to get parsing info during refresh. "On-the-fly" syntax checking information may be incorrect. [C:/Users/sujay/Desktop/ee2026/Audio_Viz_Project_Template.xpr/Audio_Viz_Project_Template/Audio_Viz_Project_Template.srcs/sources_1/new/TestWave_Gen.v:]
WARNING: [filemgmt 56-199] Attempt to get parsing info during refresh. "On-the-fly" syntax checking information may be incorrect. [C:/Users/sujay/Desktop/ee2026/Audio_Viz_Project_Template.xpr/Audio_Viz_Project_Template/Audio_Viz_Project_Template.srcs/sources_1/imports/new/Voice_Scope_TOP.v:]
WARNING: [filemgmt 56-199] Attempt to get parsing info during refresh. "On-the-fly" syntax checking information may be incorrect. [C:/Users/sujay/Desktop/ee2026/Audio_Viz_Project_Template.xpr/Audio_Viz_Project_Template/Audio_Viz_Project_Template.srcs/sources_1/imports/new/Draw_Waveform.v:]
WARNING: [filemgmt 56-199] Attempt to get parsing info during refresh. "On-the-fly" syntax checking information may be incorrect. [C:/Users/sujay/Desktop/ee2026/Audio_Viz_Project_Template.xpr/Audio_Viz_Project_Template/Audio_Viz_Project_Template.srcs/sources_1/imports/new/VOICE_CAPTURER.v:]
WARNING: [filemgmt 56-199] Attempt to get parsing info during refresh. "On-the-fly" syntax checking information may be incorrect. [C:/Users/sujay/Desktop/ee2026/Audio_Viz_Project_Template.xpr/Audio_Viz_Project_Template/Audio_Viz_Project_Template.srcs/sources_1/new/clk_div.v:]
ERROR: [Common 17-180] Spawn failed: No error
WARNING: [filemgmt 56-199] Attempt to get parsing info during refresh. "On-the-fly" syntax checking information may be incorrect. [C:/Users/sujay/Desktop/ee2026/Audio_Viz_Project_Template.xpr/Audio_Viz_Project_Template/Audio_Viz_Project_Template.srcs/sources_1/new/TestWave_Gen.v:]
WARNING: [filemgmt 56-199] Attempt to get parsing info during refresh. "On-the-fly" syntax checking information may be incorrect. [C:/Users/sujay/Desktop/ee2026/Audio_Viz_Project_Template.xpr/Audio_Viz_Project_Template/Audio_Viz_Project_Template.srcs/sources_1/imports/new/Voice_Scope_TOP.v:]
WARNING: [filemgmt 56-199] Attempt to get parsing info during refresh. "On-the-fly" syntax checking information may be incorrect. [C:/Users/sujay/Desktop/ee2026/Audio_Viz_Project_Template.xpr/Audio_Viz_Project_Template/Audio_Viz_Project_Template.srcs/sources_1/imports/new/Draw_Waveform.v:]
WARNING: [filemgmt 56-199] Attempt to get parsing info during refresh. "On-the-fly" syntax checking information may be incorrect. [C:/Users/sujay/Desktop/ee2026/Audio_Viz_Project_Template.xpr/Audio_Viz_Project_Template/Audio_Viz_Project_Template.srcs/sources_1/imports/new/VOICE_CAPTURER.v:]
WARNING: [filemgmt 56-199] Attempt to get parsing info during refresh. "On-the-fly" syntax checking information may be incorrect. [C:/Users/sujay/Desktop/ee2026/Audio_Viz_Project_Template.xpr/Audio_Viz_Project_Template/Audio_Viz_Project_Template.srcs/sources_1/new/clk_div.v:]
WARNING: [filemgmt 56-199] Attempt to get parsing info during refresh. "On-the-fly" syntax checking information may be incorrect. [C:/Users/sujay/Desktop/ee2026/Audio_Viz_Project_Template.xpr/Audio_Viz_Project_Template/Audio_Viz_Project_Template.srcs/sources_1/new/TestWave_Gen.v:]
WARNING: [filemgmt 56-199] Attempt to get parsing info during refresh. "On-the-fly" syntax checking information may be incorrect. [C:/Users/sujay/Desktop/ee2026/Audio_Viz_Project_Template.xpr/Audio_Viz_Project_Template/Audio_Viz_Project_Template.srcs/sources_1/imports/new/Voice_Scope_TOP.v:]
WARNING: [filemgmt 56-199] Attempt to get parsing info during refresh. "On-the-fly" syntax checking information may be incorrect. [C:/Users/sujay/Desktop/ee2026/Audio_Viz_Project_Template.xpr/Audio_Viz_Project_Template/Audio_Viz_Project_Template.srcs/sources_1/imports/new/Draw_Waveform.v:]
WARNING: [filemgmt 56-199] Attempt to get parsing info during refresh. "On-the-fly" syntax checking information may be incorrect. [C:/Users/sujay/Desktop/ee2026/Audio_Viz_Project_Template.xpr/Audio_Viz_Project_Template/Audio_Viz_Project_Template.srcs/sources_1/imports/new/VOICE_CAPTURER.v:]
WARNING: [filemgmt 56-199] Attempt to get parsing info during refresh. "On-the-fly" syntax checking information may be incorrect. [C:/Users/sujay/Desktop/ee2026/Audio_Viz_Project_Template.xpr/Audio_Viz_Project_Template/Audio_Viz_Project_Template.srcs/sources_1/new/clk_div.v:]
ERROR: [Common 17-180] Spawn failed: No error
WARNING: [filemgmt 56-199] Attempt to get parsing info during refresh. "On-the-fly" syntax checking information may be incorrect. [C:/Users/sujay/Desktop/ee2026/Audio_Viz_Project_Template.xpr/Audio_Viz_Project_Template/Audio_Viz_Project_Template.srcs/sources_1/new/TestWave_Gen.v:]
WARNING: [filemgmt 56-199] Attempt to get parsing info during refresh. "On-the-fly" syntax checking information may be incorrect. [C:/Users/sujay/Desktop/ee2026/Audio_Viz_Project_Template.xpr/Audio_Viz_Project_Template/Audio_Viz_Project_Template.srcs/sources_1/imports/new/Voice_Scope_TOP.v:]
WARNING: [filemgmt 56-199] Attempt to get parsing info during refresh. "On-the-fly" syntax checking information may be incorrect. [C:/Users/sujay/Desktop/ee2026/Audio_Viz_Project_Template.xpr/Audio_Viz_Project_Template/Audio_Viz_Project_Template.srcs/sources_1/imports/new/Draw_Waveform.v:]
WARNING: [filemgmt 56-199] Attempt to get parsing info during refresh. "On-the-fly" syntax checking information may be incorrect. [C:/Users/sujay/Desktop/ee2026/Audio_Viz_Project_Template.xpr/Audio_Viz_Project_Template/Audio_Viz_Project_Template.srcs/sources_1/imports/new/VOICE_CAPTURER.v:]
WARNING: [filemgmt 56-199] Attempt to get parsing info during refresh. "On-the-fly" syntax checking information may be incorrect. [C:/Users/sujay/Desktop/ee2026/Audio_Viz_Project_Template.xpr/Audio_Viz_Project_Template/Audio_Viz_Project_Template.srcs/sources_1/new/clk_div.v:]
ERROR: [Common 17-180] Spawn failed: No error
launch_runs impl_1 -jobs 4
[Wed Mar 20 22:46:59 2019] Launched synth_1...
Run output will be captured here: C:/Users/sujay/Desktop/ee2026/Audio_Viz_Project_Template.xpr/Audio_Viz_Project_Template/Audio_Viz_Project_Template.runs/synth_1/runme.log
[Wed Mar 20 22:46:59 2019] Launched impl_1...
Run output will be captured here: C:/Users/sujay/Desktop/ee2026/Audio_Viz_Project_Template.xpr/Audio_Viz_Project_Template/Audio_Viz_Project_Template.runs/impl_1/runme.log
reset_run synth_1
launch_runs impl_1 -jobs 4
[Wed Mar 20 22:47:56 2019] Launched synth_1...
Run output will be captured here: C:/Users/sujay/Desktop/ee2026/Audio_Viz_Project_Template.xpr/Audio_Viz_Project_Template/Audio_Viz_Project_Template.runs/synth_1/runme.log
[Wed Mar 20 22:47:56 2019] Launched impl_1...
Run output will be captured here: C:/Users/sujay/Desktop/ee2026/Audio_Viz_Project_Template.xpr/Audio_Viz_Project_Template/Audio_Viz_Project_Template.runs/impl_1/runme.log
reset_run synth_1
launch_runs impl_1 -jobs 4
[Wed Mar 20 22:48:31 2019] Launched synth_1...
Run output will be captured here: C:/Users/sujay/Desktop/ee2026/Audio_Viz_Project_Template.xpr/Audio_Viz_Project_Template/Audio_Viz_Project_Template.runs/synth_1/runme.log
[Wed Mar 20 22:48:31 2019] Launched impl_1...
Run output will be captured here: C:/Users/sujay/Desktop/ee2026/Audio_Viz_Project_Template.xpr/Audio_Viz_Project_Template/Audio_Viz_Project_Template.runs/impl_1/runme.log
launch_runs impl_1 -to_step write_bitstream -jobs 4
[Wed Mar 20 22:50:22 2019] Launched impl_1...
Run output will be captured here: C:/Users/sujay/Desktop/ee2026/Audio_Viz_Project_Template.xpr/Audio_Viz_Project_Template/Audio_Viz_Project_Template.runs/impl_1/runme.log
open_run impl_1
INFO: [Netlist 29-17] Analyzing 126 Unisim elements for replacement
INFO: [Netlist 29-28] Unisim Transformation completed in 0 CPU seconds
INFO: [Project 1-479] Netlist was created with Vivado 2018.2
INFO: [Device 21-403] Loading part xc7a35tcpg236-1
INFO: [Project 1-570] Preparing netlist for logic optimization
INFO: [Timing 38-478] Restoring timing data from binary archive.
INFO: [Timing 38-479] Binary timing data restore complete.
INFO: [Project 1-856] Restoring constraints from binary archive.
INFO: [Project 1-853] Binary constraint restore complete.
Reading XDEF placement.
Reading placer database...
Reading XDEF routing.
Read XDEF File: Time (s): cpu = 00:00:00 ; elapsed = 00:00:00.137 . Memory (MB): peak = 1734.945 ; gain = 0.000
Restored from archive | CPU: 0.000000 secs | Memory: 0.000000 MB |
Finished XDEF File Restore: Time (s): cpu = 00:00:00 ; elapsed = 00:00:00.137 . Memory (MB): peak = 1734.945 ; gain = 0.000
INFO: [Project 1-111] Unisim Transformation Summary:
  A total of 80 instances were transformed.
  RAM64M => RAM64M (RAMD64E, RAMD64E, RAMD64E, RAMD64E): 60 instances
  RAM64X1D => RAM64X1D (RAMD64E, RAMD64E): 20 instances

open_run: Time (s): cpu = 00:00:28 ; elapsed = 00:00:26 . Memory (MB): peak = 1805.879 ; gain = 897.141
open_hw
connect_hw_server
INFO: [Labtools 27-2285] Connecting to hw_server url TCP:localhost:3121
INFO: [Labtools 27-2222] Launching hw_server...
INFO: [Labtools 27-2221] Launch Output:

****** Xilinx hw_server v2018.2
  **** Build date : Jun 14 2018-20:42:52
    ** Copyright 1986-2018 Xilinx, Inc. All Rights Reserved.


open_hw_target
INFO: [Labtoolstcl 44-466] Opening hw_target localhost:3121/xilinx_tcf/Digilent/210183713914A
set_property PROGRAM.FILE {C:/Users/sujay/Desktop/ee2026/Audio_Viz_Project_Template.xpr/Audio_Viz_Project_Template/Audio_Viz_Project_Template.runs/impl_1/Voice_Scope_TOP.bit} [get_hw_devices xc7a35t_0]
current_hw_device [get_hw_devices xc7a35t_0]
refresh_hw_device -update_hw_probes false [lindex [get_hw_devices xc7a35t_0] 0]
INFO: [Labtools 27-1434] Device xc7a35t (JTAG device index = 0) is programmed with a design that has no supported debug core(s) in it.
WARNING: [Labtools 27-3361] The debug hub core was not detected.
Resolution: 
1. Make sure the clock connected to the debug hub (dbg_hub) core is a free running clock and is active.
2. Make sure the BSCAN_SWITCH_USER_MASK device property in Vivado Hardware Manager reflects the user scan chain setting in the design and refresh the device.  To determine the user scan chain setting in the design, open the implemented design and use 'get_property C_USER_SCAN_CHAIN [get_debug_cores dbg_hub]'.
For more details on setting the scan chain property, consult the Vivado Debug and Programming User Guide (UG908).
set_property PROBES.FILE {} [get_hw_devices xc7a35t_0]
set_property FULL_PROBES.FILE {} [get_hw_devices xc7a35t_0]
set_property PROGRAM.FILE {C:/Users/sujay/Desktop/ee2026/Audio_Viz_Project_Template.xpr/Audio_Viz_Project_Template/Audio_Viz_Project_Template.runs/impl_1/Voice_Scope_TOP.bit} [get_hw_devices xc7a35t_0]
program_hw_devices [get_hw_devices xc7a35t_0]
INFO: [Labtools 27-3164] End of startup status: HIGH
refresh_hw_device [lindex [get_hw_devices xc7a35t_0] 0]
INFO: [Labtools 27-1434] Device xc7a35t (JTAG device index = 0) is programmed with a design that has no supported debug core(s) in it.
WARNING: [Labtools 27-3361] The debug hub core was not detected.
Resolution: 
1. Make sure the clock connected to the debug hub (dbg_hub) core is a free running clock and is active.
2. Make sure the BSCAN_SWITCH_USER_MASK device property in Vivado Hardware Manager reflects the user scan chain setting in the design and refresh the device.  To determine the user scan chain setting in the design, open the implemented design and use 'get_property C_USER_SCAN_CHAIN [get_debug_cores dbg_hub]'.
For more details on setting the scan chain property, consult the Vivado Debug and Programming User Guide (UG908).
ERROR: [Labtoolstcl 44-513] HW Target shutdown. Closing target: localhost:3121/xilinx_tcf/Digilent/210183713914A
close_project
exit
INFO: [Common 17-206] Exiting Vivado at Wed Mar 20 23:07:59 2019...
