#-----------------------------------------------------------
# Vivado v2018.2 (64-bit)
# SW Build 2258646 on Thu Jun 14 20:03:12 MDT 2018
# IP Build 2256618 on Thu Jun 14 22:10:49 MDT 2018
# Start of session at: Thu Apr  4 17:32:16 2019
# Process ID: 7540
# Current directory: C:/Users/Rohan/Desktop/Vivado/master/EE2026-Design-Project
# Command line: vivado.exe -gui_launcher_event rodinguilauncherevent33424 C:\Users\Rohan\Desktop\Vivado\master\EE2026-Design-Project\Audio_Viz_Project_Template.xpr
# Log file: C:/Users/Rohan/Desktop/Vivado/master/EE2026-Design-Project/vivado.log
# Journal file: C:/Users/Rohan/Desktop/Vivado/master/EE2026-Design-Project\vivado.jou
#-----------------------------------------------------------
start_gui
open_project C:/Users/Rohan/Desktop/Vivado/master/EE2026-Design-Project/Audio_Viz_Project_Template.xpr
Scanning sources...
Finished scanning sources
INFO: [IP_Flow 19-234] Refreshing IP repositories
INFO: [IP_Flow 19-1704] No user IP repositories specified
INFO: [IP_Flow 19-2313] Loaded Vivado IP repository 'C:/Xilinx/Vivado/2018.2/data/ip'.
open_project: Time (s): cpu = 00:00:11 ; elapsed = 00:00:05 . Memory (MB): peak = 857.352 ; gain = 112.984
reset_run synth_1
launch_runs impl_1 -to_step write_bitstream -jobs 4
[Thu Apr  4 19:52:39 2019] Launched synth_1...
Run output will be captured here: C:/Users/Rohan/Desktop/Vivado/master/EE2026-Design-Project/Audio_Viz_Project_Template.runs/synth_1/runme.log
[Thu Apr  4 19:52:39 2019] Launched impl_1...
Run output will be captured here: C:/Users/Rohan/Desktop/Vivado/master/EE2026-Design-Project/Audio_Viz_Project_Template.runs/impl_1/runme.log
reset_run synth_1
launch_runs impl_1 -to_step write_bitstream -jobs 4
[Thu Apr  4 19:58:20 2019] Launched synth_1...
Run output will be captured here: C:/Users/Rohan/Desktop/Vivado/master/EE2026-Design-Project/Audio_Viz_Project_Template.runs/synth_1/runme.log
[Thu Apr  4 19:58:20 2019] Launched impl_1...
Run output will be captured here: C:/Users/Rohan/Desktop/Vivado/master/EE2026-Design-Project/Audio_Viz_Project_Template.runs/impl_1/runme.log
