Copyright 1986-2018 Xilinx, Inc. All Rights Reserved.
-------------------------------------------------------------------------------------------------------------------------------------------------------------------
| Tool Version     : Vivado v.2018.2 (win64) Build 2258646 Thu Jun 14 20:03:12 MDT 2018
| Date             : Tue Apr  2 02:41:42 2019
| Host             : DESKTOP-K0CKIO3 running 64-bit major release  (build 9200)
| Command          : report_power -file Voice_Scope_TOP_power_routed.rpt -pb Voice_Scope_TOP_power_summary_routed.pb -rpx Voice_Scope_TOP_power_routed.rpx
| Design           : Voice_Scope_TOP
| Device           : xc7a35tcpg236-1
| Design State     : routed
| Grade            : commercial
| Process          : typical
| Characterization : Production
-------------------------------------------------------------------------------------------------------------------------------------------------------------------

Power Report

Table of Contents
-----------------
1. Summary
1.1 On-Chip Components
1.2 Power Supply Summary
1.3 Confidence Level
2. Settings
2.1 Environment
2.2 Clock Constraints
3. Detailed Reports
3.1 By Hierarchy

1. Summary
----------

+--------------------------+--------------+
| Total On-Chip Power (W)  | 0.274        |
| Design Power Budget (W)  | Unspecified* |
| Power Budget Margin (W)  | NA           |
| Dynamic (W)              | 0.202        |
| Device Static (W)        | 0.072        |
| Effective TJA (C/W)      | 5.0          |
| Max Ambient (C)          | 83.6         |
| Junction Temperature (C) | 26.4         |
| Confidence Level         | Low          |
| Setting File             | ---          |
| Simulation Activity File | ---          |
| Design Nets Matched      | NA           |
+--------------------------+--------------+
* Specify Design Power Budget using, set_operating_conditions -design_power_budget <value in Watts>


1.1 On-Chip Components
----------------------

+--------------------------+-----------+----------+-----------+-----------------+
| On-Chip                  | Power (W) | Used     | Available | Utilization (%) |
+--------------------------+-----------+----------+-----------+-----------------+
| Clocks                   |     0.003 |        5 |       --- |             --- |
| Slice Logic              |     0.008 |     4921 |       --- |             --- |
|   LUT as Logic           |     0.007 |     1763 |     20800 |            8.48 |
|   LUT as Distributed RAM |    <0.001 |     2400 |      9600 |           25.00 |
|   CARRY4                 |    <0.001 |      174 |      8150 |            2.13 |
|   Register               |    <0.001 |      286 |     41600 |            0.69 |
|   F7/F8 Muxes            |    <0.001 |        8 |     32600 |            0.02 |
|   Others                 |     0.000 |       59 |       --- |             --- |
|   BUFG                   |     0.000 |        1 |        32 |            3.13 |
| Signals                  |     0.051 |     3763 |       --- |             --- |
| Block RAM                |     0.004 |        1 |        50 |            2.00 |
| MMCM                     |     0.123 |        1 |         5 |           20.00 |
| DSPs                     |     0.001 |        2 |        90 |            2.22 |
| I/O                      |     0.011 |       47 |       106 |           44.34 |
| Static Power             |     0.072 |          |           |                 |
| Total                    |     0.274 |          |           |                 |
+--------------------------+-----------+----------+-----------+-----------------+


1.2 Power Supply Summary
------------------------

+-----------+-------------+-----------+-------------+------------+
| Source    | Voltage (V) | Total (A) | Dynamic (A) | Static (A) |
+-----------+-------------+-----------+-------------+------------+
| Vccint    |       1.000 |     0.078 |       0.068 |      0.010 |
| Vccaux    |       1.800 |     0.081 |       0.069 |      0.013 |
| Vcco33    |       3.300 |     0.004 |       0.003 |      0.001 |
| Vcco25    |       2.500 |     0.000 |       0.000 |      0.000 |
| Vcco18    |       1.800 |     0.000 |       0.000 |      0.000 |
| Vcco15    |       1.500 |     0.000 |       0.000 |      0.000 |
| Vcco135   |       1.350 |     0.000 |       0.000 |      0.000 |
| Vcco12    |       1.200 |     0.000 |       0.000 |      0.000 |
| Vccaux_io |       1.800 |     0.000 |       0.000 |      0.000 |
| Vccbram   |       1.000 |     0.001 |       0.000 |      0.000 |
| MGTAVcc   |       1.000 |     0.000 |       0.000 |      0.000 |
| MGTAVtt   |       1.200 |     0.000 |       0.000 |      0.000 |
| Vccadc    |       1.800 |     0.020 |       0.000 |      0.020 |
+-----------+-------------+-----------+-------------+------------+


1.3 Confidence Level
--------------------

+-----------------------------+------------+--------------------------------------------------------+--------------------------------------------------------------------------------------------------------------------+
| User Input Data             | Confidence | Details                                                | Action                                                                                                             |
+-----------------------------+------------+--------------------------------------------------------+--------------------------------------------------------------------------------------------------------------------+
| Design implementation state | High       | Design is routed                                       |                                                                                                                    |
| Clock nodes activity        | Low        | User specified less than 75% of clocks                 | Provide missing clock activity with a constraint file, simulation results or by editing the "By Clock Domain" view |
| I/O nodes activity          | Low        | More than 75% of inputs are missing user specification | Provide missing input activity with simulation results or by editing the "By Resource Type -> I/Os" view           |
| Internal nodes activity     | Medium     | User specified less than 25% of internal nodes         | Provide missing internal nodes activity with simulation results or by editing the "By Resource Type" views         |
| Device models               | High       | Device models are Production                           |                                                                                                                    |
|                             |            |                                                        |                                                                                                                    |
| Overall confidence level    | Low        |                                                        |                                                                                                                    |
+-----------------------------+------------+--------------------------------------------------------+--------------------------------------------------------------------------------------------------------------------+


2. Settings
-----------

2.1 Environment
---------------

+-----------------------+--------------------------+
| Ambient Temp (C)      | 25.0                     |
| ThetaJA (C/W)         | 5.0                      |
| Airflow (LFM)         | 250                      |
| Heat Sink             | medium (Medium Profile)  |
| ThetaSA (C/W)         | 4.6                      |
| Board Selection       | medium (10"x10")         |
| # of Board Layers     | 12to15 (12 to 15 Layers) |
| Board Temperature (C) | 25.0                     |
+-----------------------+--------------------------+


2.2 Clock Constraints
---------------------

+--------------------+------------------------------------+-----------------+
| Clock              | Domain                             | Constraint (ns) |
+--------------------+------------------------------------+-----------------+
| clk_out1_clk_wiz_0 | d3/VGA_CLK_108M/clk_out1_clk_wiz_0 |             9.3 |
| clkfbout_clk_wiz_0 | d3/VGA_CLK_108M/clkfbout_clk_wiz_0 |            10.0 |
| sys_clk_pin        | CLK                                |            10.0 |
+--------------------+------------------------------------+-----------------+


3. Detailed Reports
-------------------

3.1 By Hierarchy
----------------

+-------------------------------+-----------+
| Name                          | Power (W) |
+-------------------------------+-----------+
| Voice_Scope_TOP               |     0.202 |
|   c0                          |    <0.001 |
|   clr1                        |    <0.001 |
|     slowclk                   |    <0.001 |
|     sp1                       |     0.000 |
|       dff1                    |     0.000 |
|       dff2                    |     0.000 |
|   d1                          |     0.037 |
|     Block0_reg_r1_0_63_0_2    |    <0.001 |
|     Block0_reg_r1_0_63_3_5    |    <0.001 |
|     Block0_reg_r1_0_63_6_6    |    <0.001 |
|     Block0_reg_r1_0_63_7_7    |    <0.001 |
|     Block0_reg_r1_128_191_0_2 |    <0.001 |
|     Block0_reg_r1_128_191_3_5 |    <0.001 |
|     Block0_reg_r1_128_191_6_6 |    <0.001 |
|     Block0_reg_r1_128_191_7_7 |    <0.001 |
|     Block0_reg_r1_192_255_0_2 |    <0.001 |
|     Block0_reg_r1_192_255_3_5 |    <0.001 |
|     Block0_reg_r1_192_255_6_6 |    <0.001 |
|     Block0_reg_r1_192_255_7_7 |    <0.001 |
|     Block0_reg_r1_256_319_0_2 |    <0.001 |
|     Block0_reg_r1_256_319_3_5 |    <0.001 |
|     Block0_reg_r1_256_319_6_6 |    <0.001 |
|     Block0_reg_r1_256_319_7_7 |    <0.001 |
|     Block0_reg_r1_320_383_0_2 |    <0.001 |
|     Block0_reg_r1_320_383_3_5 |    <0.001 |
|     Block0_reg_r1_320_383_6_6 |    <0.001 |
|     Block0_reg_r1_320_383_7_7 |    <0.001 |
|     Block0_reg_r1_384_447_0_2 |    <0.001 |
|     Block0_reg_r1_384_447_3_5 |    <0.001 |
|     Block0_reg_r1_384_447_6_6 |    <0.001 |
|     Block0_reg_r1_384_447_7_7 |    <0.001 |
|     Block0_reg_r1_448_511_0_2 |    <0.001 |
|     Block0_reg_r1_448_511_3_5 |    <0.001 |
|     Block0_reg_r1_448_511_6_6 |    <0.001 |
|     Block0_reg_r1_448_511_7_7 |    <0.001 |
|     Block0_reg_r1_512_575_0_2 |    <0.001 |
|     Block0_reg_r1_512_575_3_5 |    <0.001 |
|     Block0_reg_r1_512_575_6_6 |    <0.001 |
|     Block0_reg_r1_512_575_7_7 |    <0.001 |
|     Block0_reg_r1_576_639_0_2 |    <0.001 |
|     Block0_reg_r1_576_639_3_5 |    <0.001 |
|     Block0_reg_r1_576_639_6_6 |    <0.001 |
|     Block0_reg_r1_576_639_7_7 |    <0.001 |
|     Block0_reg_r1_64_127_0_2  |    <0.001 |
|     Block0_reg_r1_64_127_3_5  |    <0.001 |
|     Block0_reg_r1_64_127_6_6  |    <0.001 |
|     Block0_reg_r1_64_127_7_7  |    <0.001 |
|     Block0_reg_r2_0_63_0_2    |    <0.001 |
|     Block0_reg_r2_0_63_3_5    |    <0.001 |
|     Block0_reg_r2_0_63_6_6    |    <0.001 |
|     Block0_reg_r2_0_63_7_7    |    <0.001 |
|     Block0_reg_r2_128_191_0_2 |    <0.001 |
|     Block0_reg_r2_128_191_3_5 |    <0.001 |
|     Block0_reg_r2_128_191_6_6 |    <0.001 |
|     Block0_reg_r2_128_191_7_7 |    <0.001 |
|     Block0_reg_r2_192_255_0_2 |    <0.001 |
|     Block0_reg_r2_192_255_3_5 |    <0.001 |
|     Block0_reg_r2_192_255_6_6 |    <0.001 |
|     Block0_reg_r2_192_255_7_7 |    <0.001 |
|     Block0_reg_r2_256_319_0_2 |    <0.001 |
|     Block0_reg_r2_256_319_3_5 |    <0.001 |
|     Block0_reg_r2_256_319_6_6 |    <0.001 |
|     Block0_reg_r2_256_319_7_7 |    <0.001 |
|     Block0_reg_r2_320_383_0_2 |    <0.001 |
|     Block0_reg_r2_320_383_3_5 |    <0.001 |
|     Block0_reg_r2_320_383_6_6 |    <0.001 |
|     Block0_reg_r2_320_383_7_7 |    <0.001 |
|     Block0_reg_r2_384_447_0_2 |    <0.001 |
|     Block0_reg_r2_384_447_3_5 |    <0.001 |
|     Block0_reg_r2_384_447_6_6 |    <0.001 |
|     Block0_reg_r2_384_447_7_7 |    <0.001 |
|     Block0_reg_r2_448_511_0_2 |    <0.001 |
|     Block0_reg_r2_448_511_3_5 |    <0.001 |
|     Block0_reg_r2_448_511_6_6 |    <0.001 |
|     Block0_reg_r2_448_511_7_7 |    <0.001 |
|     Block0_reg_r2_512_575_0_2 |    <0.001 |
|     Block0_reg_r2_512_575_3_5 |    <0.001 |
|     Block0_reg_r2_512_575_6_6 |    <0.001 |
|     Block0_reg_r2_512_575_7_7 |    <0.001 |
|     Block0_reg_r2_576_639_0_2 |    <0.001 |
|     Block0_reg_r2_576_639_3_5 |    <0.001 |
|     Block0_reg_r2_576_639_6_6 |    <0.001 |
|     Block0_reg_r2_576_639_7_7 |    <0.001 |
|     Block0_reg_r2_64_127_0_2  |    <0.001 |
|     Block0_reg_r2_64_127_3_5  |    <0.001 |
|     Block0_reg_r2_64_127_6_6  |    <0.001 |
|     Block0_reg_r2_64_127_7_7  |    <0.001 |
|     Block1_reg_r1_0_63_0_2    |    <0.001 |
|     Block1_reg_r1_0_63_3_5    |    <0.001 |
|     Block1_reg_r1_0_63_6_6    |    <0.001 |
|     Block1_reg_r1_0_63_7_7    |    <0.001 |
|     Block1_reg_r1_128_191_0_2 |    <0.001 |
|     Block1_reg_r1_128_191_3_5 |    <0.001 |
|     Block1_reg_r1_128_191_6_6 |    <0.001 |
|     Block1_reg_r1_128_191_7_7 |    <0.001 |
|     Block1_reg_r1_192_255_0_2 |    <0.001 |
|     Block1_reg_r1_192_255_3_5 |    <0.001 |
|     Block1_reg_r1_192_255_6_6 |    <0.001 |
|     Block1_reg_r1_192_255_7_7 |    <0.001 |
|     Block1_reg_r1_256_319_0_2 |    <0.001 |
|     Block1_reg_r1_256_319_3_5 |    <0.001 |
|     Block1_reg_r1_256_319_6_6 |    <0.001 |
|     Block1_reg_r1_256_319_7_7 |    <0.001 |
|     Block1_reg_r1_320_383_0_2 |    <0.001 |
|     Block1_reg_r1_320_383_3_5 |    <0.001 |
|     Block1_reg_r1_320_383_6_6 |    <0.001 |
|     Block1_reg_r1_320_383_7_7 |    <0.001 |
|     Block1_reg_r1_384_447_0_2 |    <0.001 |
|     Block1_reg_r1_384_447_3_5 |    <0.001 |
|     Block1_reg_r1_384_447_6_6 |    <0.001 |
|     Block1_reg_r1_384_447_7_7 |    <0.001 |
|     Block1_reg_r1_448_511_0_2 |    <0.001 |
|     Block1_reg_r1_448_511_3_5 |    <0.001 |
|     Block1_reg_r1_448_511_6_6 |    <0.001 |
|     Block1_reg_r1_448_511_7_7 |    <0.001 |
|     Block1_reg_r1_512_575_0_2 |    <0.001 |
|     Block1_reg_r1_512_575_3_5 |    <0.001 |
|     Block1_reg_r1_512_575_6_6 |    <0.001 |
|     Block1_reg_r1_512_575_7_7 |    <0.001 |
|     Block1_reg_r1_576_639_0_2 |    <0.001 |
|     Block1_reg_r1_576_639_3_5 |    <0.001 |
|     Block1_reg_r1_576_639_6_6 |    <0.001 |
|     Block1_reg_r1_576_639_7_7 |    <0.001 |
|     Block1_reg_r1_64_127_0_2  |    <0.001 |
|     Block1_reg_r1_64_127_3_5  |    <0.001 |
|     Block1_reg_r1_64_127_6_6  |    <0.001 |
|     Block1_reg_r1_64_127_7_7  |    <0.001 |
|     Block1_reg_r2_0_63_0_2    |    <0.001 |
|     Block1_reg_r2_0_63_3_5    |    <0.001 |
|     Block1_reg_r2_0_63_6_6    |    <0.001 |
|     Block1_reg_r2_0_63_7_7    |    <0.001 |
|     Block1_reg_r2_128_191_0_2 |    <0.001 |
|     Block1_reg_r2_128_191_3_5 |    <0.001 |
|     Block1_reg_r2_128_191_6_6 |    <0.001 |
|     Block1_reg_r2_128_191_7_7 |    <0.001 |
|     Block1_reg_r2_192_255_0_2 |    <0.001 |
|     Block1_reg_r2_192_255_3_5 |    <0.001 |
|     Block1_reg_r2_192_255_6_6 |    <0.001 |
|     Block1_reg_r2_192_255_7_7 |    <0.001 |
|     Block1_reg_r2_256_319_0_2 |    <0.001 |
|     Block1_reg_r2_256_319_3_5 |    <0.001 |
|     Block1_reg_r2_256_319_6_6 |    <0.001 |
|     Block1_reg_r2_256_319_7_7 |    <0.001 |
|     Block1_reg_r2_320_383_0_2 |    <0.001 |
|     Block1_reg_r2_320_383_3_5 |    <0.001 |
|     Block1_reg_r2_320_383_6_6 |    <0.001 |
|     Block1_reg_r2_320_383_7_7 |    <0.001 |
|     Block1_reg_r2_384_447_0_2 |    <0.001 |
|     Block1_reg_r2_384_447_3_5 |    <0.001 |
|     Block1_reg_r2_384_447_6_6 |    <0.001 |
|     Block1_reg_r2_384_447_7_7 |    <0.001 |
|     Block1_reg_r2_448_511_0_2 |    <0.001 |
|     Block1_reg_r2_448_511_3_5 |    <0.001 |
|     Block1_reg_r2_448_511_6_6 |    <0.001 |
|     Block1_reg_r2_448_511_7_7 |    <0.001 |
|     Block1_reg_r2_512_575_0_2 |    <0.001 |
|     Block1_reg_r2_512_575_3_5 |    <0.001 |
|     Block1_reg_r2_512_575_6_6 |    <0.001 |
|     Block1_reg_r2_512_575_7_7 |    <0.001 |
|     Block1_reg_r2_576_639_0_2 |    <0.001 |
|     Block1_reg_r2_576_639_3_5 |    <0.001 |
|     Block1_reg_r2_576_639_6_6 |    <0.001 |
|     Block1_reg_r2_576_639_7_7 |    <0.001 |
|     Block1_reg_r2_64_127_0_2  |    <0.001 |
|     Block1_reg_r2_64_127_3_5  |    <0.001 |
|     Block1_reg_r2_64_127_6_6  |    <0.001 |
|     Block1_reg_r2_64_127_7_7  |    <0.001 |
|     Block2_reg_r1_0_63_0_2    |    <0.001 |
|     Block2_reg_r1_0_63_3_5    |    <0.001 |
|     Block2_reg_r1_0_63_6_6    |    <0.001 |
|     Block2_reg_r1_0_63_7_7    |    <0.001 |
|     Block2_reg_r1_128_191_0_2 |    <0.001 |
|     Block2_reg_r1_128_191_3_5 |    <0.001 |
|     Block2_reg_r1_128_191_6_6 |    <0.001 |
|     Block2_reg_r1_128_191_7_7 |    <0.001 |
|     Block2_reg_r1_192_255_0_2 |    <0.001 |
|     Block2_reg_r1_192_255_3_5 |    <0.001 |
|     Block2_reg_r1_192_255_6_6 |    <0.001 |
|     Block2_reg_r1_192_255_7_7 |    <0.001 |
|     Block2_reg_r1_256_319_0_2 |    <0.001 |
|     Block2_reg_r1_256_319_3_5 |    <0.001 |
|     Block2_reg_r1_256_319_6_6 |    <0.001 |
|     Block2_reg_r1_256_319_7_7 |    <0.001 |
|     Block2_reg_r1_320_383_0_2 |    <0.001 |
|     Block2_reg_r1_320_383_3_5 |    <0.001 |
|     Block2_reg_r1_320_383_6_6 |    <0.001 |
|     Block2_reg_r1_320_383_7_7 |    <0.001 |
|     Block2_reg_r1_384_447_0_2 |    <0.001 |
|     Block2_reg_r1_384_447_3_5 |    <0.001 |
|     Block2_reg_r1_384_447_6_6 |    <0.001 |
|     Block2_reg_r1_384_447_7_7 |    <0.001 |
|     Block2_reg_r1_448_511_0_2 |    <0.001 |
|     Block2_reg_r1_448_511_3_5 |    <0.001 |
|     Block2_reg_r1_448_511_6_6 |    <0.001 |
|     Block2_reg_r1_448_511_7_7 |    <0.001 |
|     Block2_reg_r1_512_575_0_2 |    <0.001 |
|     Block2_reg_r1_512_575_3_5 |    <0.001 |
|     Block2_reg_r1_512_575_6_6 |    <0.001 |
|     Block2_reg_r1_512_575_7_7 |    <0.001 |
|     Block2_reg_r1_576_639_0_2 |    <0.001 |
|     Block2_reg_r1_576_639_3_5 |    <0.001 |
|     Block2_reg_r1_576_639_6_6 |    <0.001 |
|     Block2_reg_r1_576_639_7_7 |    <0.001 |
|     Block2_reg_r1_64_127_0_2  |    <0.001 |
|     Block2_reg_r1_64_127_3_5  |    <0.001 |
|     Block2_reg_r1_64_127_6_6  |    <0.001 |
|     Block2_reg_r1_64_127_7_7  |    <0.001 |
|     Block2_reg_r2_0_63_0_2    |    <0.001 |
|     Block2_reg_r2_0_63_3_5    |    <0.001 |
|     Block2_reg_r2_0_63_6_6    |    <0.001 |
|     Block2_reg_r2_0_63_7_7    |    <0.001 |
|     Block2_reg_r2_128_191_0_2 |    <0.001 |
|     Block2_reg_r2_128_191_3_5 |    <0.001 |
|     Block2_reg_r2_128_191_6_6 |    <0.001 |
|     Block2_reg_r2_128_191_7_7 |    <0.001 |
|     Block2_reg_r2_192_255_0_2 |    <0.001 |
|     Block2_reg_r2_192_255_3_5 |    <0.001 |
|     Block2_reg_r2_192_255_6_6 |    <0.001 |
|     Block2_reg_r2_192_255_7_7 |    <0.001 |
|     Block2_reg_r2_256_319_0_2 |    <0.001 |
|     Block2_reg_r2_256_319_3_5 |    <0.001 |
|     Block2_reg_r2_256_319_6_6 |    <0.001 |
|     Block2_reg_r2_256_319_7_7 |    <0.001 |
|     Block2_reg_r2_320_383_0_2 |    <0.001 |
|     Block2_reg_r2_320_383_3_5 |    <0.001 |
|     Block2_reg_r2_320_383_6_6 |    <0.001 |
|     Block2_reg_r2_320_383_7_7 |    <0.001 |
|     Block2_reg_r2_384_447_0_2 |    <0.001 |
|     Block2_reg_r2_384_447_3_5 |    <0.001 |
|     Block2_reg_r2_384_447_6_6 |    <0.001 |
|     Block2_reg_r2_384_447_7_7 |    <0.001 |
|     Block2_reg_r2_448_511_0_2 |    <0.001 |
|     Block2_reg_r2_448_511_3_5 |    <0.001 |
|     Block2_reg_r2_448_511_6_6 |    <0.001 |
|     Block2_reg_r2_448_511_7_7 |    <0.001 |
|     Block2_reg_r2_512_575_0_2 |    <0.001 |
|     Block2_reg_r2_512_575_3_5 |    <0.001 |
|     Block2_reg_r2_512_575_6_6 |    <0.001 |
|     Block2_reg_r2_512_575_7_7 |    <0.001 |
|     Block2_reg_r2_576_639_0_2 |    <0.001 |
|     Block2_reg_r2_576_639_3_5 |    <0.001 |
|     Block2_reg_r2_576_639_6_6 |    <0.001 |
|     Block2_reg_r2_576_639_7_7 |    <0.001 |
|     Block2_reg_r2_64_127_0_2  |    <0.001 |
|     Block2_reg_r2_64_127_3_5  |    <0.001 |
|     Block2_reg_r2_64_127_6_6  |    <0.001 |
|     Block2_reg_r2_64_127_7_7  |    <0.001 |
|     Block3_reg_r1_0_63_0_2    |    <0.001 |
|     Block3_reg_r1_0_63_3_5    |    <0.001 |
|     Block3_reg_r1_0_63_6_6    |    <0.001 |
|     Block3_reg_r1_0_63_7_7    |    <0.001 |
|     Block3_reg_r1_128_191_0_2 |    <0.001 |
|     Block3_reg_r1_128_191_3_5 |    <0.001 |
|     Block3_reg_r1_128_191_6_6 |    <0.001 |
|     Block3_reg_r1_128_191_7_7 |    <0.001 |
|     Block3_reg_r1_192_255_0_2 |    <0.001 |
|     Block3_reg_r1_192_255_3_5 |    <0.001 |
|     Block3_reg_r1_192_255_6_6 |    <0.001 |
|     Block3_reg_r1_192_255_7_7 |    <0.001 |
|     Block3_reg_r1_256_319_0_2 |    <0.001 |
|     Block3_reg_r1_256_319_3_5 |    <0.001 |
|     Block3_reg_r1_256_319_6_6 |    <0.001 |
|     Block3_reg_r1_256_319_7_7 |    <0.001 |
|     Block3_reg_r1_320_383_0_2 |    <0.001 |
|     Block3_reg_r1_320_383_3_5 |    <0.001 |
|     Block3_reg_r1_320_383_6_6 |    <0.001 |
|     Block3_reg_r1_320_383_7_7 |    <0.001 |
|     Block3_reg_r1_384_447_0_2 |    <0.001 |
|     Block3_reg_r1_384_447_3_5 |    <0.001 |
|     Block3_reg_r1_384_447_6_6 |    <0.001 |
|     Block3_reg_r1_384_447_7_7 |    <0.001 |
|     Block3_reg_r1_448_511_0_2 |    <0.001 |
|     Block3_reg_r1_448_511_3_5 |    <0.001 |
|     Block3_reg_r1_448_511_6_6 |    <0.001 |
|     Block3_reg_r1_448_511_7_7 |    <0.001 |
|     Block3_reg_r1_512_575_0_2 |    <0.001 |
|     Block3_reg_r1_512_575_3_5 |    <0.001 |
|     Block3_reg_r1_512_575_6_6 |    <0.001 |
|     Block3_reg_r1_512_575_7_7 |    <0.001 |
|     Block3_reg_r1_576_639_0_2 |    <0.001 |
|     Block3_reg_r1_576_639_3_5 |    <0.001 |
|     Block3_reg_r1_576_639_6_6 |    <0.001 |
|     Block3_reg_r1_576_639_7_7 |    <0.001 |
|     Block3_reg_r1_64_127_0_2  |    <0.001 |
|     Block3_reg_r1_64_127_3_5  |    <0.001 |
|     Block3_reg_r1_64_127_6_6  |    <0.001 |
|     Block3_reg_r1_64_127_7_7  |    <0.001 |
|     Block3_reg_r2_0_63_0_2    |    <0.001 |
|     Block3_reg_r2_0_63_3_5    |    <0.001 |
|     Block3_reg_r2_0_63_6_6    |    <0.001 |
|     Block3_reg_r2_0_63_7_7    |    <0.001 |
|     Block3_reg_r2_128_191_0_2 |    <0.001 |
|     Block3_reg_r2_128_191_3_5 |    <0.001 |
|     Block3_reg_r2_128_191_6_6 |    <0.001 |
|     Block3_reg_r2_128_191_7_7 |    <0.001 |
|     Block3_reg_r2_192_255_0_2 |    <0.001 |
|     Block3_reg_r2_192_255_3_5 |    <0.001 |
|     Block3_reg_r2_192_255_6_6 |    <0.001 |
|     Block3_reg_r2_192_255_7_7 |    <0.001 |
|     Block3_reg_r2_256_319_0_2 |    <0.001 |
|     Block3_reg_r2_256_319_3_5 |    <0.001 |
|     Block3_reg_r2_256_319_6_6 |    <0.001 |
|     Block3_reg_r2_256_319_7_7 |    <0.001 |
|     Block3_reg_r2_320_383_0_2 |    <0.001 |
|     Block3_reg_r2_320_383_3_5 |    <0.001 |
|     Block3_reg_r2_320_383_6_6 |    <0.001 |
|     Block3_reg_r2_320_383_7_7 |    <0.001 |
|     Block3_reg_r2_384_447_0_2 |    <0.001 |
|     Block3_reg_r2_384_447_3_5 |    <0.001 |
|     Block3_reg_r2_384_447_6_6 |    <0.001 |
|     Block3_reg_r2_384_447_7_7 |    <0.001 |
|     Block3_reg_r2_448_511_0_2 |    <0.001 |
|     Block3_reg_r2_448_511_3_5 |    <0.001 |
|     Block3_reg_r2_448_511_6_6 |    <0.001 |
|     Block3_reg_r2_448_511_7_7 |    <0.001 |
|     Block3_reg_r2_512_575_0_2 |    <0.001 |
|     Block3_reg_r2_512_575_3_5 |    <0.001 |
|     Block3_reg_r2_512_575_6_6 |    <0.001 |
|     Block3_reg_r2_512_575_7_7 |    <0.001 |
|     Block3_reg_r2_576_639_0_2 |    <0.001 |
|     Block3_reg_r2_576_639_3_5 |    <0.001 |
|     Block3_reg_r2_576_639_6_6 |    <0.001 |
|     Block3_reg_r2_576_639_7_7 |    <0.001 |
|     Block3_reg_r2_64_127_0_2  |    <0.001 |
|     Block3_reg_r2_64_127_3_5  |    <0.001 |
|     Block3_reg_r2_64_127_6_6  |    <0.001 |
|     Block3_reg_r2_64_127_7_7  |    <0.001 |
|     Block4_reg_r1_0_63_0_2    |    <0.001 |
|     Block4_reg_r1_0_63_3_5    |    <0.001 |
|     Block4_reg_r1_0_63_6_6    |    <0.001 |
|     Block4_reg_r1_0_63_7_7    |    <0.001 |
|     Block4_reg_r1_128_191_0_2 |    <0.001 |
|     Block4_reg_r1_128_191_3_5 |    <0.001 |
|     Block4_reg_r1_128_191_6_6 |    <0.001 |
|     Block4_reg_r1_128_191_7_7 |    <0.001 |
|     Block4_reg_r1_192_255_0_2 |    <0.001 |
|     Block4_reg_r1_192_255_3_5 |    <0.001 |
|     Block4_reg_r1_192_255_6_6 |    <0.001 |
|     Block4_reg_r1_192_255_7_7 |    <0.001 |
|     Block4_reg_r1_256_319_0_2 |    <0.001 |
|     Block4_reg_r1_256_319_3_5 |    <0.001 |
|     Block4_reg_r1_256_319_6_6 |    <0.001 |
|     Block4_reg_r1_256_319_7_7 |    <0.001 |
|     Block4_reg_r1_320_383_0_2 |    <0.001 |
|     Block4_reg_r1_320_383_3_5 |    <0.001 |
|     Block4_reg_r1_320_383_6_6 |    <0.001 |
|     Block4_reg_r1_320_383_7_7 |    <0.001 |
|     Block4_reg_r1_384_447_0_2 |    <0.001 |
|     Block4_reg_r1_384_447_3_5 |    <0.001 |
|     Block4_reg_r1_384_447_6_6 |    <0.001 |
|     Block4_reg_r1_384_447_7_7 |    <0.001 |
|     Block4_reg_r1_448_511_0_2 |    <0.001 |
|     Block4_reg_r1_448_511_3_5 |    <0.001 |
|     Block4_reg_r1_448_511_6_6 |    <0.001 |
|     Block4_reg_r1_448_511_7_7 |    <0.001 |
|     Block4_reg_r1_512_575_0_2 |    <0.001 |
|     Block4_reg_r1_512_575_3_5 |    <0.001 |
|     Block4_reg_r1_512_575_6_6 |    <0.001 |
|     Block4_reg_r1_512_575_7_7 |    <0.001 |
|     Block4_reg_r1_576_639_0_2 |    <0.001 |
|     Block4_reg_r1_576_639_3_5 |    <0.001 |
|     Block4_reg_r1_576_639_6_6 |    <0.001 |
|     Block4_reg_r1_576_639_7_7 |    <0.001 |
|     Block4_reg_r1_64_127_0_2  |    <0.001 |
|     Block4_reg_r1_64_127_3_5  |    <0.001 |
|     Block4_reg_r1_64_127_6_6  |    <0.001 |
|     Block4_reg_r1_64_127_7_7  |    <0.001 |
|     Block4_reg_r2_0_63_0_2    |    <0.001 |
|     Block4_reg_r2_0_63_3_5    |    <0.001 |
|     Block4_reg_r2_0_63_6_6    |    <0.001 |
|     Block4_reg_r2_0_63_7_7    |    <0.001 |
|     Block4_reg_r2_128_191_0_2 |    <0.001 |
|     Block4_reg_r2_128_191_3_5 |    <0.001 |
|     Block4_reg_r2_128_191_6_6 |    <0.001 |
|     Block4_reg_r2_128_191_7_7 |    <0.001 |
|     Block4_reg_r2_192_255_0_2 |    <0.001 |
|     Block4_reg_r2_192_255_3_5 |    <0.001 |
|     Block4_reg_r2_192_255_6_6 |    <0.001 |
|     Block4_reg_r2_192_255_7_7 |    <0.001 |
|     Block4_reg_r2_256_319_0_2 |    <0.001 |
|     Block4_reg_r2_256_319_3_5 |    <0.001 |
|     Block4_reg_r2_256_319_6_6 |    <0.001 |
|     Block4_reg_r2_256_319_7_7 |    <0.001 |
|     Block4_reg_r2_320_383_0_2 |    <0.001 |
|     Block4_reg_r2_320_383_3_5 |    <0.001 |
|     Block4_reg_r2_320_383_6_6 |    <0.001 |
|     Block4_reg_r2_320_383_7_7 |    <0.001 |
|     Block4_reg_r2_384_447_0_2 |    <0.001 |
|     Block4_reg_r2_384_447_3_5 |    <0.001 |
|     Block4_reg_r2_384_447_6_6 |    <0.001 |
|     Block4_reg_r2_384_447_7_7 |    <0.001 |
|     Block4_reg_r2_448_511_0_2 |    <0.001 |
|     Block4_reg_r2_448_511_3_5 |    <0.001 |
|     Block4_reg_r2_448_511_6_6 |    <0.001 |
|     Block4_reg_r2_448_511_7_7 |    <0.001 |
|     Block4_reg_r2_512_575_0_2 |    <0.001 |
|     Block4_reg_r2_512_575_3_5 |    <0.001 |
|     Block4_reg_r2_512_575_6_6 |    <0.001 |
|     Block4_reg_r2_512_575_7_7 |    <0.001 |
|     Block4_reg_r2_576_639_0_2 |    <0.001 |
|     Block4_reg_r2_576_639_3_5 |    <0.001 |
|     Block4_reg_r2_576_639_6_6 |    <0.001 |
|     Block4_reg_r2_576_639_7_7 |    <0.001 |
|     Block4_reg_r2_64_127_0_2  |    <0.001 |
|     Block4_reg_r2_64_127_3_5  |    <0.001 |
|     Block4_reg_r2_64_127_6_6  |    <0.001 |
|     Block4_reg_r2_64_127_7_7  |    <0.001 |
|     Block5_reg_r1_0_63_0_2    |    <0.001 |
|     Block5_reg_r1_0_63_3_5    |    <0.001 |
|     Block5_reg_r1_0_63_6_6    |    <0.001 |
|     Block5_reg_r1_0_63_7_7    |    <0.001 |
|     Block5_reg_r1_128_191_0_2 |    <0.001 |
|     Block5_reg_r1_128_191_3_5 |    <0.001 |
|     Block5_reg_r1_128_191_6_6 |    <0.001 |
|     Block5_reg_r1_128_191_7_7 |    <0.001 |
|     Block5_reg_r1_192_255_0_2 |    <0.001 |
|     Block5_reg_r1_192_255_3_5 |    <0.001 |
|     Block5_reg_r1_192_255_6_6 |    <0.001 |
|     Block5_reg_r1_192_255_7_7 |    <0.001 |
|     Block5_reg_r1_256_319_0_2 |    <0.001 |
|     Block5_reg_r1_256_319_3_5 |    <0.001 |
|     Block5_reg_r1_256_319_6_6 |    <0.001 |
|     Block5_reg_r1_256_319_7_7 |    <0.001 |
|     Block5_reg_r1_320_383_0_2 |    <0.001 |
|     Block5_reg_r1_320_383_3_5 |    <0.001 |
|     Block5_reg_r1_320_383_6_6 |    <0.001 |
|     Block5_reg_r1_320_383_7_7 |    <0.001 |
|     Block5_reg_r1_384_447_0_2 |    <0.001 |
|     Block5_reg_r1_384_447_3_5 |    <0.001 |
|     Block5_reg_r1_384_447_6_6 |    <0.001 |
|     Block5_reg_r1_384_447_7_7 |    <0.001 |
|     Block5_reg_r1_448_511_0_2 |    <0.001 |
|     Block5_reg_r1_448_511_3_5 |    <0.001 |
|     Block5_reg_r1_448_511_6_6 |    <0.001 |
|     Block5_reg_r1_448_511_7_7 |    <0.001 |
|     Block5_reg_r1_512_575_0_2 |    <0.001 |
|     Block5_reg_r1_512_575_3_5 |    <0.001 |
|     Block5_reg_r1_512_575_6_6 |    <0.001 |
|     Block5_reg_r1_512_575_7_7 |    <0.001 |
|     Block5_reg_r1_576_639_0_2 |    <0.001 |
|     Block5_reg_r1_576_639_3_5 |    <0.001 |
|     Block5_reg_r1_576_639_6_6 |    <0.001 |
|     Block5_reg_r1_576_639_7_7 |    <0.001 |
|     Block5_reg_r1_64_127_0_2  |    <0.001 |
|     Block5_reg_r1_64_127_3_5  |    <0.001 |
|     Block5_reg_r1_64_127_6_6  |    <0.001 |
|     Block5_reg_r1_64_127_7_7  |    <0.001 |
|     Block5_reg_r2_0_63_0_2    |    <0.001 |
|     Block5_reg_r2_0_63_3_5    |    <0.001 |
|     Block5_reg_r2_0_63_6_6    |    <0.001 |
|     Block5_reg_r2_0_63_7_7    |    <0.001 |
|     Block5_reg_r2_128_191_0_2 |    <0.001 |
|     Block5_reg_r2_128_191_3_5 |    <0.001 |
|     Block5_reg_r2_128_191_6_6 |    <0.001 |
|     Block5_reg_r2_128_191_7_7 |    <0.001 |
|     Block5_reg_r2_192_255_0_2 |    <0.001 |
|     Block5_reg_r2_192_255_3_5 |    <0.001 |
|     Block5_reg_r2_192_255_6_6 |    <0.001 |
|     Block5_reg_r2_192_255_7_7 |    <0.001 |
|     Block5_reg_r2_256_319_0_2 |    <0.001 |
|     Block5_reg_r2_256_319_3_5 |    <0.001 |
|     Block5_reg_r2_256_319_6_6 |    <0.001 |
|     Block5_reg_r2_256_319_7_7 |    <0.001 |
|     Block5_reg_r2_320_383_0_2 |    <0.001 |
|     Block5_reg_r2_320_383_3_5 |    <0.001 |
|     Block5_reg_r2_320_383_6_6 |    <0.001 |
|     Block5_reg_r2_320_383_7_7 |    <0.001 |
|     Block5_reg_r2_384_447_0_2 |    <0.001 |
|     Block5_reg_r2_384_447_3_5 |    <0.001 |
|     Block5_reg_r2_384_447_6_6 |    <0.001 |
|     Block5_reg_r2_384_447_7_7 |    <0.001 |
|     Block5_reg_r2_448_511_0_2 |    <0.001 |
|     Block5_reg_r2_448_511_3_5 |    <0.001 |
|     Block5_reg_r2_448_511_6_6 |    <0.001 |
|     Block5_reg_r2_448_511_7_7 |    <0.001 |
|     Block5_reg_r2_512_575_0_2 |    <0.001 |
|     Block5_reg_r2_512_575_3_5 |    <0.001 |
|     Block5_reg_r2_512_575_6_6 |    <0.001 |
|     Block5_reg_r2_512_575_7_7 |    <0.001 |
|     Block5_reg_r2_576_639_0_2 |    <0.001 |
|     Block5_reg_r2_576_639_3_5 |    <0.001 |
|     Block5_reg_r2_576_639_6_6 |    <0.001 |
|     Block5_reg_r2_576_639_7_7 |    <0.001 |
|     Block5_reg_r2_64_127_0_2  |    <0.001 |
|     Block5_reg_r2_64_127_3_5  |    <0.001 |
|     Block5_reg_r2_64_127_6_6  |    <0.001 |
|     Block5_reg_r2_64_127_7_7  |    <0.001 |
|     Block6_reg_r1_0_63_0_2    |    <0.001 |
|     Block6_reg_r1_0_63_3_5    |    <0.001 |
|     Block6_reg_r1_0_63_6_6    |    <0.001 |
|     Block6_reg_r1_0_63_7_7    |    <0.001 |
|     Block6_reg_r1_128_191_0_2 |    <0.001 |
|     Block6_reg_r1_128_191_3_5 |    <0.001 |
|     Block6_reg_r1_128_191_6_6 |    <0.001 |
|     Block6_reg_r1_128_191_7_7 |    <0.001 |
|     Block6_reg_r1_192_255_0_2 |    <0.001 |
|     Block6_reg_r1_192_255_3_5 |    <0.001 |
|     Block6_reg_r1_192_255_6_6 |    <0.001 |
|     Block6_reg_r1_192_255_7_7 |    <0.001 |
|     Block6_reg_r1_256_319_0_2 |    <0.001 |
|     Block6_reg_r1_256_319_3_5 |    <0.001 |
|     Block6_reg_r1_256_319_6_6 |    <0.001 |
|     Block6_reg_r1_256_319_7_7 |    <0.001 |
|     Block6_reg_r1_320_383_0_2 |    <0.001 |
|     Block6_reg_r1_320_383_3_5 |    <0.001 |
|     Block6_reg_r1_320_383_6_6 |    <0.001 |
|     Block6_reg_r1_320_383_7_7 |    <0.001 |
|     Block6_reg_r1_384_447_0_2 |    <0.001 |
|     Block6_reg_r1_384_447_3_5 |    <0.001 |
|     Block6_reg_r1_384_447_6_6 |    <0.001 |
|     Block6_reg_r1_384_447_7_7 |    <0.001 |
|     Block6_reg_r1_448_511_0_2 |    <0.001 |
|     Block6_reg_r1_448_511_3_5 |    <0.001 |
|     Block6_reg_r1_448_511_6_6 |    <0.001 |
|     Block6_reg_r1_448_511_7_7 |    <0.001 |
|     Block6_reg_r1_512_575_0_2 |    <0.001 |
|     Block6_reg_r1_512_575_3_5 |    <0.001 |
|     Block6_reg_r1_512_575_6_6 |    <0.001 |
|     Block6_reg_r1_512_575_7_7 |    <0.001 |
|     Block6_reg_r1_576_639_0_2 |    <0.001 |
|     Block6_reg_r1_576_639_3_5 |    <0.001 |
|     Block6_reg_r1_576_639_6_6 |    <0.001 |
|     Block6_reg_r1_576_639_7_7 |    <0.001 |
|     Block6_reg_r1_64_127_0_2  |    <0.001 |
|     Block6_reg_r1_64_127_3_5  |    <0.001 |
|     Block6_reg_r1_64_127_6_6  |    <0.001 |
|     Block6_reg_r1_64_127_7_7  |    <0.001 |
|     Block6_reg_r2_0_63_0_2    |    <0.001 |
|     Block6_reg_r2_0_63_3_5    |    <0.001 |
|     Block6_reg_r2_0_63_6_6    |    <0.001 |
|     Block6_reg_r2_0_63_7_7    |    <0.001 |
|     Block6_reg_r2_128_191_0_2 |    <0.001 |
|     Block6_reg_r2_128_191_3_5 |    <0.001 |
|     Block6_reg_r2_128_191_6_6 |    <0.001 |
|     Block6_reg_r2_128_191_7_7 |    <0.001 |
|     Block6_reg_r2_192_255_0_2 |    <0.001 |
|     Block6_reg_r2_192_255_3_5 |    <0.001 |
|     Block6_reg_r2_192_255_6_6 |    <0.001 |
|     Block6_reg_r2_192_255_7_7 |    <0.001 |
|     Block6_reg_r2_256_319_0_2 |    <0.001 |
|     Block6_reg_r2_256_319_3_5 |    <0.001 |
|     Block6_reg_r2_256_319_6_6 |    <0.001 |
|     Block6_reg_r2_256_319_7_7 |    <0.001 |
|     Block6_reg_r2_320_383_0_2 |    <0.001 |
|     Block6_reg_r2_320_383_3_5 |    <0.001 |
|     Block6_reg_r2_320_383_6_6 |    <0.001 |
|     Block6_reg_r2_320_383_7_7 |    <0.001 |
|     Block6_reg_r2_384_447_0_2 |    <0.001 |
|     Block6_reg_r2_384_447_3_5 |    <0.001 |
|     Block6_reg_r2_384_447_6_6 |    <0.001 |
|     Block6_reg_r2_384_447_7_7 |    <0.001 |
|     Block6_reg_r2_448_511_0_2 |    <0.001 |
|     Block6_reg_r2_448_511_3_5 |    <0.001 |
|     Block6_reg_r2_448_511_6_6 |    <0.001 |
|     Block6_reg_r2_448_511_7_7 |    <0.001 |
|     Block6_reg_r2_512_575_0_2 |    <0.001 |
|     Block6_reg_r2_512_575_3_5 |    <0.001 |
|     Block6_reg_r2_512_575_6_6 |    <0.001 |
|     Block6_reg_r2_512_575_7_7 |    <0.001 |
|     Block6_reg_r2_576_639_0_2 |    <0.001 |
|     Block6_reg_r2_576_639_3_5 |    <0.001 |
|     Block6_reg_r2_576_639_6_6 |    <0.001 |
|     Block6_reg_r2_576_639_7_7 |    <0.001 |
|     Block6_reg_r2_64_127_0_2  |    <0.001 |
|     Block6_reg_r2_64_127_3_5  |    <0.001 |
|     Block6_reg_r2_64_127_6_6  |    <0.001 |
|     Block6_reg_r2_64_127_7_7  |    <0.001 |
|     Block7_reg_r1_0_63_0_2    |    <0.001 |
|     Block7_reg_r1_0_63_3_5    |    <0.001 |
|     Block7_reg_r1_0_63_6_6    |    <0.001 |
|     Block7_reg_r1_0_63_7_7    |    <0.001 |
|     Block7_reg_r1_128_191_0_2 |    <0.001 |
|     Block7_reg_r1_128_191_3_5 |    <0.001 |
|     Block7_reg_r1_128_191_6_6 |    <0.001 |
|     Block7_reg_r1_128_191_7_7 |    <0.001 |
|     Block7_reg_r1_192_255_0_2 |    <0.001 |
|     Block7_reg_r1_192_255_3_5 |    <0.001 |
|     Block7_reg_r1_192_255_6_6 |    <0.001 |
|     Block7_reg_r1_192_255_7_7 |    <0.001 |
|     Block7_reg_r1_256_319_0_2 |    <0.001 |
|     Block7_reg_r1_256_319_3_5 |    <0.001 |
|     Block7_reg_r1_256_319_6_6 |    <0.001 |
|     Block7_reg_r1_256_319_7_7 |    <0.001 |
|     Block7_reg_r1_320_383_0_2 |    <0.001 |
|     Block7_reg_r1_320_383_3_5 |    <0.001 |
|     Block7_reg_r1_320_383_6_6 |    <0.001 |
|     Block7_reg_r1_320_383_7_7 |    <0.001 |
|     Block7_reg_r1_384_447_0_2 |    <0.001 |
|     Block7_reg_r1_384_447_3_5 |    <0.001 |
|     Block7_reg_r1_384_447_6_6 |    <0.001 |
|     Block7_reg_r1_384_447_7_7 |    <0.001 |
|     Block7_reg_r1_448_511_0_2 |    <0.001 |
|     Block7_reg_r1_448_511_3_5 |    <0.001 |
|     Block7_reg_r1_448_511_6_6 |    <0.001 |
|     Block7_reg_r1_448_511_7_7 |    <0.001 |
|     Block7_reg_r1_512_575_0_2 |    <0.001 |
|     Block7_reg_r1_512_575_3_5 |    <0.001 |
|     Block7_reg_r1_512_575_6_6 |    <0.001 |
|     Block7_reg_r1_512_575_7_7 |    <0.001 |
|     Block7_reg_r1_576_639_0_2 |    <0.001 |
|     Block7_reg_r1_576_639_3_5 |    <0.001 |
|     Block7_reg_r1_576_639_6_6 |    <0.001 |
|     Block7_reg_r1_576_639_7_7 |    <0.001 |
|     Block7_reg_r1_64_127_0_2  |    <0.001 |
|     Block7_reg_r1_64_127_3_5  |    <0.001 |
|     Block7_reg_r1_64_127_6_6  |    <0.001 |
|     Block7_reg_r1_64_127_7_7  |    <0.001 |
|     Block7_reg_r2_0_63_0_2    |    <0.001 |
|     Block7_reg_r2_0_63_3_5    |    <0.001 |
|     Block7_reg_r2_0_63_6_6    |    <0.001 |
|     Block7_reg_r2_0_63_7_7    |    <0.001 |
|     Block7_reg_r2_128_191_0_2 |    <0.001 |
|     Block7_reg_r2_128_191_3_5 |    <0.001 |
|     Block7_reg_r2_128_191_6_6 |    <0.001 |
|     Block7_reg_r2_128_191_7_7 |    <0.001 |
|     Block7_reg_r2_192_255_0_2 |    <0.001 |
|     Block7_reg_r2_192_255_3_5 |    <0.001 |
|     Block7_reg_r2_192_255_6_6 |    <0.001 |
|     Block7_reg_r2_192_255_7_7 |    <0.001 |
|     Block7_reg_r2_256_319_0_2 |    <0.001 |
|     Block7_reg_r2_256_319_3_5 |    <0.001 |
|     Block7_reg_r2_256_319_6_6 |    <0.001 |
|     Block7_reg_r2_256_319_7_7 |    <0.001 |
|     Block7_reg_r2_320_383_0_2 |    <0.001 |
|     Block7_reg_r2_320_383_3_5 |    <0.001 |
|     Block7_reg_r2_320_383_6_6 |    <0.001 |
|     Block7_reg_r2_320_383_7_7 |    <0.001 |
|     Block7_reg_r2_384_447_0_2 |    <0.001 |
|     Block7_reg_r2_384_447_3_5 |    <0.001 |
|     Block7_reg_r2_384_447_6_6 |    <0.001 |
|     Block7_reg_r2_384_447_7_7 |    <0.001 |
|     Block7_reg_r2_448_511_0_2 |    <0.001 |
|     Block7_reg_r2_448_511_3_5 |    <0.001 |
|     Block7_reg_r2_448_511_6_6 |    <0.001 |
|     Block7_reg_r2_448_511_7_7 |    <0.001 |
|     Block7_reg_r2_512_575_0_2 |    <0.001 |
|     Block7_reg_r2_512_575_3_5 |    <0.001 |
|     Block7_reg_r2_512_575_6_6 |    <0.001 |
|     Block7_reg_r2_512_575_7_7 |    <0.001 |
|     Block7_reg_r2_576_639_0_2 |    <0.001 |
|     Block7_reg_r2_576_639_3_5 |    <0.001 |
|     Block7_reg_r2_576_639_6_6 |    <0.001 |
|     Block7_reg_r2_576_639_7_7 |    <0.001 |
|     Block7_reg_r2_64_127_0_2  |    <0.001 |
|     Block7_reg_r2_64_127_3_5  |    <0.001 |
|     Block7_reg_r2_64_127_6_6  |    <0.001 |
|     Block7_reg_r2_64_127_7_7  |    <0.001 |
|     Block8_reg_r1_0_63_0_2    |    <0.001 |
|     Block8_reg_r1_0_63_3_5    |    <0.001 |
|     Block8_reg_r1_0_63_6_6    |    <0.001 |
|     Block8_reg_r1_0_63_7_7    |    <0.001 |
|     Block8_reg_r1_128_191_0_2 |    <0.001 |
|     Block8_reg_r1_128_191_3_5 |    <0.001 |
|     Block8_reg_r1_128_191_6_6 |    <0.001 |
|     Block8_reg_r1_128_191_7_7 |    <0.001 |
|     Block8_reg_r1_192_255_0_2 |    <0.001 |
|     Block8_reg_r1_192_255_3_5 |    <0.001 |
|     Block8_reg_r1_192_255_6_6 |    <0.001 |
|     Block8_reg_r1_192_255_7_7 |    <0.001 |
|     Block8_reg_r1_256_319_0_2 |    <0.001 |
|     Block8_reg_r1_256_319_3_5 |    <0.001 |
|     Block8_reg_r1_256_319_6_6 |    <0.001 |
|     Block8_reg_r1_256_319_7_7 |    <0.001 |
|     Block8_reg_r1_320_383_0_2 |    <0.001 |
|     Block8_reg_r1_320_383_3_5 |    <0.001 |
|     Block8_reg_r1_320_383_6_6 |    <0.001 |
|     Block8_reg_r1_320_383_7_7 |    <0.001 |
|     Block8_reg_r1_384_447_0_2 |    <0.001 |
|     Block8_reg_r1_384_447_3_5 |    <0.001 |
|     Block8_reg_r1_384_447_6_6 |    <0.001 |
|     Block8_reg_r1_384_447_7_7 |    <0.001 |
|     Block8_reg_r1_448_511_0_2 |    <0.001 |
|     Block8_reg_r1_448_511_3_5 |    <0.001 |
|     Block8_reg_r1_448_511_6_6 |    <0.001 |
|     Block8_reg_r1_448_511_7_7 |    <0.001 |
|     Block8_reg_r1_512_575_0_2 |    <0.001 |
|     Block8_reg_r1_512_575_3_5 |    <0.001 |
|     Block8_reg_r1_512_575_6_6 |    <0.001 |
|     Block8_reg_r1_512_575_7_7 |    <0.001 |
|     Block8_reg_r1_576_639_0_2 |    <0.001 |
|     Block8_reg_r1_576_639_3_5 |    <0.001 |
|     Block8_reg_r1_576_639_6_6 |    <0.001 |
|     Block8_reg_r1_576_639_7_7 |    <0.001 |
|     Block8_reg_r1_64_127_0_2  |    <0.001 |
|     Block8_reg_r1_64_127_3_5  |    <0.001 |
|     Block8_reg_r1_64_127_6_6  |    <0.001 |
|     Block8_reg_r1_64_127_7_7  |    <0.001 |
|     Block8_reg_r2_0_63_0_2    |    <0.001 |
|     Block8_reg_r2_0_63_3_5    |    <0.001 |
|     Block8_reg_r2_0_63_6_6    |    <0.001 |
|     Block8_reg_r2_0_63_7_7    |    <0.001 |
|     Block8_reg_r2_128_191_0_2 |    <0.001 |
|     Block8_reg_r2_128_191_3_5 |    <0.001 |
|     Block8_reg_r2_128_191_6_6 |    <0.001 |
|     Block8_reg_r2_128_191_7_7 |    <0.001 |
|     Block8_reg_r2_192_255_0_2 |    <0.001 |
|     Block8_reg_r2_192_255_3_5 |    <0.001 |
|     Block8_reg_r2_192_255_6_6 |    <0.001 |
|     Block8_reg_r2_192_255_7_7 |    <0.001 |
|     Block8_reg_r2_256_319_0_2 |    <0.001 |
|     Block8_reg_r2_256_319_3_5 |    <0.001 |
|     Block8_reg_r2_256_319_6_6 |    <0.001 |
|     Block8_reg_r2_256_319_7_7 |    <0.001 |
|     Block8_reg_r2_320_383_0_2 |    <0.001 |
|     Block8_reg_r2_320_383_3_5 |    <0.001 |
|     Block8_reg_r2_320_383_6_6 |    <0.001 |
|     Block8_reg_r2_320_383_7_7 |    <0.001 |
|     Block8_reg_r2_384_447_0_2 |    <0.001 |
|     Block8_reg_r2_384_447_3_5 |    <0.001 |
|     Block8_reg_r2_384_447_6_6 |    <0.001 |
|     Block8_reg_r2_384_447_7_7 |    <0.001 |
|     Block8_reg_r2_448_511_0_2 |    <0.001 |
|     Block8_reg_r2_448_511_3_5 |    <0.001 |
|     Block8_reg_r2_448_511_6_6 |    <0.001 |
|     Block8_reg_r2_448_511_7_7 |    <0.001 |
|     Block8_reg_r2_512_575_0_2 |    <0.001 |
|     Block8_reg_r2_512_575_3_5 |    <0.001 |
|     Block8_reg_r2_512_575_6_6 |    <0.001 |
|     Block8_reg_r2_512_575_7_7 |    <0.001 |
|     Block8_reg_r2_576_639_0_2 |    <0.001 |
|     Block8_reg_r2_576_639_3_5 |    <0.001 |
|     Block8_reg_r2_576_639_6_6 |    <0.001 |
|     Block8_reg_r2_576_639_7_7 |    <0.001 |
|     Block8_reg_r2_64_127_0_2  |    <0.001 |
|     Block8_reg_r2_64_127_3_5  |    <0.001 |
|     Block8_reg_r2_64_127_6_6  |    <0.001 |
|     Block8_reg_r2_64_127_7_7  |    <0.001 |
|     Block9_reg_r1_0_63_0_2    |    <0.001 |
|     Block9_reg_r1_0_63_3_5    |    <0.001 |
|     Block9_reg_r1_0_63_6_6    |    <0.001 |
|     Block9_reg_r1_0_63_7_7    |    <0.001 |
|     Block9_reg_r1_128_191_0_2 |    <0.001 |
|     Block9_reg_r1_128_191_3_5 |    <0.001 |
|     Block9_reg_r1_128_191_6_6 |    <0.001 |
|     Block9_reg_r1_128_191_7_7 |    <0.001 |
|     Block9_reg_r1_192_255_0_2 |    <0.001 |
|     Block9_reg_r1_192_255_3_5 |    <0.001 |
|     Block9_reg_r1_192_255_6_6 |    <0.001 |
|     Block9_reg_r1_192_255_7_7 |    <0.001 |
|     Block9_reg_r1_256_319_0_2 |    <0.001 |
|     Block9_reg_r1_256_319_3_5 |    <0.001 |
|     Block9_reg_r1_256_319_6_6 |    <0.001 |
|     Block9_reg_r1_256_319_7_7 |    <0.001 |
|     Block9_reg_r1_320_383_0_2 |    <0.001 |
|     Block9_reg_r1_320_383_3_5 |    <0.001 |
|     Block9_reg_r1_320_383_6_6 |    <0.001 |
|     Block9_reg_r1_320_383_7_7 |    <0.001 |
|     Block9_reg_r1_384_447_0_2 |    <0.001 |
|     Block9_reg_r1_384_447_3_5 |    <0.001 |
|     Block9_reg_r1_384_447_6_6 |    <0.001 |
|     Block9_reg_r1_384_447_7_7 |    <0.001 |
|     Block9_reg_r1_448_511_0_2 |    <0.001 |
|     Block9_reg_r1_448_511_3_5 |    <0.001 |
|     Block9_reg_r1_448_511_6_6 |    <0.001 |
|     Block9_reg_r1_448_511_7_7 |    <0.001 |
|     Block9_reg_r1_512_575_0_2 |    <0.001 |
|     Block9_reg_r1_512_575_3_5 |    <0.001 |
|     Block9_reg_r1_512_575_6_6 |    <0.001 |
|     Block9_reg_r1_512_575_7_7 |    <0.001 |
|     Block9_reg_r1_576_639_0_2 |    <0.001 |
|     Block9_reg_r1_576_639_3_5 |    <0.001 |
|     Block9_reg_r1_576_639_6_6 |    <0.001 |
|     Block9_reg_r1_576_639_7_7 |    <0.001 |
|     Block9_reg_r1_64_127_0_2  |    <0.001 |
|     Block9_reg_r1_64_127_3_5  |    <0.001 |
|     Block9_reg_r1_64_127_6_6  |    <0.001 |
|     Block9_reg_r1_64_127_7_7  |    <0.001 |
|     Block9_reg_r2_0_63_0_2    |    <0.001 |
|     Block9_reg_r2_0_63_3_5    |    <0.001 |
|     Block9_reg_r2_0_63_6_6    |    <0.001 |
|     Block9_reg_r2_0_63_7_7    |    <0.001 |
|     Block9_reg_r2_128_191_0_2 |    <0.001 |
|     Block9_reg_r2_128_191_3_5 |    <0.001 |
|     Block9_reg_r2_128_191_6_6 |    <0.001 |
|     Block9_reg_r2_128_191_7_7 |    <0.001 |
|     Block9_reg_r2_192_255_0_2 |    <0.001 |
|     Block9_reg_r2_192_255_3_5 |    <0.001 |
|     Block9_reg_r2_192_255_6_6 |    <0.001 |
|     Block9_reg_r2_192_255_7_7 |    <0.001 |
|     Block9_reg_r2_256_319_0_2 |    <0.001 |
|     Block9_reg_r2_256_319_3_5 |    <0.001 |
|     Block9_reg_r2_256_319_6_6 |    <0.001 |
|     Block9_reg_r2_256_319_7_7 |    <0.001 |
|     Block9_reg_r2_320_383_0_2 |    <0.001 |
|     Block9_reg_r2_320_383_3_5 |    <0.001 |
|     Block9_reg_r2_320_383_6_6 |    <0.001 |
|     Block9_reg_r2_320_383_7_7 |    <0.001 |
|     Block9_reg_r2_384_447_0_2 |    <0.001 |
|     Block9_reg_r2_384_447_3_5 |    <0.001 |
|     Block9_reg_r2_384_447_6_6 |    <0.001 |
|     Block9_reg_r2_384_447_7_7 |    <0.001 |
|     Block9_reg_r2_448_511_0_2 |    <0.001 |
|     Block9_reg_r2_448_511_3_5 |    <0.001 |
|     Block9_reg_r2_448_511_6_6 |    <0.001 |
|     Block9_reg_r2_448_511_7_7 |    <0.001 |
|     Block9_reg_r2_512_575_0_2 |    <0.001 |
|     Block9_reg_r2_512_575_3_5 |    <0.001 |
|     Block9_reg_r2_512_575_6_6 |    <0.001 |
|     Block9_reg_r2_512_575_7_7 |    <0.001 |
|     Block9_reg_r2_576_639_0_2 |    <0.001 |
|     Block9_reg_r2_576_639_3_5 |    <0.001 |
|     Block9_reg_r2_576_639_6_6 |    <0.001 |
|     Block9_reg_r2_576_639_7_7 |    <0.001 |
|     Block9_reg_r2_64_127_0_2  |    <0.001 |
|     Block9_reg_r2_64_127_3_5  |    <0.001 |
|     Block9_reg_r2_64_127_6_6  |    <0.001 |
|     Block9_reg_r2_64_127_7_7  |    <0.001 |
|   d2                          |     0.003 |
|     VGA_Blue_Grid_reg[0]      |    <0.001 |
|     VGA_Blue_Grid_reg[1]      |    <0.001 |
|     VGA_Blue_Grid_reg[2]      |    <0.001 |
|     VGA_Blue_Grid_reg[3]      |    <0.001 |
|   d3                          |     0.147 |
|     VGA_CLK_108M              |     0.124 |
|     VGA_CONTROL               |     0.017 |
|     t1                        |     0.004 |
|       FontRom                 |     0.003 |
|     t2                        |    <0.001 |
|     t3                        |     0.002 |
|       FontRom                 |     0.002 |
|     t4                        |    <0.001 |
|   grd1                        |    <0.001 |
|     slowclk                   |    <0.001 |
|     sp1                       |     0.000 |
|       dff1                    |     0.000 |
|       dff2                    |     0.000 |
|   u1                          |    <0.001 |
|   vc1                         |    <0.001 |
|   vi1                         |    <0.001 |
+-------------------------------+-----------+


